<?xml version='1.0' encoding='UTF-8'?>
<testsuite hostname="marvin" name="TyInferTests" tests="71" errors="0" failures="0" skipped="0" time="0.095" timestamp="2025-01-08T13:07:11">
          <properties>
[...]
</properties>
          <testcase classname="TyInferTests" name="Value" time="0.043">
                      
                    </testcase><testcase classname="TyInferTests" name="Unit" time="0.0">
                      
                    </testcase><testcase classname="TyInferTests" name="Num" time="0.001">
                      
                    </testcase><testcase classname="TyInferTests" name="Plus" time="0.001">
                      
                    </testcase><testcase classname="TyInferTests" name="Minus" time="0.001">
                      
                    </testcase><testcase classname="TyInferTests" name="Times" time="0.0">
                      
                    </testcase><testcase classname="TyInferTests" name="Bool" time="0.0">
                      
                    </testcase><testcase classname="TyInferTests" name="Eq" time="0.001">
                      
                    </testcase><testcase classname="TyInferTests" name="Eq (non-equality type)" time="0.003">
                      
                    </testcase><testcase classname="TyInferTests" name="Less" time="0.001">
                      
                    </testcase><testcase classname="TyInferTests" name="IfThenElse" time="0.0">
                      
                    </testcase><testcase classname="TyInferTests" name="String" time="0.0">
                      
                    </testcase><testcase classname="TyInferTests" name="Length" time="0.0">
                      
                    </testcase><testcase classname="TyInferTests" name="Index" time="0.001">
                      
                    </testcase><testcase classname="TyInferTests" name="Concat" time="0.0">
                      
                    </testcase><testcase classname="TyInferTests" name="Var (empty environment)" time="0.0">
                      
                    </testcase><testcase classname="TyInferTests" name="Var (non-empty environment)" time="0.0">
                      
                    </testcase><testcase classname="TyInferTests" name="Let" time="0.003">
                      
                    </testcase><testcase classname="TyInferTests" name="Lambda" time="0.001">
                      
                    </testcase><testcase classname="TyInferTests" name="Apply" time="0.001">
                      
                    </testcase><testcase classname="TyInferTests" name="Apply (non-function)" time="0.001">
                      
                    </testcase><testcase classname="TyInferTests" name="Rec" time="0.0">
                      
                    </testcase><testcase classname="TyInferTests" name="Anno" time="0.0">
                      
                    </testcase><testcase classname="TyInferTests" name="Pair" time="0.001">
                      
                    </testcase><testcase classname="TyInferTests" name="First" time="0.0">
                      
                    </testcase><testcase classname="TyInferTests" name="First (non-pair)" time="0.004">
                      
                    </testcase><testcase classname="TyInferTests" name="Second" time="0.0">
                      
                    </testcase><testcase classname="TyInferTests" name="Second (non-pair)" time="0.0">
                      
                    </testcase><testcase classname="TyInferTests" name="Record" time="0.0">
                      
                    </testcase><testcase classname="TyInferTests" name="Proj" time="0.0">
                      
                    </testcase><testcase classname="TyInferTests" name="Proj (not in record)" time="0.001">
                      
                    </testcase><testcase classname="TyInferTests" name="Proj (non-record)" time="0.001">
                      
                    </testcase><testcase classname="TyInferTests" name="Variant" time="0.003">
                      
                    </testcase><testcase classname="TyInferTests" name="Case" time="0.003">
                      
                    </testcase><testcase classname="TyInferTests" name="Case (label not in case clause)" time="0.001">
                      
                    </testcase><testcase classname="TyInferTests" name="Case (label not in variant)" time="0.001">
                      
                    </testcase><testcase classname="TyInferTests" name="Case (non-variant)" time="0.001">
                      
                    </testcase><testcase classname="TyInferTests" name="Bag" time="0.001">
                      
                    </testcase><testcase classname="TyInferTests" name="Bag (empty)" time="0.002">
                      
                    </testcase><testcase classname="TyInferTests" name="FlatMap" time="0.0">
                      
                    </testcase><testcase classname="TyInferTests" name="FlatMap (flatmap mismatch)" time="0.0">
                      
                    </testcase><testcase classname="TyInferTests" name="FlatMap (expects bag)" time="0.001">
                      
                    </testcase><testcase classname="TyInferTests" name="FlatMap (expects function type)" time="0.0">
                      
                    </testcase><testcase classname="TyInferTests" name="When" time="0.0">
                      
                    </testcase><testcase classname="TyInferTests" name="When (expects bag)" time="0.001">
                      
                    </testcase><testcase classname="TyInferTests" name="Sum" time="0.001">
                      
                    </testcase><testcase classname="TyInferTests" name="Sum (expects bag type)" time="0.001">
                      
                    </testcase><testcase classname="TyInferTests" name="Diff" time="0.001">
                      
                    </testcase><testcase classname="TyInferTests" name="Diff (expects bags of equality types)" time="0.001">
                      
                    </testcase><testcase classname="TyInferTests" name="Diff (expects bag type)" time="0.0">
                      
                    </testcase><testcase classname="TyInferTests" name="Comprehension (empty)" time="0.0">
                      
                    </testcase><testcase classname="TyInferTests" name="Comprehension w/ Bind" time="0.0">
                      
                    </testcase><testcase classname="TyInferTests" name="Comprehension w/ Bind (expects bag)" time="0.0">
                      
                    </testcase><testcase classname="TyInferTests" name="Comprehension w/ Guard" time="0.0">
                      
                    </testcase><testcase classname="TyInferTests" name="Comprehension w/ CLet" time="0.001">
                      
                    </testcase><testcase classname="TyInferTests" name="Comprehension (expected comprehension clause)" time="0.0">
                      
                    </testcase><testcase classname="TyInferTests" name="Count" time="0.001">
                      
                    </testcase><testcase classname="TyInferTests" name="Count (expected equality type)" time="0.0">
                      
                    </testcase><testcase classname="TyInferTests" name="Count (expects bag)" time="0.001">
                      
                    </testcase><testcase classname="TyInferTests" name="LetPair" time="0.001">
                      
                    </testcase><testcase classname="TyInferTests" name="LetPair (expected pair)" time="0.001">
                      
                    </testcase><testcase classname="TyInferTests" name="LetFun" time="0.001">
                      
                    </testcase><testcase classname="TyInferTests" name="LetFun (expected function type)" time="0.0">
                      
                    </testcase><testcase classname="TyInferTests" name="LetRec" time="0.001">
                      
                    </testcase><testcase classname="TyInferTests" name="LetRec (expected function type)" time="0.001">
                      
                    </testcase><testcase classname="TyInferTests" name="LetRecord" time="0.001">
                      
                    </testcase><testcase classname="TyInferTests" name="LetRecord (label not found in record type)" time="0.0">
                      
                    </testcase><testcase classname="TyInferTests" name="LetRecord (expected record)" time="0.001">
                      
                    </testcase><testcase classname="TyInferTests" name="Bind" time="0.001">
                      
                    </testcase><testcase classname="TyInferTests" name="Guard" time="0.001">
                      
                    </testcase><testcase classname="TyInferTests" name="CLet" time="0.0">
                      
                    </testcase>
          <system-out><![CDATA[]]></system-out>
          <system-err><![CDATA[]]></system-err>
        </testsuite>