<?xml version='1.0' encoding='UTF-8'?>
<testsuite hostname="marvin" name="SubtypeTests" tests="24" errors="0" failures="4" skipped="0" time="0.016" timestamp="2025-01-08T14:06:20">
          <properties>
      <property name="awt.toolkit" value="sun.awt.X11.XToolkit"/><property name="java.specification.version" value="11"/><property name="sun.cpu.isalist" value=""/><property name="sun.jnu.encoding" value="UTF-8"/><property name="sun.arch.data.model" value="64"/><property name="java.vendor.url" value="https://adoptium.net/"/><property name="sun.boot.library.path" value="/home/h00pyfr00d/.cache/coursier/arc/https/github.com/adoptium/temurin11-binaries/releases/download/jdk-11.0.24%252B8/OpenJDK11U-jdk_x64_linux_hotspot_11.0.24_8.tar.gz/jdk-11.0.24+8/lib"/><property name="sun.java.command" value="/home/h00pyfr00d/.cache/coursier/arc/https/github.com/sbt/sbt/releases/download/v1.10.6/sbt-1.10.6.zip/sbt/bin/sbt-launch.jar clean coverage test coverageReport"/><property name="jdk.debug" value="release"/><property name="java.specification.vendor" value="Oracle Corporation"/><property name="java.version.date" value="2024-07-16"/><property name="java.home" value="/home/h00pyfr00d/.cache/coursier/arc/https/github.com/adoptium/temurin11-binaries/releases/download/jdk-11.0.24%252B8/OpenJDK11U-jdk_x64_linux_hotspot_11.0.24_8.tar.gz/jdk-11.0.24+8"/><property name="file.separator" value="/"/><property name="java.vm.compressedOopsMode" value="32-bit"/><property name="line.separator" value="
"/><property name="java.specification.name" value="Java Platform API Specification"/><property name="java.vm.specification.vendor" value="Oracle Corporation"/><property name="sun.management.compiler" value="HotSpot 64-Bit Tiered Compilers"/><property name="java.runtime.version" value="11.0.24+8"/><property name="user.name" value="h00pyfr00d"/><property name="log4j.ignoreTCL" value="true"/><property name="file.encoding" value="UTF-8"/><property name="jnidispatch.path" value="/home/h00pyfr00d/.cache/JNA/temp/jna9032012590144905240.tmp"/><property name="java.vendor.version" value="Temurin-11.0.24+8"/><property name="jna.loaded" value="true"/><property name="java.io.tmpdir" value="/tmp"/><property name="java.version" value="11.0.24"/><property name="java.vm.specification.name" value="Java Virtual Machine Specification"/><property name="java.awt.printerjob" value="sun.print.PSPrinterJob"/><property name="sun.os.patch.level" value="unknown"/><property name="java.library.path" value="/usr/java/packages/lib:/usr/lib64:/lib64:/lib:/usr/lib"/><property name="java.vendor" value="Eclipse Adoptium"/><property name="java.specification.maintenance.version" value="2"/><property name="scala.ext.dirs" value="/home/h00pyfr00d/.sbt/1.0/java9-rt-ext-eclipse_adoptium_11_0_24"/><property name="sun.io.unicode.encoding" value="UnicodeLittle"/><property name="sun.desktop" value="gnome"/><property name="java.class.path" value="/home/h00pyfr00d/.cache/coursier/arc/https/github.com/sbt/sbt/releases/download/v1.10.6/sbt-1.10.6.zip/sbt/bin/sbt-launch.jar"/><property name="java.vm.vendor" value="Eclipse Adoptium"/><property name="jline.shutdownhook" value="false"/><property name="user.timezone" value="Europe/London"/><property name="os.name" value="Linux"/><property name="java.vm.specification.version" value="11"/><property name="sun.java.launcher" value="SUN_STANDARD"/><property name="user.country" value="GB"/><property name="sun.cpu.endian" value="little"/><property name="user.home" value="/home/h00pyfr00d"/><property name="user.language" value="en"/><property name="sbt.script" value="/home/h00pyfr00d/.cache/coursier/arc/https/github.com/sbt/sbt/releases/download/v1.10.6/sbt-1.10.6.zip/sbt/bin/sbt"/><property name="sbt.ipcsocket.tmpdir" value="/run/user/1000/.sbte566036d/ipcsocket"/><property name="swoval.tmpdir" value="/run/user/1000/.sbte566036d/swoval"/><property name="java.awt.graphicsenv" value="sun.awt.X11GraphicsEnvironment"/><property name="jline.esc.timeout" value="0"/><property name="path.separator" value=":"/><property name="os.version" value="6.8.0-51-generic"/><property name="jna.nosys" value="true"/><property name="java.runtime.name" value="OpenJDK Runtime Environment"/><property name="java.vm.name" value="OpenJDK 64-Bit Server VM"/><property name="jna.platform.library.path" value="/usr/lib/x86_64-linux-gnu:/lib/x86_64-linux-gnu:/usr/lib64:/lib64:/usr/lib:/lib:/lib/i386-linux-gnu:/usr/lib/x86_64-linux-gnu/libfakeroot"/><property name="java.vendor.url.bug" value="https://github.com/adoptium/adoptium-support/issues"/><property name="user.dir" value="/home/h00pyfr00d/Documents/software-testing"/><property name="os.arch" value="amd64"/><property name="java.vm.info" value="mixed mode"/><property name="java.vm.version" value="11.0.24+8"/><property name="java.class.version" value="55.0"/>
    </properties>
          <testcase classname="SubtypeTests" name="Unit &lt;: Unit" time="0.0">
                      
                    </testcase><testcase classname="SubtypeTests" name="Unit !&lt;: Non-Unit" time="0.001">
                      
                    </testcase><testcase classname="SubtypeTests" name="Int &lt;: Int" time="0.0">
                      
                    </testcase><testcase classname="SubtypeTests" name="Int !&lt;: Non-Int" time="0.001">
                      
                    </testcase><testcase classname="SubtypeTests" name="Bool &lt;: Bool" time="0.0">
                      
                    </testcase><testcase classname="SubtypeTests" name="Bool !&lt;: Non-Bool" time="0.001">
                      
                    </testcase><testcase classname="SubtypeTests" name="String &lt;: String" time="0.0">
                      
                    </testcase><testcase classname="SubtypeTests" name="String !&lt;: Non-String" time="0.001">
                      
                    </testcase><testcase classname="SubtypeTests" name="Pair &lt;: Pair" time="0.0">
                      
                    </testcase><testcase classname="SubtypeTests" name="Pair !&lt;: Non-Pair" time="0.001">
                      
                    </testcase><testcase classname="SubtypeTests" name="Function &lt;: Function" time="0.0">
                      
                    </testcase><testcase classname="SubtypeTests" name="Function !&lt;: Non-Function" time="0.001">
                      
                    </testcase><testcase classname="SubtypeTests" name="Record &lt;: Record - Same" time="0.0">
                      
                    </testcase><testcase classname="SubtypeTests" name="Record &lt;: Record - Different Order" time="0.0">
                      
                    </testcase><testcase classname="SubtypeTests" name="Record &lt;: Smaller Record" time="0.004">
                      <failure message="FrogInterpreter.Typer.subtype(FrogInterpreter.Syntax.TyRecord.apply(scala.collection.immutable.ListMap.apply[java.lang.String, FrogInterpreter.Syntax.TyInt.type](scala.Predef.ArrowAssoc[java.lang.String](&quot;foo&quot;).-&gt;[FrogInterpreter.Syntax.TyInt.type](FrogInterpreter.Syntax.TyInt), scala.Predef.ArrowAssoc[java.lang.String](&quot;bar&quot;).-&gt;[FrogInterpreter.Syntax.TyInt.type](FrogInterpreter.Syntax.TyInt))), FrogInterpreter.Syntax.TyRecord.apply(scala.collection.immutable.ListMap.apply[java.lang.String, FrogInterpreter.Syntax.TyInt.type](scala.Predef.ArrowAssoc[java.lang.String](&quot;foo&quot;).-&gt;[FrogInterpreter.Syntax.TyInt.type](FrogInterpreter.Syntax.TyInt)))) was false" type="org.scalatest.exceptions.TestFailedException">org.scalatest.exceptions.TestFailedException: FrogInterpreter.Typer.subtype(FrogInterpreter.Syntax.TyRecord.apply(scala.collection.immutable.ListMap.apply[java.lang.String, FrogInterpreter.Syntax.TyInt.type](scala.Predef.ArrowAssoc[java.lang.String](&quot;foo&quot;).-&gt;[FrogInterpreter.Syntax.TyInt.type](FrogInterpreter.Syntax.TyInt), scala.Predef.ArrowAssoc[java.lang.String](&quot;bar&quot;).-&gt;[FrogInterpreter.Syntax.TyInt.type](FrogInterpreter.Syntax.TyInt))), FrogInterpreter.Syntax.TyRecord.apply(scala.collection.immutable.ListMap.apply[java.lang.String, FrogInterpreter.Syntax.TyInt.type](scala.Predef.ArrowAssoc[java.lang.String](&quot;foo&quot;).-&gt;[FrogInterpreter.Syntax.TyInt.type](FrogInterpreter.Syntax.TyInt)))) was false
	at org.scalatest.Assertions.newAssertionFailedException(Assertions.scala:476)
	at org.scalatest.Assertions.newAssertionFailedException$(Assertions.scala:421)
	at org.scalatest.Assertions$.newAssertionFailedException(Assertions.scala:1385)
	at org.scalatest.Assertions$AssertionsHelper.macroAssert(Assertions.scala:1460)
	at SubtypeTests.testFun$proxy285$1(Tests.scala:1764)
	at SubtypeTests.$init$$$anonfun$286(Tests.scala:1763)
	at org.scalatest.Transformer.apply$$anonfun$1(Transformer.scala:22)
	at org.scalatest.OutcomeOf.outcomeOf(OutcomeOf.scala:85)
	at org.scalatest.OutcomeOf.outcomeOf$(OutcomeOf.scala:31)
	at org.scalatest.OutcomeOf$.outcomeOf(OutcomeOf.scala:104)
	at org.scalatest.Transformer.apply(Transformer.scala:22)
	at org.scalatest.Transformer.apply(Transformer.scala:21)
	at org.scalatest.funsuite.AnyFunSuiteLike$$anon$1.apply(AnyFunSuiteLike.scala:206)
	at org.scalatest.TestSuite.withFixture(TestSuite.scala:196)
	at org.scalatest.TestSuite.withFixture$(TestSuite.scala:138)
	at org.scalatest.funsuite.AnyFunSuite.withFixture(AnyFunSuite.scala:1563)
	at org.scalatest.funsuite.AnyFunSuiteLike.invokeWithFixture$1(AnyFunSuiteLike.scala:212)
	at org.scalatest.funsuite.AnyFunSuiteLike.runTest$$anonfun$1(AnyFunSuiteLike.scala:216)
	at org.scalatest.SuperEngine.runTestImpl(Engine.scala:306)
	at org.scalatest.funsuite.AnyFunSuiteLike.runTest(AnyFunSuiteLike.scala:216)
	at org.scalatest.funsuite.AnyFunSuiteLike.runTest$(AnyFunSuiteLike.scala:47)
	at org.scalatest.funsuite.AnyFunSuite.runTest(AnyFunSuite.scala:1563)
	at org.scalatest.funsuite.AnyFunSuiteLike.runTests$$anonfun$1(AnyFunSuiteLike.scala:249)
	at org.scalatest.SuperEngine.traverseSubNodes$1$$anonfun$1(Engine.scala:413)
	at scala.runtime.function.JProcedure1.apply(JProcedure1.java:15)
	at scala.runtime.function.JProcedure1.apply(JProcedure1.java:10)
	at scala.collection.immutable.List.foreach(List.scala:334)
	at org.scalatest.SuperEngine.traverseSubNodes$1(Engine.scala:429)
	at org.scalatest.SuperEngine.runTestsInBranch(Engine.scala:396)
	at org.scalatest.SuperEngine.runTestsImpl(Engine.scala:475)
	at org.scalatest.funsuite.AnyFunSuiteLike.runTests(AnyFunSuiteLike.scala:249)
	at org.scalatest.funsuite.AnyFunSuiteLike.runTests$(AnyFunSuiteLike.scala:47)
	at org.scalatest.funsuite.AnyFunSuite.runTests(AnyFunSuite.scala:1563)
	at org.scalatest.Suite.run(Suite.scala:1114)
	at org.scalatest.Suite.run$(Suite.scala:564)
	at org.scalatest.funsuite.AnyFunSuite.org$scalatest$funsuite$AnyFunSuiteLike$$super$run(AnyFunSuite.scala:1563)
	at org.scalatest.funsuite.AnyFunSuiteLike.run$$anonfun$1(AnyFunSuiteLike.scala:253)
	at org.scalatest.SuperEngine.runImpl(Engine.scala:535)
	at org.scalatest.funsuite.AnyFunSuiteLike.run(AnyFunSuiteLike.scala:253)
	at org.scalatest.funsuite.AnyFunSuiteLike.run$(AnyFunSuiteLike.scala:47)
	at org.scalatest.funsuite.AnyFunSuite.run(AnyFunSuite.scala:1563)
	at org.scalatest.tools.Framework.org$scalatest$tools$Framework$$runSuite(Framework.scala:321)
	at org.scalatest.tools.Framework$ScalaTestTask.execute(Framework.scala:517)
	at sbt.TestRunner.runTest$1(TestFramework.scala:153)
	at sbt.TestRunner.run(TestFramework.scala:168)
	at sbt.TestFramework$$anon$3$$anonfun$$lessinit$greater$1.$anonfun$apply$1(TestFramework.scala:336)
	at sbt.TestFramework$.sbt$TestFramework$$withContextLoader(TestFramework.scala:296)
	at sbt.TestFramework$$anon$3$$anonfun$$lessinit$greater$1.apply(TestFramework.scala:336)
	at sbt.TestFramework$$anon$3$$anonfun$$lessinit$greater$1.apply(TestFramework.scala:336)
	at sbt.TestFunction.apply(TestFramework.scala:348)
	at sbt.Tests$.$anonfun$toTask$1(Tests.scala:436)
	at sbt.std.Transform$$anon$3.$anonfun$apply$2(Transform.scala:47)
	at sbt.std.Transform$$anon$4.work(Transform.scala:69)
	at sbt.Execute.$anonfun$submit$2(Execute.scala:283)
	at sbt.internal.util.ErrorHandling$.wideConvert(ErrorHandling.scala:24)
	at sbt.Execute.work(Execute.scala:292)
	at sbt.Execute.$anonfun$submit$1(Execute.scala:283)
	at sbt.ConcurrentRestrictions$$anon$4.$anonfun$submitValid$1(ConcurrentRestrictions.scala:265)
	at sbt.CompletionService$$anon$2.call(CompletionService.scala:65)
	at java.base/java.util.concurrent.FutureTask.run(FutureTask.java:264)
	at java.base/java.util.concurrent.Executors$RunnableAdapter.call(Executors.java:515)
	at java.base/java.util.concurrent.FutureTask.run(FutureTask.java:264)
	at java.base/java.util.concurrent.ThreadPoolExecutor.runWorker(ThreadPoolExecutor.java:1128)
	at java.base/java.util.concurrent.ThreadPoolExecutor$Worker.run(ThreadPoolExecutor.java:628)
	at java.base/java.lang.Thread.run(Thread.java:829)
</failure>
                    </testcase><testcase classname="SubtypeTests" name="Record !&lt;: Bigger Record" time="0.003">
                      <failure message="FrogInterpreter.Typer.subtype(FrogInterpreter.Syntax.TyRecord.apply(scala.collection.immutable.ListMap.apply[java.lang.String, FrogInterpreter.Syntax.TyInt.type](scala.Predef.ArrowAssoc[java.lang.String](&quot;foo&quot;).-&gt;[FrogInterpreter.Syntax.TyInt.type](FrogInterpreter.Syntax.TyInt), scala.Predef.ArrowAssoc[java.lang.String](&quot;bar&quot;).-&gt;[FrogInterpreter.Syntax.TyInt.type](FrogInterpreter.Syntax.TyInt))), FrogInterpreter.Syntax.TyRecord.apply(scala.collection.immutable.ListMap.apply[java.lang.String, FrogInterpreter.Syntax.TyInt.type](scala.Predef.ArrowAssoc[java.lang.String](&quot;foo&quot;).-&gt;[FrogInterpreter.Syntax.TyInt.type](FrogInterpreter.Syntax.TyInt), scala.Predef.ArrowAssoc[java.lang.String](&quot;bar&quot;).-&gt;[FrogInterpreter.Syntax.TyInt.type](FrogInterpreter.Syntax.TyInt), scala.Predef.ArrowAssoc[java.lang.String](&quot;baz&quot;).-&gt;[FrogInterpreter.Syntax.TyInt.type](FrogInterpreter.Syntax.TyInt)))) was true" type="org.scalatest.exceptions.TestFailedException">org.scalatest.exceptions.TestFailedException: FrogInterpreter.Typer.subtype(FrogInterpreter.Syntax.TyRecord.apply(scala.collection.immutable.ListMap.apply[java.lang.String, FrogInterpreter.Syntax.TyInt.type](scala.Predef.ArrowAssoc[java.lang.String](&quot;foo&quot;).-&gt;[FrogInterpreter.Syntax.TyInt.type](FrogInterpreter.Syntax.TyInt), scala.Predef.ArrowAssoc[java.lang.String](&quot;bar&quot;).-&gt;[FrogInterpreter.Syntax.TyInt.type](FrogInterpreter.Syntax.TyInt))), FrogInterpreter.Syntax.TyRecord.apply(scala.collection.immutable.ListMap.apply[java.lang.String, FrogInterpreter.Syntax.TyInt.type](scala.Predef.ArrowAssoc[java.lang.String](&quot;foo&quot;).-&gt;[FrogInterpreter.Syntax.TyInt.type](FrogInterpreter.Syntax.TyInt), scala.Predef.ArrowAssoc[java.lang.String](&quot;bar&quot;).-&gt;[FrogInterpreter.Syntax.TyInt.type](FrogInterpreter.Syntax.TyInt), scala.Predef.ArrowAssoc[java.lang.String](&quot;baz&quot;).-&gt;[FrogInterpreter.Syntax.TyInt.type](FrogInterpreter.Syntax.TyInt)))) was true
	at org.scalatest.Assertions.newAssertionFailedException(Assertions.scala:476)
	at org.scalatest.Assertions.newAssertionFailedException$(Assertions.scala:421)
	at org.scalatest.Assertions$.newAssertionFailedException(Assertions.scala:1385)
	at org.scalatest.Assertions$AssertionsHelper.macroAssert(Assertions.scala:1460)
	at SubtypeTests.testFun$proxy286$1(Tests.scala:1768)
	at SubtypeTests.$init$$$anonfun$287(Tests.scala:1767)
	at org.scalatest.Transformer.apply$$anonfun$1(Transformer.scala:22)
	at org.scalatest.OutcomeOf.outcomeOf(OutcomeOf.scala:85)
	at org.scalatest.OutcomeOf.outcomeOf$(OutcomeOf.scala:31)
	at org.scalatest.OutcomeOf$.outcomeOf(OutcomeOf.scala:104)
	at org.scalatest.Transformer.apply(Transformer.scala:22)
	at org.scalatest.Transformer.apply(Transformer.scala:21)
	at org.scalatest.funsuite.AnyFunSuiteLike$$anon$1.apply(AnyFunSuiteLike.scala:206)
	at org.scalatest.TestSuite.withFixture(TestSuite.scala:196)
	at org.scalatest.TestSuite.withFixture$(TestSuite.scala:138)
	at org.scalatest.funsuite.AnyFunSuite.withFixture(AnyFunSuite.scala:1563)
	at org.scalatest.funsuite.AnyFunSuiteLike.invokeWithFixture$1(AnyFunSuiteLike.scala:212)
	at org.scalatest.funsuite.AnyFunSuiteLike.runTest$$anonfun$1(AnyFunSuiteLike.scala:216)
	at org.scalatest.SuperEngine.runTestImpl(Engine.scala:306)
	at org.scalatest.funsuite.AnyFunSuiteLike.runTest(AnyFunSuiteLike.scala:216)
	at org.scalatest.funsuite.AnyFunSuiteLike.runTest$(AnyFunSuiteLike.scala:47)
	at org.scalatest.funsuite.AnyFunSuite.runTest(AnyFunSuite.scala:1563)
	at org.scalatest.funsuite.AnyFunSuiteLike.runTests$$anonfun$1(AnyFunSuiteLike.scala:249)
	at org.scalatest.SuperEngine.traverseSubNodes$1$$anonfun$1(Engine.scala:413)
	at scala.runtime.function.JProcedure1.apply(JProcedure1.java:15)
	at scala.runtime.function.JProcedure1.apply(JProcedure1.java:10)
	at scala.collection.immutable.List.foreach(List.scala:334)
	at org.scalatest.SuperEngine.traverseSubNodes$1(Engine.scala:429)
	at org.scalatest.SuperEngine.runTestsInBranch(Engine.scala:396)
	at org.scalatest.SuperEngine.runTestsImpl(Engine.scala:475)
	at org.scalatest.funsuite.AnyFunSuiteLike.runTests(AnyFunSuiteLike.scala:249)
	at org.scalatest.funsuite.AnyFunSuiteLike.runTests$(AnyFunSuiteLike.scala:47)
	at org.scalatest.funsuite.AnyFunSuite.runTests(AnyFunSuite.scala:1563)
	at org.scalatest.Suite.run(Suite.scala:1114)
	at org.scalatest.Suite.run$(Suite.scala:564)
	at org.scalatest.funsuite.AnyFunSuite.org$scalatest$funsuite$AnyFunSuiteLike$$super$run(AnyFunSuite.scala:1563)
	at org.scalatest.funsuite.AnyFunSuiteLike.run$$anonfun$1(AnyFunSuiteLike.scala:253)
	at org.scalatest.SuperEngine.runImpl(Engine.scala:535)
	at org.scalatest.funsuite.AnyFunSuiteLike.run(AnyFunSuiteLike.scala:253)
	at org.scalatest.funsuite.AnyFunSuiteLike.run$(AnyFunSuiteLike.scala:47)
	at org.scalatest.funsuite.AnyFunSuite.run(AnyFunSuite.scala:1563)
	at org.scalatest.tools.Framework.org$scalatest$tools$Framework$$runSuite(Framework.scala:321)
	at org.scalatest.tools.Framework$ScalaTestTask.execute(Framework.scala:517)
	at sbt.TestRunner.runTest$1(TestFramework.scala:153)
	at sbt.TestRunner.run(TestFramework.scala:168)
	at sbt.TestFramework$$anon$3$$anonfun$$lessinit$greater$1.$anonfun$apply$1(TestFramework.scala:336)
	at sbt.TestFramework$.sbt$TestFramework$$withContextLoader(TestFramework.scala:296)
	at sbt.TestFramework$$anon$3$$anonfun$$lessinit$greater$1.apply(TestFramework.scala:336)
	at sbt.TestFramework$$anon$3$$anonfun$$lessinit$greater$1.apply(TestFramework.scala:336)
	at sbt.TestFunction.apply(TestFramework.scala:348)
	at sbt.Tests$.$anonfun$toTask$1(Tests.scala:436)
	at sbt.std.Transform$$anon$3.$anonfun$apply$2(Transform.scala:47)
	at sbt.std.Transform$$anon$4.work(Transform.scala:69)
	at sbt.Execute.$anonfun$submit$2(Execute.scala:283)
	at sbt.internal.util.ErrorHandling$.wideConvert(ErrorHandling.scala:24)
	at sbt.Execute.work(Execute.scala:292)
	at sbt.Execute.$anonfun$submit$1(Execute.scala:283)
	at sbt.ConcurrentRestrictions$$anon$4.$anonfun$submitValid$1(ConcurrentRestrictions.scala:265)
	at sbt.CompletionService$$anon$2.call(CompletionService.scala:65)
	at java.base/java.util.concurrent.FutureTask.run(FutureTask.java:264)
	at java.base/java.util.concurrent.Executors$RunnableAdapter.call(Executors.java:515)
	at java.base/java.util.concurrent.FutureTask.run(FutureTask.java:264)
	at java.base/java.util.concurrent.ThreadPoolExecutor.runWorker(ThreadPoolExecutor.java:1128)
	at java.base/java.util.concurrent.ThreadPoolExecutor$Worker.run(ThreadPoolExecutor.java:628)
	at java.base/java.lang.Thread.run(Thread.java:829)
</failure>
                    </testcase><testcase classname="SubtypeTests" name="Record !&lt;: Non-Record" time="0.0">
                      
                    </testcase><testcase classname="SubtypeTests" name="Variant &lt;: Variant - Same" time="0.001">
                      
                    </testcase><testcase classname="SubtypeTests" name="Variant &lt;: Variant - Different Order" time="0.0">
                      
                    </testcase><testcase classname="SubtypeTests" name="Variant &lt;: Smaller Variant" time="0.001">
                      <failure message="FrogInterpreter.Typer.subtype(FrogInterpreter.Syntax.TyVariant.apply(scala.collection.immutable.ListMap.apply[java.lang.String, FrogInterpreter.Syntax.TyInt.type](scala.Predef.ArrowAssoc[java.lang.String](&quot;foo&quot;).-&gt;[FrogInterpreter.Syntax.TyInt.type](FrogInterpreter.Syntax.TyInt), scala.Predef.ArrowAssoc[java.lang.String](&quot;bar&quot;).-&gt;[FrogInterpreter.Syntax.TyInt.type](FrogInterpreter.Syntax.TyInt))), FrogInterpreter.Syntax.TyVariant.apply(scala.collection.immutable.ListMap.apply[java.lang.String, FrogInterpreter.Syntax.TyInt.type](scala.Predef.ArrowAssoc[java.lang.String](&quot;foo&quot;).-&gt;[FrogInterpreter.Syntax.TyInt.type](FrogInterpreter.Syntax.TyInt), scala.Predef.ArrowAssoc[java.lang.String](&quot;bar&quot;).-&gt;[FrogInterpreter.Syntax.TyInt.type](FrogInterpreter.Syntax.TyInt), scala.Predef.ArrowAssoc[java.lang.String](&quot;baz&quot;).-&gt;[FrogInterpreter.Syntax.TyInt.type](FrogInterpreter.Syntax.TyInt)))) was false" type="org.scalatest.exceptions.TestFailedException">org.scalatest.exceptions.TestFailedException: FrogInterpreter.Typer.subtype(FrogInterpreter.Syntax.TyVariant.apply(scala.collection.immutable.ListMap.apply[java.lang.String, FrogInterpreter.Syntax.TyInt.type](scala.Predef.ArrowAssoc[java.lang.String](&quot;foo&quot;).-&gt;[FrogInterpreter.Syntax.TyInt.type](FrogInterpreter.Syntax.TyInt), scala.Predef.ArrowAssoc[java.lang.String](&quot;bar&quot;).-&gt;[FrogInterpreter.Syntax.TyInt.type](FrogInterpreter.Syntax.TyInt))), FrogInterpreter.Syntax.TyVariant.apply(scala.collection.immutable.ListMap.apply[java.lang.String, FrogInterpreter.Syntax.TyInt.type](scala.Predef.ArrowAssoc[java.lang.String](&quot;foo&quot;).-&gt;[FrogInterpreter.Syntax.TyInt.type](FrogInterpreter.Syntax.TyInt), scala.Predef.ArrowAssoc[java.lang.String](&quot;bar&quot;).-&gt;[FrogInterpreter.Syntax.TyInt.type](FrogInterpreter.Syntax.TyInt), scala.Predef.ArrowAssoc[java.lang.String](&quot;baz&quot;).-&gt;[FrogInterpreter.Syntax.TyInt.type](FrogInterpreter.Syntax.TyInt)))) was false
	at org.scalatest.Assertions.newAssertionFailedException(Assertions.scala:476)
	at org.scalatest.Assertions.newAssertionFailedException$(Assertions.scala:421)
	at org.scalatest.Assertions$.newAssertionFailedException(Assertions.scala:1385)
	at org.scalatest.Assertions$AssertionsHelper.macroAssert(Assertions.scala:1460)
	at SubtypeTests.testFun$proxy290$1(Tests.scala:1791)
	at SubtypeTests.$init$$$anonfun$291(Tests.scala:1790)
	at org.scalatest.Transformer.apply$$anonfun$1(Transformer.scala:22)
	at org.scalatest.OutcomeOf.outcomeOf(OutcomeOf.scala:85)
	at org.scalatest.OutcomeOf.outcomeOf$(OutcomeOf.scala:31)
	at org.scalatest.OutcomeOf$.outcomeOf(OutcomeOf.scala:104)
	at org.scalatest.Transformer.apply(Transformer.scala:22)
	at org.scalatest.Transformer.apply(Transformer.scala:21)
	at org.scalatest.funsuite.AnyFunSuiteLike$$anon$1.apply(AnyFunSuiteLike.scala:206)
	at org.scalatest.TestSuite.withFixture(TestSuite.scala:196)
	at org.scalatest.TestSuite.withFixture$(TestSuite.scala:138)
	at org.scalatest.funsuite.AnyFunSuite.withFixture(AnyFunSuite.scala:1563)
	at org.scalatest.funsuite.AnyFunSuiteLike.invokeWithFixture$1(AnyFunSuiteLike.scala:212)
	at org.scalatest.funsuite.AnyFunSuiteLike.runTest$$anonfun$1(AnyFunSuiteLike.scala:216)
	at org.scalatest.SuperEngine.runTestImpl(Engine.scala:306)
	at org.scalatest.funsuite.AnyFunSuiteLike.runTest(AnyFunSuiteLike.scala:216)
	at org.scalatest.funsuite.AnyFunSuiteLike.runTest$(AnyFunSuiteLike.scala:47)
	at org.scalatest.funsuite.AnyFunSuite.runTest(AnyFunSuite.scala:1563)
	at org.scalatest.funsuite.AnyFunSuiteLike.runTests$$anonfun$1(AnyFunSuiteLike.scala:249)
	at org.scalatest.SuperEngine.traverseSubNodes$1$$anonfun$1(Engine.scala:413)
	at scala.runtime.function.JProcedure1.apply(JProcedure1.java:15)
	at scala.runtime.function.JProcedure1.apply(JProcedure1.java:10)
	at scala.collection.immutable.List.foreach(List.scala:334)
	at org.scalatest.SuperEngine.traverseSubNodes$1(Engine.scala:429)
	at org.scalatest.SuperEngine.runTestsInBranch(Engine.scala:396)
	at org.scalatest.SuperEngine.runTestsImpl(Engine.scala:475)
	at org.scalatest.funsuite.AnyFunSuiteLike.runTests(AnyFunSuiteLike.scala:249)
	at org.scalatest.funsuite.AnyFunSuiteLike.runTests$(AnyFunSuiteLike.scala:47)
	at org.scalatest.funsuite.AnyFunSuite.runTests(AnyFunSuite.scala:1563)
	at org.scalatest.Suite.run(Suite.scala:1114)
	at org.scalatest.Suite.run$(Suite.scala:564)
	at org.scalatest.funsuite.AnyFunSuite.org$scalatest$funsuite$AnyFunSuiteLike$$super$run(AnyFunSuite.scala:1563)
	at org.scalatest.funsuite.AnyFunSuiteLike.run$$anonfun$1(AnyFunSuiteLike.scala:253)
	at org.scalatest.SuperEngine.runImpl(Engine.scala:535)
	at org.scalatest.funsuite.AnyFunSuiteLike.run(AnyFunSuiteLike.scala:253)
	at org.scalatest.funsuite.AnyFunSuiteLike.run$(AnyFunSuiteLike.scala:47)
	at org.scalatest.funsuite.AnyFunSuite.run(AnyFunSuite.scala:1563)
	at org.scalatest.tools.Framework.org$scalatest$tools$Framework$$runSuite(Framework.scala:321)
	at org.scalatest.tools.Framework$ScalaTestTask.execute(Framework.scala:517)
	at sbt.TestRunner.runTest$1(TestFramework.scala:153)
	at sbt.TestRunner.run(TestFramework.scala:168)
	at sbt.TestFramework$$anon$3$$anonfun$$lessinit$greater$1.$anonfun$apply$1(TestFramework.scala:336)
	at sbt.TestFramework$.sbt$TestFramework$$withContextLoader(TestFramework.scala:296)
	at sbt.TestFramework$$anon$3$$anonfun$$lessinit$greater$1.apply(TestFramework.scala:336)
	at sbt.TestFramework$$anon$3$$anonfun$$lessinit$greater$1.apply(TestFramework.scala:336)
	at sbt.TestFunction.apply(TestFramework.scala:348)
	at sbt.Tests$.$anonfun$toTask$1(Tests.scala:436)
	at sbt.std.Transform$$anon$3.$anonfun$apply$2(Transform.scala:47)
	at sbt.std.Transform$$anon$4.work(Transform.scala:69)
	at sbt.Execute.$anonfun$submit$2(Execute.scala:283)
	at sbt.internal.util.ErrorHandling$.wideConvert(ErrorHandling.scala:24)
	at sbt.Execute.work(Execute.scala:292)
	at sbt.Execute.$anonfun$submit$1(Execute.scala:283)
	at sbt.ConcurrentRestrictions$$anon$4.$anonfun$submitValid$1(ConcurrentRestrictions.scala:265)
	at sbt.CompletionService$$anon$2.call(CompletionService.scala:65)
	at java.base/java.util.concurrent.FutureTask.run(FutureTask.java:264)
	at java.base/java.util.concurrent.Executors$RunnableAdapter.call(Executors.java:515)
	at java.base/java.util.concurrent.FutureTask.run(FutureTask.java:264)
	at java.base/java.util.concurrent.ThreadPoolExecutor.runWorker(ThreadPoolExecutor.java:1128)
	at java.base/java.util.concurrent.ThreadPoolExecutor$Worker.run(ThreadPoolExecutor.java:628)
	at java.base/java.lang.Thread.run(Thread.java:829)
</failure>
                    </testcase><testcase classname="SubtypeTests" name="Variant !&lt;: Bigger Variant" time="0.0">
                      <failure message="FrogInterpreter.Typer.subtype(FrogInterpreter.Syntax.TyVariant.apply(scala.collection.immutable.ListMap.apply[java.lang.String, FrogInterpreter.Syntax.TyInt.type](scala.Predef.ArrowAssoc[java.lang.String](&quot;foo&quot;).-&gt;[FrogInterpreter.Syntax.TyInt.type](FrogInterpreter.Syntax.TyInt), scala.Predef.ArrowAssoc[java.lang.String](&quot;bar&quot;).-&gt;[FrogInterpreter.Syntax.TyInt.type](FrogInterpreter.Syntax.TyInt))), FrogInterpreter.Syntax.TyVariant.apply(scala.collection.immutable.ListMap.apply[java.lang.String, FrogInterpreter.Syntax.TyInt.type](scala.Predef.ArrowAssoc[java.lang.String](&quot;foo&quot;).-&gt;[FrogInterpreter.Syntax.TyInt.type](FrogInterpreter.Syntax.TyInt)))) was true" type="org.scalatest.exceptions.TestFailedException">org.scalatest.exceptions.TestFailedException: FrogInterpreter.Typer.subtype(FrogInterpreter.Syntax.TyVariant.apply(scala.collection.immutable.ListMap.apply[java.lang.String, FrogInterpreter.Syntax.TyInt.type](scala.Predef.ArrowAssoc[java.lang.String](&quot;foo&quot;).-&gt;[FrogInterpreter.Syntax.TyInt.type](FrogInterpreter.Syntax.TyInt), scala.Predef.ArrowAssoc[java.lang.String](&quot;bar&quot;).-&gt;[FrogInterpreter.Syntax.TyInt.type](FrogInterpreter.Syntax.TyInt))), FrogInterpreter.Syntax.TyVariant.apply(scala.collection.immutable.ListMap.apply[java.lang.String, FrogInterpreter.Syntax.TyInt.type](scala.Predef.ArrowAssoc[java.lang.String](&quot;foo&quot;).-&gt;[FrogInterpreter.Syntax.TyInt.type](FrogInterpreter.Syntax.TyInt)))) was true
	at org.scalatest.Assertions.newAssertionFailedException(Assertions.scala:476)
	at org.scalatest.Assertions.newAssertionFailedException$(Assertions.scala:421)
	at org.scalatest.Assertions$.newAssertionFailedException(Assertions.scala:1385)
	at org.scalatest.Assertions$AssertionsHelper.macroAssert(Assertions.scala:1460)
	at SubtypeTests.testFun$proxy291$1(Tests.scala:1795)
	at SubtypeTests.$init$$$anonfun$292(Tests.scala:1794)
	at org.scalatest.Transformer.apply$$anonfun$1(Transformer.scala:22)
	at org.scalatest.OutcomeOf.outcomeOf(OutcomeOf.scala:85)
	at org.scalatest.OutcomeOf.outcomeOf$(OutcomeOf.scala:31)
	at org.scalatest.OutcomeOf$.outcomeOf(OutcomeOf.scala:104)
	at org.scalatest.Transformer.apply(Transformer.scala:22)
	at org.scalatest.Transformer.apply(Transformer.scala:21)
	at org.scalatest.funsuite.AnyFunSuiteLike$$anon$1.apply(AnyFunSuiteLike.scala:206)
	at org.scalatest.TestSuite.withFixture(TestSuite.scala:196)
	at org.scalatest.TestSuite.withFixture$(TestSuite.scala:138)
	at org.scalatest.funsuite.AnyFunSuite.withFixture(AnyFunSuite.scala:1563)
	at org.scalatest.funsuite.AnyFunSuiteLike.invokeWithFixture$1(AnyFunSuiteLike.scala:212)
	at org.scalatest.funsuite.AnyFunSuiteLike.runTest$$anonfun$1(AnyFunSuiteLike.scala:216)
	at org.scalatest.SuperEngine.runTestImpl(Engine.scala:306)
	at org.scalatest.funsuite.AnyFunSuiteLike.runTest(AnyFunSuiteLike.scala:216)
	at org.scalatest.funsuite.AnyFunSuiteLike.runTest$(AnyFunSuiteLike.scala:47)
	at org.scalatest.funsuite.AnyFunSuite.runTest(AnyFunSuite.scala:1563)
	at org.scalatest.funsuite.AnyFunSuiteLike.runTests$$anonfun$1(AnyFunSuiteLike.scala:249)
	at org.scalatest.SuperEngine.traverseSubNodes$1$$anonfun$1(Engine.scala:413)
	at scala.runtime.function.JProcedure1.apply(JProcedure1.java:15)
	at scala.runtime.function.JProcedure1.apply(JProcedure1.java:10)
	at scala.collection.immutable.List.foreach(List.scala:334)
	at org.scalatest.SuperEngine.traverseSubNodes$1(Engine.scala:429)
	at org.scalatest.SuperEngine.runTestsInBranch(Engine.scala:396)
	at org.scalatest.SuperEngine.runTestsImpl(Engine.scala:475)
	at org.scalatest.funsuite.AnyFunSuiteLike.runTests(AnyFunSuiteLike.scala:249)
	at org.scalatest.funsuite.AnyFunSuiteLike.runTests$(AnyFunSuiteLike.scala:47)
	at org.scalatest.funsuite.AnyFunSuite.runTests(AnyFunSuite.scala:1563)
	at org.scalatest.Suite.run(Suite.scala:1114)
	at org.scalatest.Suite.run$(Suite.scala:564)
	at org.scalatest.funsuite.AnyFunSuite.org$scalatest$funsuite$AnyFunSuiteLike$$super$run(AnyFunSuite.scala:1563)
	at org.scalatest.funsuite.AnyFunSuiteLike.run$$anonfun$1(AnyFunSuiteLike.scala:253)
	at org.scalatest.SuperEngine.runImpl(Engine.scala:535)
	at org.scalatest.funsuite.AnyFunSuiteLike.run(AnyFunSuiteLike.scala:253)
	at org.scalatest.funsuite.AnyFunSuiteLike.run$(AnyFunSuiteLike.scala:47)
	at org.scalatest.funsuite.AnyFunSuite.run(AnyFunSuite.scala:1563)
	at org.scalatest.tools.Framework.org$scalatest$tools$Framework$$runSuite(Framework.scala:321)
	at org.scalatest.tools.Framework$ScalaTestTask.execute(Framework.scala:517)
	at sbt.TestRunner.runTest$1(TestFramework.scala:153)
	at sbt.TestRunner.run(TestFramework.scala:168)
	at sbt.TestFramework$$anon$3$$anonfun$$lessinit$greater$1.$anonfun$apply$1(TestFramework.scala:336)
	at sbt.TestFramework$.sbt$TestFramework$$withContextLoader(TestFramework.scala:296)
	at sbt.TestFramework$$anon$3$$anonfun$$lessinit$greater$1.apply(TestFramework.scala:336)
	at sbt.TestFramework$$anon$3$$anonfun$$lessinit$greater$1.apply(TestFramework.scala:336)
	at sbt.TestFunction.apply(TestFramework.scala:348)
	at sbt.Tests$.$anonfun$toTask$1(Tests.scala:436)
	at sbt.std.Transform$$anon$3.$anonfun$apply$2(Transform.scala:47)
	at sbt.std.Transform$$anon$4.work(Transform.scala:69)
	at sbt.Execute.$anonfun$submit$2(Execute.scala:283)
	at sbt.internal.util.ErrorHandling$.wideConvert(ErrorHandling.scala:24)
	at sbt.Execute.work(Execute.scala:292)
	at sbt.Execute.$anonfun$submit$1(Execute.scala:283)
	at sbt.ConcurrentRestrictions$$anon$4.$anonfun$submitValid$1(ConcurrentRestrictions.scala:265)
	at sbt.CompletionService$$anon$2.call(CompletionService.scala:65)
	at java.base/java.util.concurrent.FutureTask.run(FutureTask.java:264)
	at java.base/java.util.concurrent.Executors$RunnableAdapter.call(Executors.java:515)
	at java.base/java.util.concurrent.FutureTask.run(FutureTask.java:264)
	at java.base/java.util.concurrent.ThreadPoolExecutor.runWorker(ThreadPoolExecutor.java:1128)
	at java.base/java.util.concurrent.ThreadPoolExecutor$Worker.run(ThreadPoolExecutor.java:628)
	at java.base/java.lang.Thread.run(Thread.java:829)
</failure>
                    </testcase><testcase classname="SubtypeTests" name="Variant !&lt;: Non-Variant" time="0.001">
                      
                    </testcase><testcase classname="SubtypeTests" name="Bag &lt;: Bag" time="0.0">
                      
                    </testcase><testcase classname="SubtypeTests" name="Bag !&lt;: Non-Bag" time="0.0">
                      
                    </testcase>
          <system-out><![CDATA[]]></system-out>
          <system-err><![CDATA[]]></system-err>
        </testsuite>