<?xml version='1.0' encoding='UTF-8'?>
<testsuite hostname="marvin" name="InterpreterEval" tests="42" errors="0" failures="1" skipped="0" time="0.018" timestamp="2025-01-08T14:06:20">
          <properties>
[...]
</properties>
          <testcase classname="InterpreterEval" name="Value" time="0.001">
                      
                    </testcase><testcase classname="InterpreterEval" name="Unit" time="0.0">
                      
                    </testcase><testcase classname="InterpreterEval" name="Int" time="0.0">
                      
                    </testcase><testcase classname="InterpreterEval" name="Plus" time="0.0">
                      
                    </testcase><testcase classname="InterpreterEval" name="Minus" time="0.0">
                      
                    </testcase><testcase classname="InterpreterEval" name="Times" time="0.0">
                      
                    </testcase><testcase classname="InterpreterEval" name="Bool" time="0.0">
                      
                    </testcase><testcase classname="InterpreterEval" name="Eq" time="0.001">
                      
                    </testcase><testcase classname="InterpreterEval" name="Less" time="0.0">
                      
                    </testcase><testcase classname="InterpreterEval" name="IfThenElse" time="0.0">
                      
                    </testcase><testcase classname="InterpreterEval" name="Str" time="0.0">
                      
                    </testcase><testcase classname="InterpreterEval" name="Length" time="0.0">
                      
                    </testcase><testcase classname="InterpreterEval" name="Index" time="0.001">
                      
                    </testcase><testcase classname="InterpreterEval" name="Concat" time="0.0">
                      
                    </testcase><testcase classname="InterpreterEval" name="Var" time="0.001">
                      
                    </testcase><testcase classname="InterpreterEval" name="Let" time="0.0">
                      
                    </testcase><testcase classname="InterpreterEval" name="Anno" time="0.001">
                      <failure message="Expected exception java.lang.Exception to be thrown, but no exception was thrown" type="org.scalatest.exceptions.TestFailedException">org.scalatest.exceptions.TestFailedException: Expected exception java.lang.Exception to be thrown, but no exception was thrown
	at org.scalatest.Assertions.newAssertionFailedException(Assertions.scala:476)
	at org.scalatest.Assertions.newAssertionFailedException$(Assertions.scala:421)
	at org.scalatest.funsuite.AnyFunSuite.newAssertionFailedException(AnyFunSuite.scala:1563)
	at org.scalatest.Assertions.assertThrowsImpl(Assertions.scala:842)
	at org.scalatest.Assertions.org$scalatest$Assertions$$inline$assertThrowsImpl(Assertions.scala:821)
	at org.scalatest.Assertions.org$scalatest$Assertions$$inline$assertThrowsImpl$(Assertions.scala:421)
	at org.scalatest.funsuite.AnyFunSuite.org$scalatest$Assertions$$inline$assertThrowsImpl(AnyFunSuite.scala:1563)
	at InterpreterEval.testFun$proxy172$1(Tests.scala:1107)
	at InterpreterEval.$init$$$anonfun$173(Tests.scala:1106)
	at org.scalatest.Transformer.apply$$anonfun$1(Transformer.scala:22)
	at org.scalatest.OutcomeOf.outcomeOf(OutcomeOf.scala:85)
	at org.scalatest.OutcomeOf.outcomeOf$(OutcomeOf.scala:31)
	at org.scalatest.OutcomeOf$.outcomeOf(OutcomeOf.scala:104)
	at org.scalatest.Transformer.apply(Transformer.scala:22)
	at org.scalatest.Transformer.apply(Transformer.scala:21)
	at org.scalatest.funsuite.AnyFunSuiteLike$$anon$1.apply(AnyFunSuiteLike.scala:206)
	at org.scalatest.TestSuite.withFixture(TestSuite.scala:196)
	at org.scalatest.TestSuite.withFixture$(TestSuite.scala:138)
	at org.scalatest.funsuite.AnyFunSuite.withFixture(AnyFunSuite.scala:1563)
	at org.scalatest.funsuite.AnyFunSuiteLike.invokeWithFixture$1(AnyFunSuiteLike.scala:212)
	at org.scalatest.funsuite.AnyFunSuiteLike.runTest$$anonfun$1(AnyFunSuiteLike.scala:216)
	at org.scalatest.SuperEngine.runTestImpl(Engine.scala:306)
	at org.scalatest.funsuite.AnyFunSuiteLike.runTest(AnyFunSuiteLike.scala:216)
	at org.scalatest.funsuite.AnyFunSuiteLike.runTest$(AnyFunSuiteLike.scala:47)
	at org.scalatest.funsuite.AnyFunSuite.runTest(AnyFunSuite.scala:1563)
	at org.scalatest.funsuite.AnyFunSuiteLike.runTests$$anonfun$1(AnyFunSuiteLike.scala:249)
	at org.scalatest.SuperEngine.traverseSubNodes$1$$anonfun$1(Engine.scala:413)
	at scala.runtime.function.JProcedure1.apply(JProcedure1.java:15)
	at scala.runtime.function.JProcedure1.apply(JProcedure1.java:10)
	at scala.collection.immutable.List.foreach(List.scala:334)
	at org.scalatest.SuperEngine.traverseSubNodes$1(Engine.scala:429)
	at org.scalatest.SuperEngine.runTestsInBranch(Engine.scala:396)
	at org.scalatest.SuperEngine.runTestsImpl(Engine.scala:475)
	at org.scalatest.funsuite.AnyFunSuiteLike.runTests(AnyFunSuiteLike.scala:249)
	at org.scalatest.funsuite.AnyFunSuiteLike.runTests$(AnyFunSuiteLike.scala:47)
	at org.scalatest.funsuite.AnyFunSuite.runTests(AnyFunSuite.scala:1563)
	at org.scalatest.Suite.run(Suite.scala:1114)
	at org.scalatest.Suite.run$(Suite.scala:564)
	at org.scalatest.funsuite.AnyFunSuite.org$scalatest$funsuite$AnyFunSuiteLike$$super$run(AnyFunSuite.scala:1563)
	at org.scalatest.funsuite.AnyFunSuiteLike.run$$anonfun$1(AnyFunSuiteLike.scala:253)
	at org.scalatest.SuperEngine.runImpl(Engine.scala:535)
	at org.scalatest.funsuite.AnyFunSuiteLike.run(AnyFunSuiteLike.scala:253)
	at org.scalatest.funsuite.AnyFunSuiteLike.run$(AnyFunSuiteLike.scala:47)
	at org.scalatest.funsuite.AnyFunSuite.run(AnyFunSuite.scala:1563)
	at org.scalatest.tools.Framework.org$scalatest$tools$Framework$$runSuite(Framework.scala:321)
	at org.scalatest.tools.Framework$ScalaTestTask.execute(Framework.scala:517)
	at sbt.TestRunner.runTest$1(TestFramework.scala:153)
	at sbt.TestRunner.run(TestFramework.scala:168)
	at sbt.TestFramework$$anon$3$$anonfun$$lessinit$greater$1.$anonfun$apply$1(TestFramework.scala:336)
	at sbt.TestFramework$.sbt$TestFramework$$withContextLoader(TestFramework.scala:296)
	at sbt.TestFramework$$anon$3$$anonfun$$lessinit$greater$1.apply(TestFramework.scala:336)
	at sbt.TestFramework$$anon$3$$anonfun$$lessinit$greater$1.apply(TestFramework.scala:336)
	at sbt.TestFunction.apply(TestFramework.scala:348)
	at sbt.Tests$.$anonfun$toTask$1(Tests.scala:436)
	at sbt.std.Transform$$anon$3.$anonfun$apply$2(Transform.scala:47)
	at sbt.std.Transform$$anon$4.work(Transform.scala:69)
	at sbt.Execute.$anonfun$submit$2(Execute.scala:283)
	at sbt.internal.util.ErrorHandling$.wideConvert(ErrorHandling.scala:24)
	at sbt.Execute.work(Execute.scala:292)
	at sbt.Execute.$anonfun$submit$1(Execute.scala:283)
	at sbt.ConcurrentRestrictions$$anon$4.$anonfun$submitValid$1(ConcurrentRestrictions.scala:265)
	at sbt.CompletionService$$anon$2.call(CompletionService.scala:65)
	at java.base/java.util.concurrent.FutureTask.run(FutureTask.java:264)
	at java.base/java.util.concurrent.Executors$RunnableAdapter.call(Executors.java:515)
	at java.base/java.util.concurrent.FutureTask.run(FutureTask.java:264)
	at java.base/java.util.concurrent.ThreadPoolExecutor.runWorker(ThreadPoolExecutor.java:1128)
	at java.base/java.util.concurrent.ThreadPoolExecutor$Worker.run(ThreadPoolExecutor.java:628)
	at java.base/java.lang.Thread.run(Thread.java:829)
</failure>
                    </testcase><testcase classname="InterpreterEval" name="Lambda" time="0.0">
                      
                    </testcase><testcase classname="InterpreterEval" name="Apply" time="0.0">
                      
                    </testcase><testcase classname="InterpreterEval" name="Rec" time="0.0">
                      
                    </testcase><testcase classname="InterpreterEval" name="Pair" time="0.0">
                      
                    </testcase><testcase classname="InterpreterEval" name="First" time="0.0">
                      
                    </testcase><testcase classname="InterpreterEval" name="Second" time="0.0">
                      
                    </testcase><testcase classname="InterpreterEval" name="Record" time="0.001">
                      
                    </testcase><testcase classname="InterpreterEval" name="Proj" time="0.0">
                      
                    </testcase><testcase classname="InterpreterEval" name="Proj (label not found)" time="0.0">
                      
                    </testcase><testcase classname="InterpreterEval" name="Variant" time="0.0">
                      
                    </testcase><testcase classname="InterpreterEval" name="Case" time="0.0">
                      
                    </testcase><testcase classname="InterpreterEval" name="Case (label not found)" time="0.001">
                      
                    </testcase><testcase classname="InterpreterEval" name="Bag" time="0.0">
                      
                    </testcase><testcase classname="InterpreterEval" name="FlatMap" time="0.0">
                      
                    </testcase><testcase classname="InterpreterEval" name="FlatMap (expects function with bag-type return)" time="0.001">
                      
                    </testcase><testcase classname="InterpreterEval" name="FlatMap (expects bag and function)" time="0.001">
                      
                    </testcase><testcase classname="InterpreterEval" name="When" time="0.0">
                      
                    </testcase><testcase classname="InterpreterEval" name="When (expects boolean and bag)" time="0.0">
                      
                    </testcase><testcase classname="InterpreterEval" name="Sum" time="0.001">
                      
                    </testcase><testcase classname="InterpreterEval" name="Sum (expects bags)" time="0.0">
                      
                    </testcase><testcase classname="InterpreterEval" name="Diff" time="0.0">
                      
                    </testcase><testcase classname="InterpreterEval" name="Diff (expects bags)" time="0.001">
                      
                    </testcase><testcase classname="InterpreterEval" name="Count" time="0.0">
                      
                    </testcase><testcase classname="InterpreterEval" name="Count (expects bag)" time="0.001">
                      
                    </testcase><testcase classname="InterpreterEval" name="Pattern Matching Should Be Desugared" time="0.006">
                      
                    </testcase>
          <system-out><![CDATA[]]></system-out>
          <system-err><![CDATA[]]></system-err>
        </testsuite>