<?xml version='1.0' encoding='UTF-8'?>
<testsuite hostname="marvin" name="DesugarTests" tests="45" errors="0" failures="0" skipped="0" time="0.242" timestamp="2025-01-08T13:37:26">
          <properties>
[...]
</properties>
          <testcase classname="DesugarTests" name="Value" time="0.019">
                      
                    </testcase><testcase classname="DesugarTests" name="Unit" time="0.0">
                      
                    </testcase><testcase classname="DesugarTests" name="Int" time="0.0">
                      
                    </testcase><testcase classname="DesugarTests" name="Plus" time="0.0">
                      
                    </testcase><testcase classname="DesugarTests" name="Minus" time="0.0">
                      
                    </testcase><testcase classname="DesugarTests" name="Times" time="0.001">
                      
                    </testcase><testcase classname="DesugarTests" name="Bool" time="0.001">
                      
                    </testcase><testcase classname="DesugarTests" name="Eq" time="0.002">
                      
                    </testcase><testcase classname="DesugarTests" name="Less" time="0.0">
                      
                    </testcase><testcase classname="DesugarTests" name="IfThenElse" time="0.0">
                      
                    </testcase><testcase classname="DesugarTests" name="Str" time="0.0">
                      
                    </testcase><testcase classname="DesugarTests" name="Length" time="0.0">
                      
                    </testcase><testcase classname="DesugarTests" name="Index" time="0.0">
                      
                    </testcase><testcase classname="DesugarTests" name="Concat" time="0.003">
                      
                    </testcase><testcase classname="DesugarTests" name="Var" time="0.0">
                      
                    </testcase><testcase classname="DesugarTests" name="Let" time="0.001">
                      
                    </testcase><testcase classname="DesugarTests" name="Anno" time="0.002">
                      
                    </testcase><testcase classname="DesugarTests" name="Lambda" time="0.0">
                      
                    </testcase><testcase classname="DesugarTests" name="Apply" time="0.0">
                      
                    </testcase><testcase classname="DesugarTests" name="Rec" time="0.001">
                      
                    </testcase><testcase classname="DesugarTests" name="Pair" time="0.0">
                      
                    </testcase><testcase classname="DesugarTests" name="First" time="0.001">
                      
                    </testcase><testcase classname="DesugarTests" name="Second" time="0.0">
                      
                    </testcase><testcase classname="DesugarTests" name="Record" time="0.001">
                      
                    </testcase><testcase classname="DesugarTests" name="Proj" time="0.0">
                      
                    </testcase><testcase classname="DesugarTests" name="Variant" time="0.0">
                      
                    </testcase><testcase classname="DesugarTests" name="Case" time="0.001">
                      
                    </testcase><testcase classname="DesugarTests" name="Bag" time="0.0">
                      
                    </testcase><testcase classname="DesugarTests" name="FlatMap" time="0.001">
                      
                    </testcase><testcase classname="DesugarTests" name="When" time="0.0">
                      
                    </testcase><testcase classname="DesugarTests" name="Sum" time="0.001">
                      
                    </testcase><testcase classname="DesugarTests" name="Diff" time="0.0">
                      
                    </testcase><testcase classname="DesugarTests" name="Count" time="0.001">
                      
                    </testcase><testcase classname="DesugarTests" name="Empty Comprehension" time="0.0">
                      
                    </testcase><testcase classname="DesugarTests" name="Comprehension w/ Bind" time="0.001">
                      
                    </testcase><testcase classname="DesugarTests" name="Comprehension w/ Guard" time="0.0">
                      
                    </testcase><testcase classname="DesugarTests" name="Comprehension w/ CLet" time="0.001">
                      
                    </testcase><testcase classname="DesugarTests" name="Unexpected Pattern in Comprehension" time="0.0">
                      
                    </testcase><testcase classname="DesugarTests" name="LetPair" time="0.101">
                      
                    </testcase><testcase classname="DesugarTests" name="LetFun" time="0.001">
                      
                    </testcase><testcase classname="DesugarTests" name="LetRec" time="0.0">
                      
                    </testcase><testcase classname="DesugarTests" name="LetRecord" time="0.101">
                      
                    </testcase><testcase classname="DesugarTests" name="Bind w/o Comprehension" time="0.001">
                      
                    </testcase><testcase classname="DesugarTests" name="Guard w/o Comprehension" time="0.0">
                      
                    </testcase><testcase classname="DesugarTests" name="CLet w/o Comprehension" time="0.0">
                      
                    </testcase>
          <system-out><![CDATA[]]></system-out>
          <system-err><![CDATA[]]></system-err>
        </testsuite>