<?xml version="1.0"?>
<!DOCTYPE coverage SYSTEM "https://cobertura.sourceforge.net/xml/coverage-04.dtd">
<coverage 
line-rate="0.99" lines-valid="1804" lines-covered="1789" branches-valid="481" branches-covered="475" branch-rate="0.99" complexity="0" version="1.0" timestamp="1736343448152">
    <sources>
        <source>--source</source>
        <source>/home/h00pyfr00d/Documents/software-testing/src/main/scala</source>
    </sources>
    <packages>
        <package name="FrogInterpreter" line-rate="0.99" branch-rate="0.99" complexity="0">
            <classes>
                <class 
                name="FrogInterpreter.Bag" filename="FrogInterpreter/Bags.scala" line-rate="1.00" branch-rate="1.00" complexity="0">
                    <methods>
                        <method name="FrogInterpreter/Bag/toString" signature="()V" line-rate="1.00" branch-rate="1.00" complexity="0">
                            <lines>
                                <line number="10" hits="1" branch="false"/>
                                <line number="10" hits="1" branch="false"/>
                                <line number="10" hits="1" branch="false"/>
                            </lines>
                        </method>
                    </methods>
                    <lines>
                        <line number="10" hits="1" branch="false"/>
                        <line number="10" hits="1" branch="false"/>
                        <line number="10" hits="1" branch="false"/>
                    </lines>
</class>
                <class 
                name="FrogInterpreter.SubstExpr" filename="FrogInterpreter/Interpreter.scala" line-rate="1.00" branch-rate="1.00" complexity="0">
                    <methods>
                        <method name="FrogInterpreter/SubstExpr/$anonfun" signature="()V" line-rate="1.00" branch-rate="1.00" complexity="0">
                            <lines>
                                <line number="142" hits="1" branch="false"/>
                                <line number="55" hits="1" branch="false"/>
                                <line number="61" hits="1" branch="false"/>
                                <line number="198" hits="1" branch="true"/>
                                <line number="135" hits="1" branch="false"/>
                                <line number="141" hits="1" branch="false"/>
                                <line number="199" hits="1" branch="true"/>
                                <line number="60" hits="1" branch="true"/>
                                <line number="68" hits="1" branch="false"/>
                                <line number="200" hits="1" branch="true"/>
                                <line number="198" hits="1" branch="false"/>
                                <line number="145" hits="1" branch="false"/>
                                <line number="140" hits="1" branch="true"/>
                                <line number="199" hits="1" branch="false"/>
                                <line number="81" hits="1" branch="false"/>
                                <line number="160" hits="1" branch="false"/>
                                <line number="143" hits="1" branch="false"/>
                                <line number="61" hits="1" branch="false"/>
                                <line number="63" hits="1" branch="false"/>
                                <line number="156" hits="1" branch="false"/>
                            </lines>
                        </method>
                        <method name="FrogInterpreter/SubstExpr/go" signature="()V" line-rate="1.00" branch-rate="1.00" complexity="0">
                            <lines>
                                <line number="72" hits="1" branch="false"/>
                                <line number="77" hits="1" branch="false"/>
                                <line number="131" hits="1" branch="false"/>
                                <line number="135" hits="1" branch="true"/>
                                <line number="52" hits="1" branch="true"/>
                                <line number="56" hits="1" branch="true"/>
                                <line number="115" hits="1" branch="false"/>
                                <line number="98" hits="1" branch="false"/>
                                <line number="124" hits="1" branch="false"/>
                                <line number="103" hits="1" branch="false"/>
                                <line number="107" hits="1" branch="true"/>
                                <line number="48" hits="1" branch="false"/>
                                <line number="81" hits="1" branch="false"/>
                                <line number="93" hits="1" branch="true"/>
                                <line number="147" hits="1" branch="false"/>
                                <line number="63" hits="1" branch="false"/>
                                <line number="66" hits="1" branch="false"/>
                                <line number="68" hits="1" branch="true"/>
                                <line number="53" hits="1" branch="false"/>
                                <line number="59" hits="1" branch="false"/>
                                <line number="69" hits="1" branch="true"/>
                                <line number="67" hits="1" branch="false"/>
                                <line number="108" hits="1" branch="true"/>
                                <line number="101" hits="1" branch="false"/>
                                <line number="42" hits="1" branch="true"/>
                                <line number="49" hits="1" branch="true"/>
                                <line number="103" hits="1" branch="true"/>
                                <line number="81" hits="1" branch="false"/>
                                <line number="96" hits="1" branch="false"/>
                                <line number="29" hits="1" branch="false"/>
                                <line number="34" hits="1" branch="false"/>
                                <line number="38" hits="1" branch="true"/>
                                <line number="24" hits="1" branch="true"/>
                                <line number="75" hits="1" branch="false"/>
                                <line number="64" hits="1" branch="false"/>
                                <line number="76" hits="1" branch="true"/>
                                <line number="32" hits="1" branch="false"/>
                                <line number="34" hits="1" branch="true"/>
                                <line number="71" hits="1" branch="false"/>
                                <line number="27" hits="1" branch="false"/>
                                <line number="68" hits="1" branch="false"/>
                                <line number="193" hits="1" branch="false"/>
                                <line number="47" hits="1" branch="false"/>
                                <line number="51" hits="1" branch="true"/>
                                <line number="178" hits="1" branch="false"/>
                                <line number="181" hits="1" branch="true"/>
                                <line number="65" hits="1" branch="false"/>
                                <line number="39" hits="1" branch="true"/>
                                <line number="90" hits="1" branch="false"/>
                                <line number="195" hits="1" branch="false"/>
                                <line number="42" hits="1" branch="false"/>
                                <line number="33" hits="1" branch="false"/>
                                <line number="188" hits="1" branch="false"/>
                                <line number="28" hits="1" branch="false"/>
                                <line number="146" hits="1" branch="true"/>
                                <line number="149" hits="1" branch="true"/>
                                <line number="181" hits="1" branch="false"/>
                                <line number="37" hits="1" branch="true"/>
                                <line number="175" hits="1" branch="false"/>
                                <line number="201" hits="1" branch="false"/>
                                <line number="103" hits="1" branch="false"/>
                                <line number="108" hits="1" branch="false"/>
                                <line number="190" hits="1" branch="false"/>
                                <line number="100" hits="1" branch="true"/>
                                <line number="124" hits="1" branch="true"/>
                                <line number="176" hits="1" branch="true"/>
                                <line number="183" hits="1" branch="false"/>
                                <line number="96" hits="1" branch="false"/>
                                <line number="147" hits="1" branch="true"/>
                                <line number="131" hits="1" branch="true"/>
                                <line number="136" hits="1" branch="true"/>
                                <line number="113" hits="1" branch="true"/>
                                <line number="139" hits="1" branch="true"/>
                                <line number="192" hits="1" branch="true"/>
                                <line number="165" hits="1" branch="false"/>
                                <line number="75" hits="1" branch="false"/>
                                <line number="79" hits="1" branch="false"/>
                                <line number="148" hits="1" branch="true"/>
                                <line number="133" hits="1" branch="false"/>
                                <line number="139" hits="1" branch="false"/>
                                <line number="67" hits="1" branch="true"/>
                                <line number="70" hits="1" branch="true"/>
                                <line number="121" hits="1" branch="false"/>
                                <line number="128" hits="1" branch="false"/>
                                <line number="20" hits="1" branch="false"/>
                                <line number="97" hits="1" branch="false"/>
                                <line number="101" hits="1" branch="true"/>
                                <line number="64" hits="1" branch="true"/>
                                <line number="106" hits="1" branch="false"/>
                                <line number="111" hits="1" branch="true"/>
                                <line number="145" hits="1" branch="true"/>
                                <line number="102" hits="1" branch="true"/>
                                <line number="92" hits="1" branch="true"/>
                                <line number="98" hits="1" branch="false"/>
                                <line number="28" hits="1" branch="false"/>
                                <line number="65" hits="1" branch="true"/>
                                <line number="71" hits="1" branch="true"/>
                                <line number="114" hits="1" branch="false"/>
                                <line number="121" hits="1" branch="true"/>
                                <line number="126" hits="1" branch="true"/>
                                <line number="56" hits="1" branch="false"/>
                                <line number="59" hits="1" branch="true"/>
                                <line number="47" hits="1" branch="true"/>
                                <line number="52" hits="1" branch="false"/>
                                <line number="107" hits="1" branch="false"/>
                                <line number="32" hits="1" branch="true"/>
                                <line number="37" hits="1" branch="false"/>
                                <line number="41" hits="1" branch="true"/>
                                <line number="77" hits="1" branch="false"/>
                                <line number="78" hits="1" branch="true"/>
                                <line number="49" hits="1" branch="false"/>
                                <line number="33" hits="1" branch="true"/>
                                <line number="53" hits="1" branch="false"/>
                                <line number="38" hits="1" branch="false"/>
                                <line number="72" hits="1" branch="true"/>
                                <line number="190" hits="1" branch="false"/>
                                <line number="22" hits="1" branch="true"/>
                                <line number="29" hits="1" branch="false"/>
                                <line number="69" hits="1" branch="false"/>
                                <line number="77" hits="1" branch="false"/>
                                <line number="66" hits="1" branch="true"/>
                                <line number="81" hits="1" branch="false"/>
                                <line number="58" hits="1" branch="true"/>
                                <line number="42" hits="1" branch="false"/>
                                <line number="63" hits="1" branch="true"/>
                                <line number="196" hits="1" branch="false"/>
                                <line number="55" hits="1" branch="false"/>
                                <line number="44" hits="1" branch="true"/>
                                <line number="51" hits="1" branch="false"/>
                                <line number="184" hits="1" branch="false"/>
                                <line number="192" hits="1" branch="false"/>
                                <line number="39" hits="1" branch="false"/>
                                <line number="27" hits="1" branch="false"/>
                                <line number="31" hits="1" branch="true"/>
                                <line number="148" hits="1" branch="false"/>
                                <line number="177" hits="1" branch="true"/>
                                <line number="198" hits="1" branch="true"/>
                                <line number="34" hits="1" branch="false"/>
                                <line number="107" hits="1" branch="false"/>
                                <line number="135" hits="1" branch="false"/>
                                <line number="194" hits="1" branch="false"/>
                                <line number="102" hits="1" branch="false"/>
                                <line number="123" hits="1" branch="false"/>
                                <line number="129" hits="1" branch="false"/>
                                <line number="178" hits="1" branch="true"/>
                                <line number="187" hits="1" branch="false"/>
                                <line number="113" hits="1" branch="false"/>
                                <line number="151" hits="1" branch="true"/>
                                <line number="149" hits="1" branch="false"/>
                                <line number="146" hits="1" branch="false"/>
                                <line number="176" hits="1" branch="false"/>
                                <line number="98" hits="1" branch="true"/>
                                <line number="77" hits="1" branch="false"/>
                                <line number="103" hits="1" branch="false"/>
                                <line number="136" hits="1" branch="false"/>
                                <line number="69" hits="1" branch="false"/>
                                <line number="72" hits="1" branch="false"/>
                                <line number="124" hits="1" branch="false"/>
                                <line number="131" hits="1" branch="false"/>
                                <line number="183" hits="1" branch="false"/>
                                <line number="66" hits="1" branch="false"/>
                                <line number="95" hits="1" branch="true"/>
                                <line number="147" hits="1" branch="false"/>
                                <line number="108" hits="1" branch="false"/>
                                <line number="115" hits="1" branch="false"/>
                                <line number="34" hits="1" branch="false"/>
                                <line number="127" hits="1" branch="false"/>
                                <line number="105" hits="1" branch="true"/>
                                <line number="132" hits="1" branch="true"/>
                                <line number="51" hits="1" branch="false"/>
                                <line number="53" hits="1" branch="true"/>
                                <line number="96" hits="1" branch="true"/>
                                <line number="101" hits="1" branch="false"/>
                                <line number="79" hits="1" branch="false"/>
                                <line number="80" hits="1" branch="true"/>
                                <line number="70" hits="1" branch="false"/>
                                <line number="75" hits="1" branch="false"/>
                                <line number="59" hits="1" branch="false"/>
                                <line number="64" hits="1" branch="false"/>
                                <line number="67" hits="1" branch="false"/>
                                <line number="111" hits="1" branch="true"/>
                                <line number="117" hits="1" branch="true"/>
                                <line number="39" hits="1" branch="false"/>
                                <line number="44" hits="1" branch="false"/>
                                <line number="138" hits="1" branch="true"/>
                                <line number="52" hits="1" branch="false"/>
                                <line number="36" hits="1" branch="true"/>
                                <line number="55" hits="1" branch="true"/>
                                <line number="27" hits="1" branch="true"/>
                                <line number="32" hits="1" branch="false"/>
                                <line number="97" hits="1" branch="true"/>
                                <line number="41" hits="1" branch="false"/>
                                <line number="74" hits="1" branch="true"/>
                                <line number="47" hits="1" branch="false"/>
                                <line number="79" hits="1" branch="false"/>
                                <line number="68" hits="1" branch="false"/>
                                <line number="71" hits="1" branch="false"/>
                                <line number="65" hits="1" branch="false"/>
                                <line number="28" hits="1" branch="true"/>
                                <line number="33" hits="1" branch="false"/>
                                <line number="200" hits="1" branch="false"/>
                                <line number="48" hits="1" branch="true"/>
                                <line number="53" hits="1" branch="false"/>
                                <line number="58" hits="1" branch="false"/>
                                <line number="189" hits="1" branch="false"/>
                                <line number="196" hits="1" branch="false"/>
                                <line number="42" hits="1" branch="false"/>
                                <line number="175" hits="1" branch="true"/>
                                <line number="182" hits="1" branch="false"/>
                                <line number="38" hits="1" branch="false"/>
                                <line number="138" hits="1" branch="false"/>
                                <line number="26" hits="1" branch="true"/>
                                <line number="29" hits="1" branch="true"/>
                                <line number="148" hits="1" branch="false"/>
                                <line number="132" hits="1" branch="false"/>
                                <line number="201" hits="1" branch="false"/>
                                <line number="186" hits="1" branch="true"/>
                                <line number="117" hits="1" branch="false"/>
                                <line number="126" hits="1" branch="false"/>
                                <line number="198" hits="1" branch="false"/>
                                <line number="177" hits="1" branch="false"/>
                                <line number="184" hits="1" branch="false"/>
                                <line number="145" hits="1" branch="false"/>
                                <line number="199" hits="1" branch="false"/>
                                <line number="102" hits="1" branch="false"/>
                                <line number="79" hits="1" branch="false"/>
                                <line number="106" hits="1" branch="true"/>
                                <line number="97" hits="1" branch="false"/>
                                <line number="75" hits="1" branch="false"/>
                                <line number="128" hits="1" branch="false"/>
                                <line number="178" hits="1" branch="false"/>
                                <line number="146" hits="1" branch="false"/>
                                <line number="149" hits="1" branch="false"/>
                                <line number="133" hits="1" branch="true"/>
                                <line number="110" hits="1" branch="true"/>
                                <line number="139" hits="1" branch="false"/>
                                <line number="186" hits="1" branch="false"/>
                                <line number="122" hits="1" branch="false"/>
                                <line number="194" hits="1" branch="false"/>
                                <line number="165" hits="1" branch="false"/>
                            </lines>
                        </method>
                        <method name="FrogInterpreter/SubstExpr/swap" signature="()V" line-rate="1.00" branch-rate="1.00" complexity="0">
                            <lines>
                                <line number="19" hits="1" branch="false"/>
                                <line number="83" hits="1" branch="false"/>
                            </lines>
                        </method>
                        <method name="FrogInterpreter/SubstExpr/subst" signature="()V" line-rate="1.00" branch-rate="1.00" complexity="0">
                            <lines>
                                <line number="88" hits="1" branch="false"/>
                                <line number="203" hits="1" branch="false"/>
                            </lines>
                        </method>
                        <method name="FrogInterpreter/SubstExpr/help" signature="()V" line-rate="1.00" branch-rate="1.00" complexity="0">
                            <lines>
                                <line number="152" hits="1" branch="true"/>
                                <line number="159" hits="1" branch="false"/>
                                <line number="162" hits="1" branch="false"/>
                                <line number="161" hits="1" branch="false"/>
                                <line number="156" hits="1" branch="false"/>
                                <line number="163" hits="1" branch="true"/>
                                <line number="157" hits="1" branch="false"/>
                                <line number="159" hits="1" branch="true"/>
                                <line number="151" hits="1" branch="false"/>
                                <line number="157" hits="1" branch="false"/>
                                <line number="161" hits="1" branch="false"/>
                                <line number="162" hits="1" branch="false"/>
                                <line number="155" hits="1" branch="true"/>
                                <line number="155" hits="1" branch="false"/>
                                <line number="163" hits="1" branch="false"/>
                                <line number="160" hits="1" branch="false"/>
                                <line number="162" hits="1" branch="true"/>
                                <line number="153" hits="1" branch="true"/>
                                <line number="161" hits="1" branch="false"/>
                                <line number="157" hits="1" branch="false"/>
                                <line number="162" hits="1" branch="false"/>
                            </lines>
                        </method>
                    </methods>
                    <lines>
                        <line number="72" hits="1" branch="false"/>
                        <line number="77" hits="1" branch="false"/>
                        <line number="131" hits="1" branch="false"/>
                        <line number="135" hits="1" branch="true"/>
                        <line number="52" hits="1" branch="true"/>
                        <line number="56" hits="1" branch="true"/>
                        <line number="115" hits="1" branch="false"/>
                        <line number="98" hits="1" branch="false"/>
                        <line number="124" hits="1" branch="false"/>
                        <line number="103" hits="1" branch="false"/>
                        <line number="107" hits="1" branch="true"/>
                        <line number="152" hits="1" branch="true"/>
                        <line number="48" hits="1" branch="false"/>
                        <line number="81" hits="1" branch="false"/>
                        <line number="93" hits="1" branch="true"/>
                        <line number="147" hits="1" branch="false"/>
                        <line number="63" hits="1" branch="false"/>
                        <line number="66" hits="1" branch="false"/>
                        <line number="68" hits="1" branch="true"/>
                        <line number="142" hits="1" branch="false"/>
                        <line number="53" hits="1" branch="false"/>
                        <line number="59" hits="1" branch="false"/>
                        <line number="69" hits="1" branch="true"/>
                        <line number="67" hits="1" branch="false"/>
                        <line number="108" hits="1" branch="true"/>
                        <line number="101" hits="1" branch="false"/>
                        <line number="42" hits="1" branch="true"/>
                        <line number="49" hits="1" branch="true"/>
                        <line number="103" hits="1" branch="true"/>
                        <line number="81" hits="1" branch="false"/>
                        <line number="96" hits="1" branch="false"/>
                        <line number="29" hits="1" branch="false"/>
                        <line number="34" hits="1" branch="false"/>
                        <line number="38" hits="1" branch="true"/>
                        <line number="24" hits="1" branch="true"/>
                        <line number="75" hits="1" branch="false"/>
                        <line number="64" hits="1" branch="false"/>
                        <line number="76" hits="1" branch="true"/>
                        <line number="32" hits="1" branch="false"/>
                        <line number="34" hits="1" branch="true"/>
                        <line number="71" hits="1" branch="false"/>
                        <line number="27" hits="1" branch="false"/>
                        <line number="68" hits="1" branch="false"/>
                        <line number="193" hits="1" branch="false"/>
                        <line number="47" hits="1" branch="false"/>
                        <line number="51" hits="1" branch="true"/>
                        <line number="178" hits="1" branch="false"/>
                        <line number="181" hits="1" branch="true"/>
                        <line number="65" hits="1" branch="false"/>
                        <line number="55" hits="1" branch="false"/>
                        <line number="39" hits="1" branch="true"/>
                        <line number="61" hits="1" branch="false"/>
                        <line number="198" hits="1" branch="true"/>
                        <line number="90" hits="1" branch="false"/>
                        <line number="195" hits="1" branch="false"/>
                        <line number="42" hits="1" branch="false"/>
                        <line number="33" hits="1" branch="false"/>
                        <line number="159" hits="1" branch="false"/>
                        <line number="188" hits="1" branch="false"/>
                        <line number="28" hits="1" branch="false"/>
                        <line number="146" hits="1" branch="true"/>
                        <line number="149" hits="1" branch="true"/>
                        <line number="135" hits="1" branch="false"/>
                        <line number="141" hits="1" branch="false"/>
                        <line number="199" hits="1" branch="true"/>
                        <line number="181" hits="1" branch="false"/>
                        <line number="37" hits="1" branch="true"/>
                        <line number="162" hits="1" branch="false"/>
                        <line number="175" hits="1" branch="false"/>
                        <line number="201" hits="1" branch="false"/>
                        <line number="103" hits="1" branch="false"/>
                        <line number="108" hits="1" branch="false"/>
                        <line number="161" hits="1" branch="false"/>
                        <line number="190" hits="1" branch="false"/>
                        <line number="100" hits="1" branch="true"/>
                        <line number="156" hits="1" branch="false"/>
                        <line number="124" hits="1" branch="true"/>
                        <line number="176" hits="1" branch="true"/>
                        <line number="183" hits="1" branch="false"/>
                        <line number="96" hits="1" branch="false"/>
                        <line number="163" hits="1" branch="true"/>
                        <line number="147" hits="1" branch="true"/>
                        <line number="131" hits="1" branch="true"/>
                        <line number="136" hits="1" branch="true"/>
                        <line number="113" hits="1" branch="true"/>
                        <line number="139" hits="1" branch="true"/>
                        <line number="192" hits="1" branch="true"/>
                        <line number="165" hits="1" branch="false"/>
                        <line number="75" hits="1" branch="false"/>
                        <line number="79" hits="1" branch="false"/>
                        <line number="148" hits="1" branch="true"/>
                        <line number="133" hits="1" branch="false"/>
                        <line number="157" hits="1" branch="false"/>
                        <line number="139" hits="1" branch="false"/>
                        <line number="67" hits="1" branch="true"/>
                        <line number="70" hits="1" branch="true"/>
                        <line number="60" hits="1" branch="true"/>
                        <line number="121" hits="1" branch="false"/>
                        <line number="128" hits="1" branch="false"/>
                        <line number="20" hits="1" branch="false"/>
                        <line number="97" hits="1" branch="false"/>
                        <line number="101" hits="1" branch="true"/>
                        <line number="64" hits="1" branch="true"/>
                        <line number="106" hits="1" branch="false"/>
                        <line number="111" hits="1" branch="true"/>
                        <line number="159" hits="1" branch="true"/>
                        <line number="145" hits="1" branch="true"/>
                        <line number="102" hits="1" branch="true"/>
                        <line number="92" hits="1" branch="true"/>
                        <line number="98" hits="1" branch="false"/>
                        <line number="28" hits="1" branch="false"/>
                        <line number="65" hits="1" branch="true"/>
                        <line number="68" hits="1" branch="false"/>
                        <line number="71" hits="1" branch="true"/>
                        <line number="114" hits="1" branch="false"/>
                        <line number="121" hits="1" branch="true"/>
                        <line number="126" hits="1" branch="true"/>
                        <line number="56" hits="1" branch="false"/>
                        <line number="59" hits="1" branch="true"/>
                        <line number="47" hits="1" branch="true"/>
                        <line number="52" hits="1" branch="false"/>
                        <line number="107" hits="1" branch="false"/>
                        <line number="32" hits="1" branch="true"/>
                        <line number="37" hits="1" branch="false"/>
                        <line number="41" hits="1" branch="true"/>
                        <line number="77" hits="1" branch="false"/>
                        <line number="78" hits="1" branch="true"/>
                        <line number="49" hits="1" branch="false"/>
                        <line number="33" hits="1" branch="true"/>
                        <line number="53" hits="1" branch="false"/>
                        <line number="38" hits="1" branch="false"/>
                        <line number="72" hits="1" branch="true"/>
                        <line number="190" hits="1" branch="false"/>
                        <line number="22" hits="1" branch="true"/>
                        <line number="29" hits="1" branch="false"/>
                        <line number="69" hits="1" branch="false"/>
                        <line number="77" hits="1" branch="false"/>
                        <line number="66" hits="1" branch="true"/>
                        <line number="81" hits="1" branch="false"/>
                        <line number="58" hits="1" branch="true"/>
                        <line number="42" hits="1" branch="false"/>
                        <line number="63" hits="1" branch="true"/>
                        <line number="196" hits="1" branch="false"/>
                        <line number="200" hits="1" branch="true"/>
                        <line number="55" hits="1" branch="false"/>
                        <line number="198" hits="1" branch="false"/>
                        <line number="44" hits="1" branch="true"/>
                        <line number="51" hits="1" branch="false"/>
                        <line number="184" hits="1" branch="false"/>
                        <line number="192" hits="1" branch="false"/>
                        <line number="39" hits="1" branch="false"/>
                        <line number="27" hits="1" branch="false"/>
                        <line number="31" hits="1" branch="true"/>
                        <line number="151" hits="1" branch="false"/>
                        <line number="148" hits="1" branch="false"/>
                        <line number="177" hits="1" branch="true"/>
                        <line number="157" hits="1" branch="false"/>
                        <line number="161" hits="1" branch="false"/>
                        <line number="145" hits="1" branch="false"/>
                        <line number="198" hits="1" branch="true"/>
                        <line number="34" hits="1" branch="false"/>
                        <line number="107" hits="1" branch="false"/>
                        <line number="135" hits="1" branch="false"/>
                        <line number="194" hits="1" branch="false"/>
                        <line number="102" hits="1" branch="false"/>
                        <line number="123" hits="1" branch="false"/>
                        <line number="129" hits="1" branch="false"/>
                        <line number="178" hits="1" branch="true"/>
                        <line number="88" hits="1" branch="false"/>
                        <line number="187" hits="1" branch="false"/>
                        <line number="113" hits="1" branch="false"/>
                        <line number="162" hits="1" branch="false"/>
                        <line number="151" hits="1" branch="true"/>
                        <line number="149" hits="1" branch="false"/>
                        <line number="155" hits="1" branch="true"/>
                        <line number="140" hits="1" branch="true"/>
                        <line number="146" hits="1" branch="false"/>
                        <line number="199" hits="1" branch="false"/>
                        <line number="176" hits="1" branch="false"/>
                        <line number="98" hits="1" branch="true"/>
                        <line number="77" hits="1" branch="false"/>
                        <line number="103" hits="1" branch="false"/>
                        <line number="81" hits="1" branch="false"/>
                        <line number="155" hits="1" branch="false"/>
                        <line number="136" hits="1" branch="false"/>
                        <line number="160" hits="1" branch="false"/>
                        <line number="69" hits="1" branch="false"/>
                        <line number="72" hits="1" branch="false"/>
                        <line number="124" hits="1" branch="false"/>
                        <line number="131" hits="1" branch="false"/>
                        <line number="183" hits="1" branch="false"/>
                        <line number="66" hits="1" branch="false"/>
                        <line number="95" hits="1" branch="true"/>
                        <line number="143" hits="1" branch="false"/>
                        <line number="147" hits="1" branch="false"/>
                        <line number="108" hits="1" branch="false"/>
                        <line number="115" hits="1" branch="false"/>
                        <line number="163" hits="1" branch="false"/>
                        <line number="34" hits="1" branch="false"/>
                        <line number="127" hits="1" branch="false"/>
                        <line number="105" hits="1" branch="true"/>
                        <line number="132" hits="1" branch="true"/>
                        <line number="51" hits="1" branch="false"/>
                        <line number="53" hits="1" branch="true"/>
                        <line number="96" hits="1" branch="true"/>
                        <line number="101" hits="1" branch="false"/>
                        <line number="79" hits="1" branch="false"/>
                        <line number="80" hits="1" branch="true"/>
                        <line number="70" hits="1" branch="false"/>
                        <line number="75" hits="1" branch="false"/>
                        <line number="59" hits="1" branch="false"/>
                        <line number="64" hits="1" branch="false"/>
                        <line number="67" hits="1" branch="false"/>
                        <line number="111" hits="1" branch="true"/>
                        <line number="117" hits="1" branch="true"/>
                        <line number="39" hits="1" branch="false"/>
                        <line number="44" hits="1" branch="false"/>
                        <line number="138" hits="1" branch="true"/>
                        <line number="52" hits="1" branch="false"/>
                        <line number="36" hits="1" branch="true"/>
                        <line number="55" hits="1" branch="true"/>
                        <line number="27" hits="1" branch="true"/>
                        <line number="32" hits="1" branch="false"/>
                        <line number="97" hits="1" branch="true"/>
                        <line number="41" hits="1" branch="false"/>
                        <line number="74" hits="1" branch="true"/>
                        <line number="47" hits="1" branch="false"/>
                        <line number="79" hits="1" branch="false"/>
                        <line number="68" hits="1" branch="false"/>
                        <line number="19" hits="1" branch="false"/>
                        <line number="71" hits="1" branch="false"/>
                        <line number="61" hits="1" branch="false"/>
                        <line number="65" hits="1" branch="false"/>
                        <line number="203" hits="1" branch="false"/>
                        <line number="28" hits="1" branch="true"/>
                        <line number="33" hits="1" branch="false"/>
                        <line number="160" hits="1" branch="false"/>
                        <line number="162" hits="1" branch="true"/>
                        <line number="200" hits="1" branch="false"/>
                        <line number="48" hits="1" branch="true"/>
                        <line number="53" hits="1" branch="false"/>
                        <line number="58" hits="1" branch="false"/>
                        <line number="189" hits="1" branch="false"/>
                        <line number="196" hits="1" branch="false"/>
                        <line number="42" hits="1" branch="false"/>
                        <line number="175" hits="1" branch="true"/>
                        <line number="182" hits="1" branch="false"/>
                        <line number="63" hits="1" branch="false"/>
                        <line number="38" hits="1" branch="false"/>
                        <line number="138" hits="1" branch="false"/>
                        <line number="26" hits="1" branch="true"/>
                        <line number="29" hits="1" branch="true"/>
                        <line number="156" hits="1" branch="false"/>
                        <line number="148" hits="1" branch="false"/>
                        <line number="132" hits="1" branch="false"/>
                        <line number="201" hits="1" branch="false"/>
                        <line number="186" hits="1" branch="true"/>
                        <line number="117" hits="1" branch="false"/>
                        <line number="126" hits="1" branch="false"/>
                        <line number="153" hits="1" branch="true"/>
                        <line number="198" hits="1" branch="false"/>
                        <line number="177" hits="1" branch="false"/>
                        <line number="184" hits="1" branch="false"/>
                        <line number="161" hits="1" branch="false"/>
                        <line number="145" hits="1" branch="false"/>
                        <line number="199" hits="1" branch="false"/>
                        <line number="102" hits="1" branch="false"/>
                        <line number="79" hits="1" branch="false"/>
                        <line number="106" hits="1" branch="true"/>
                        <line number="157" hits="1" branch="false"/>
                        <line number="162" hits="1" branch="false"/>
                        <line number="97" hits="1" branch="false"/>
                        <line number="75" hits="1" branch="false"/>
                        <line number="128" hits="1" branch="false"/>
                        <line number="178" hits="1" branch="false"/>
                        <line number="83" hits="1" branch="false"/>
                        <line number="146" hits="1" branch="false"/>
                        <line number="149" hits="1" branch="false"/>
                        <line number="133" hits="1" branch="true"/>
                        <line number="110" hits="1" branch="true"/>
                        <line number="139" hits="1" branch="false"/>
                        <line number="186" hits="1" branch="false"/>
                        <line number="122" hits="1" branch="false"/>
                        <line number="194" hits="1" branch="false"/>
                        <line number="165" hits="1" branch="false"/>
                    </lines>
</class>
                <class 
                name="FrogInterpreter.Syntax" filename="FrogInterpreter/Syntax.scala" line-rate="1.00" branch-rate="1.00" complexity="0">
                    <methods>
                        <method name="FrogInterpreter/Syntax/swapVar" signature="()V" line-rate="1.00" branch-rate="1.00" complexity="0">
                            <lines>
                                <line number="149" hits="1" branch="true"/>
                                <line number="149" hits="1" branch="true"/>
                                <line number="149" hits="1" branch="true"/>
                                <line number="149" hits="1" branch="true"/>
                                <line number="148" hits="1" branch="false"/>
                            </lines>
                        </method>
                    </methods>
                    <lines>
                        <line number="149" hits="1" branch="true"/>
                        <line number="149" hits="1" branch="true"/>
                        <line number="149" hits="1" branch="true"/>
                        <line number="149" hits="1" branch="true"/>
                        <line number="148" hits="1" branch="false"/>
                    </lines>
</class>
                <class 
                name="FrogInterpreter.Value" filename="FrogInterpreter/Interpreter.scala" line-rate="1.00" branch-rate="1.00" complexity="0">
                    <methods>
                        <method name="FrogInterpreter/Value/length" signature="()V" line-rate="1.00" branch-rate="1.00" complexity="0">
                            <lines>
                                <line number="348" hits="1" branch="true"/>
                                <line number="347" hits="1" branch="false"/>
                                <line number="349" hits="1" branch="true"/>
                                <line number="348" hits="1" branch="false"/>
                                <line number="349" hits="1" branch="false"/>
                                <line number="348" hits="1" branch="false"/>
                            </lines>
                        </method>
                        <method name="FrogInterpreter/Value/index" signature="()V" line-rate="1.00" branch-rate="1.00" complexity="0">
                            <lines>
                                <line number="351" hits="1" branch="false"/>
                                <line number="352" hits="1" branch="false"/>
                                <line number="353" hits="1" branch="true"/>
                                <line number="352" hits="1" branch="false"/>
                                <line number="353" hits="1" branch="false"/>
                                <line number="352" hits="1" branch="true"/>
                            </lines>
                        </method>
                        <method name="FrogInterpreter/Value/less" signature="()V" line-rate="1.00" branch-rate="1.00" complexity="0">
                            <lines>
                                <line number="344" hits="1" branch="true"/>
                                <line number="344" hits="1" branch="false"/>
                                <line number="345" hits="1" branch="true"/>
                                <line number="344" hits="1" branch="false"/>
                                <line number="345" hits="1" branch="false"/>
                                <line number="343" hits="1" branch="false"/>
                            </lines>
                        </method>
                        <method name="FrogInterpreter/Value/subtract" signature="()V" line-rate="1.00" branch-rate="1.00" complexity="0">
                            <lines>
                                <line number="327" hits="1" branch="true"/>
                                <line number="326" hits="1" branch="false"/>
                                <line number="327" hits="1" branch="false"/>
                                <line number="327" hits="1" branch="false"/>
                                <line number="328" hits="1" branch="true"/>
                                <line number="328" hits="1" branch="false"/>
                                <line number="327" hits="1" branch="false"/>
                            </lines>
                        </method>
                        <method name="FrogInterpreter/Value/multiply" signature="()V" line-rate="1.00" branch-rate="1.00" complexity="0">
                            <lines>
                                <line number="332" hits="1" branch="true"/>
                                <line number="331" hits="1" branch="false"/>
                                <line number="332" hits="1" branch="false"/>
                                <line number="330" hits="1" branch="false"/>
                                <line number="331" hits="1" branch="false"/>
                                <line number="331" hits="1" branch="true"/>
                                <line number="331" hits="1" branch="false"/>
                            </lines>
                        </method>
                        <method name="FrogInterpreter/Value/eq" signature="()V" line-rate="1.00" branch-rate="1.00" complexity="0">
                            <lines>
                                <line number="334" hits="1" branch="false"/>
                                <line number="336" hits="1" branch="true"/>
                                <line number="338" hits="1" branch="true"/>
                                <line number="341" hits="1" branch="true"/>
                                <line number="335" hits="1" branch="true"/>
                                <line number="337" hits="1" branch="true"/>
                                <line number="341" hits="1" branch="false"/>
                                <line number="339" hits="1" branch="true"/>
                            </lines>
                        </method>
                        <method name="FrogInterpreter/Value/add" signature="()V" line-rate="1.00" branch-rate="1.00" complexity="0">
                            <lines>
                                <line number="323" hits="1" branch="false"/>
                                <line number="324" hits="1" branch="false"/>
                                <line number="322" hits="1" branch="false"/>
                                <line number="323" hits="1" branch="false"/>
                                <line number="323" hits="1" branch="true"/>
                                <line number="323" hits="1" branch="false"/>
                                <line number="324" hits="1" branch="true"/>
                            </lines>
                        </method>
                        <method name="FrogInterpreter/Value/concat" signature="()V" line-rate="1.00" branch-rate="1.00" complexity="0">
                            <lines>
                                <line number="356" hits="1" branch="true"/>
                                <line number="356" hits="1" branch="false"/>
                                <line number="357" hits="1" branch="true"/>
                                <line number="356" hits="1" branch="false"/>
                                <line number="357" hits="1" branch="false"/>
                                <line number="355" hits="1" branch="false"/>
                            </lines>
                        </method>
                    </methods>
                    <lines>
                        <line number="351" hits="1" branch="false"/>
                        <line number="332" hits="1" branch="true"/>
                        <line number="334" hits="1" branch="false"/>
                        <line number="323" hits="1" branch="false"/>
                        <line number="327" hits="1" branch="true"/>
                        <line number="348" hits="1" branch="true"/>
                        <line number="336" hits="1" branch="true"/>
                        <line number="326" hits="1" branch="false"/>
                        <line number="347" hits="1" branch="false"/>
                        <line number="356" hits="1" branch="true"/>
                        <line number="344" hits="1" branch="true"/>
                        <line number="324" hits="1" branch="false"/>
                        <line number="327" hits="1" branch="false"/>
                        <line number="344" hits="1" branch="false"/>
                        <line number="356" hits="1" branch="false"/>
                        <line number="349" hits="1" branch="true"/>
                        <line number="338" hits="1" branch="true"/>
                        <line number="345" hits="1" branch="true"/>
                        <line number="352" hits="1" branch="false"/>
                        <line number="357" hits="1" branch="true"/>
                        <line number="322" hits="1" branch="false"/>
                        <line number="331" hits="1" branch="false"/>
                        <line number="341" hits="1" branch="true"/>
                        <line number="327" hits="1" branch="false"/>
                        <line number="332" hits="1" branch="false"/>
                        <line number="323" hits="1" branch="false"/>
                        <line number="353" hits="1" branch="true"/>
                        <line number="348" hits="1" branch="false"/>
                        <line number="335" hits="1" branch="true"/>
                        <line number="323" hits="1" branch="true"/>
                        <line number="328" hits="1" branch="true"/>
                        <line number="349" hits="1" branch="false"/>
                        <line number="356" hits="1" branch="false"/>
                        <line number="328" hits="1" branch="false"/>
                        <line number="330" hits="1" branch="false"/>
                        <line number="344" hits="1" branch="false"/>
                        <line number="323" hits="1" branch="false"/>
                        <line number="345" hits="1" branch="false"/>
                        <line number="331" hits="1" branch="false"/>
                        <line number="357" hits="1" branch="false"/>
                        <line number="337" hits="1" branch="true"/>
                        <line number="324" hits="1" branch="true"/>
                        <line number="352" hits="1" branch="false"/>
                        <line number="348" hits="1" branch="false"/>
                        <line number="353" hits="1" branch="false"/>
                        <line number="331" hits="1" branch="true"/>
                        <line number="341" hits="1" branch="false"/>
                        <line number="327" hits="1" branch="false"/>
                        <line number="352" hits="1" branch="true"/>
                        <line number="355" hits="1" branch="false"/>
                        <line number="339" hits="1" branch="true"/>
                        <line number="343" hits="1" branch="false"/>
                        <line number="331" hits="1" branch="false"/>
                    </lines>
</class>
                <class 
                name="FrogInterpreter.Typer" filename="FrogInterpreter/Typer.scala" line-rate="0.99" branch-rate="0.99" complexity="0">
                    <methods>
                        <method name="FrogInterpreter/Typer/$anonfun" signature="()V" line-rate="1.00" branch-rate="1.00" complexity="0">
                            <lines>
                                <line number="143" hits="1" branch="false"/>
                                <line number="149" hits="1" branch="false"/>
                                <line number="412" hits="1" branch="false"/>
                                <line number="177" hits="1" branch="false"/>
                                <line number="115" hits="1" branch="false"/>
                                <line number="301" hits="1" branch="false"/>
                                <line number="410" hits="1" branch="false"/>
                                <line number="412" hits="1" branch="true"/>
                                <line number="143" hits="1" branch="true"/>
                                <line number="149" hits="1" branch="false"/>
                                <line number="43" hits="1" branch="true"/>
                                <line number="114" hits="1" branch="false"/>
                                <line number="117" hits="1" branch="false"/>
                                <line number="37" hits="1" branch="true"/>
                                <line number="302" hits="1" branch="true"/>
                                <line number="301" hits="1" branch="false"/>
                                <line number="177" hits="1" branch="false"/>
                                <line number="174" hits="1" branch="true"/>
                                <line number="177" hits="1" branch="false"/>
                                <line number="409" hits="1" branch="true"/>
                                <line number="412" hits="1" branch="false"/>
                                <line number="143" hits="1" branch="false"/>
                                <line number="149" hits="1" branch="false"/>
                                <line number="114" hits="1" branch="false"/>
                                <line number="176" hits="1" branch="false"/>
                                <line number="150" hits="1" branch="false"/>
                                <line number="411" hits="1" branch="false"/>
                                <line number="119" hits="1" branch="true"/>
                                <line number="316" hits="1" branch="false"/>
                                <line number="300" hits="1" branch="false"/>
                                <line number="412" hits="1" branch="false"/>
                                <line number="149" hits="1" branch="false"/>
                                <line number="150" hits="1" branch="true"/>
                                <line number="38" hits="1" branch="true"/>
                                <line number="114" hits="1" branch="true"/>
                                <line number="143" hits="1" branch="false"/>
                                <line number="328" hits="1" branch="false"/>
                                <line number="42" hits="1" branch="false"/>
                                <line number="301" hits="1" branch="false"/>
                                <line number="113" hits="1" branch="false"/>
                                <line number="16" hits="1" branch="false"/>
                                <line number="287" hits="1" branch="false"/>
                                <line number="44" hits="1" branch="true"/>
                                <line number="301" hits="1" branch="true"/>
                                <line number="36" hits="1" branch="false"/>
                                <line number="176" hits="1" branch="false"/>
                                <line number="412" hits="1" branch="false"/>
                                <line number="177" hits="1" branch="false"/>
                                <line number="150" hits="1" branch="false"/>
                                <line number="143" hits="1" branch="false"/>
                                <line number="148" hits="1" branch="false"/>
                                <line number="412" hits="1" branch="false"/>
                                <line number="143" hits="1" branch="false"/>
                                <line number="149" hits="1" branch="false"/>
                                <line number="115" hits="1" branch="true"/>
                                <line number="177" hits="1" branch="false"/>
                                <line number="44" hits="1" branch="false"/>
                                <line number="411" hits="1" branch="false"/>
                                <line number="114" hits="1" branch="false"/>
                                <line number="119" hits="1" branch="false"/>
                                <line number="149" hits="1" branch="true"/>
                                <line number="144" hits="1" branch="true"/>
                                <line number="38" hits="1" branch="false"/>
                                <line number="114" hits="1" branch="false"/>
                                <line number="87" hits="1" branch="false"/>
                                <line number="301" hits="1" branch="false"/>
                                <line number="301" hits="1" branch="false"/>
                                <line number="177" hits="1" branch="true"/>
                                <line number="175" hits="1" branch="false"/>
                                <line number="147" hits="1" branch="true"/>
                                <line number="150" hits="1" branch="false"/>
                                <line number="411" hits="1" branch="true"/>
                                <line number="142" hits="1" branch="false"/>
                                <line number="176" hits="1" branch="true"/>
                                <line number="114" hits="1" branch="false"/>
                                <line number="121" hits="1" branch="true"/>
                            </lines>
                        </method>
                        <method name="FrogInterpreter/Typer/tyCheck" signature="()V" line-rate="1.00" branch-rate="1.00" complexity="0">
                            <lines>
                                <line number="186" hits="1" branch="false"/>
                                <line number="167" hits="1" branch="false"/>
                                <line number="92" hits="1" branch="true"/>
                                <line number="101" hits="1" branch="false"/>
                                <line number="110" hits="1" branch="true"/>
                                <line number="142" hits="1" branch="true"/>
                                <line number="156" hits="1" branch="false"/>
                                <line number="162" hits="1" branch="false"/>
                                <line number="64" hits="1" branch="false"/>
                                <line number="71" hits="1" branch="false"/>
                                <line number="130" hits="1" branch="false"/>
                                <line number="137" hits="1" branch="false"/>
                                <line number="125" hits="1" branch="false"/>
                                <line number="171" hits="1" branch="false"/>
                                <line number="80" hits="1" branch="false"/>
                                <line number="87" hits="1" branch="false"/>
                                <line number="125" hits="1" branch="false"/>
                                <line number="103" hits="1" branch="false"/>
                                <line number="65" hits="1" branch="false"/>
                                <line number="74" hits="1" branch="false"/>
                                <line number="130" hits="1" branch="true"/>
                                <line number="91" hits="1" branch="true"/>
                                <line number="81" hits="1" branch="false"/>
                                <line number="61" hits="1" branch="false"/>
                                <line number="89" hits="1" branch="false"/>
                                <line number="137" hits="1" branch="true"/>
                                <line number="64" hits="1" branch="false"/>
                                <line number="69" hits="1" branch="false"/>
                                <line number="97" hits="1" branch="true"/>
                                <line number="88" hits="1" branch="true"/>
                                <line number="93" hits="1" branch="false"/>
                                <line number="77" hits="1" branch="false"/>
                                <line number="83" hits="1" branch="false"/>
                                <line number="188" hits="1" branch="false"/>
                                <line number="171" hits="1" branch="true"/>
                                <line number="165" hits="1" branch="true"/>
                                <line number="167" hits="1" branch="false"/>
                                <line number="187" hits="1" branch="true"/>
                                <line number="168" hits="1" branch="false"/>
                                <line number="186" hits="1" branch="true"/>
                                <line number="157" hits="1" branch="false"/>
                                <line number="161" hits="1" branch="true"/>
                                <line number="130" hits="1" branch="false"/>
                                <line number="139" hits="1" branch="false"/>
                                <line number="152" hits="1" branch="true"/>
                                <line number="146" hits="1" branch="false"/>
                                <line number="135" hits="1" branch="false"/>
                                <line number="142" hits="1" branch="false"/>
                                <line number="173" hits="1" branch="true"/>
                                <line number="188" hits="1" branch="false"/>
                                <line number="167" hits="1" branch="true"/>
                                <line number="90" hits="1" branch="true"/>
                                <line number="161" hits="1" branch="false"/>
                                <line number="159" hits="1" branch="true"/>
                                <line number="82" hits="1" branch="true"/>
                                <line number="91" hits="1" branch="false"/>
                                <line number="98" hits="1" branch="false"/>
                                <line number="156" hits="1" branch="false"/>
                                <line number="125" hits="1" branch="true"/>
                                <line number="111" hits="1" branch="false"/>
                                <line number="162" hits="1" branch="false"/>
                                <line number="134" hits="1" branch="true"/>
                                <line number="124" hits="1" branch="false"/>
                                <line number="101" hits="1" branch="false"/>
                                <line number="123" hits="1" branch="true"/>
                                <line number="156" hits="1" branch="false"/>
                                <line number="80" hits="1" branch="true"/>
                                <line number="93" hits="1" branch="false"/>
                                <line number="70" hits="1" branch="true"/>
                                <line number="77" hits="1" branch="true"/>
                                <line number="64" hits="1" branch="false"/>
                                <line number="63" hits="1" branch="true"/>
                                <line number="69" hits="1" branch="true"/>
                                <line number="81" hits="1" branch="false"/>
                                <line number="61" hits="1" branch="false"/>
                                <line number="94" hits="1" branch="true"/>
                                <line number="117" hits="1" branch="false"/>
                                <line number="125" hits="1" branch="false"/>
                                <line number="100" hits="1" branch="true"/>
                                <line number="86" hits="1" branch="true"/>
                                <line number="62" hits="1" branch="true"/>
                                <line number="74" hits="1" branch="true"/>
                                <line number="60" hits="1" branch="true"/>
                                <line number="188" hits="1" branch="false"/>
                                <line number="179" hits="1" branch="false"/>
                                <line number="188" hits="1" branch="false"/>
                                <line number="169" hits="1" branch="true"/>
                                <line number="161" hits="1" branch="false"/>
                                <line number="167" hits="1" branch="false"/>
                                <line number="180" hits="1" branch="true"/>
                                <line number="156" hits="1" branch="false"/>
                                <line number="162" hits="1" branch="false"/>
                                <line number="167" hits="1" branch="false"/>
                                <line number="138" hits="1" branch="false"/>
                                <line number="187" hits="1" branch="false"/>
                                <line number="188" hits="1" branch="true"/>
                                <line number="125" hits="1" branch="false"/>
                                <line number="130" hits="1" branch="false"/>
                                <line number="113" hits="1" branch="false"/>
                                <line number="94" hits="1" branch="false"/>
                                <line number="101" hits="1" branch="false"/>
                                <line number="152" hits="1" branch="false"/>
                                <line number="156" hits="1" branch="true"/>
                                <line number="173" hits="1" branch="false"/>
                                <line number="163" hits="1" branch="true"/>
                                <line number="155" hits="1" branch="false"/>
                                <line number="140" hits="1" branch="false"/>
                                <line number="155" hits="1" branch="true"/>
                                <line number="61" hits="1" branch="false"/>
                                <line number="65" hits="1" branch="true"/>
                                <line number="125" hits="1" branch="false"/>
                                <line number="102" hits="1" branch="true"/>
                                <line number="134" hits="1" branch="false"/>
                                <line number="89" hits="1" branch="true"/>
                                <line number="97" hits="1" branch="false"/>
                                <line number="168" hits="1" branch="false"/>
                                <line number="75" hits="1" branch="false"/>
                                <line number="80" hits="1" branch="true"/>
                                <line number="70" hits="1" branch="false"/>
                                <line number="100" hits="1" branch="false"/>
                                <line number="78" hits="1" branch="false"/>
                                <line number="84" hits="1" branch="false"/>
                                <line number="64" hits="1" branch="false"/>
                                <line number="135" hits="1" branch="false"/>
                                <line number="93" hits="1" branch="false"/>
                                <line number="113" hits="1" branch="true"/>
                                <line number="126" hits="1" branch="true"/>
                                <line number="110" hits="1" branch="false"/>
                                <line number="188" hits="1" branch="false"/>
                                <line number="64" hits="1" branch="false"/>
                                <line number="71" hits="1" branch="true"/>
                                <line number="81" hits="1" branch="false"/>
                                <line number="57" hits="1" branch="false"/>
                                <line number="163" hits="1" branch="false"/>
                                <line number="188" hits="1" branch="false"/>
                                <line number="168" hits="1" branch="false"/>
                                <line number="140" hits="1" branch="true"/>
                                <line number="157" hits="1" branch="true"/>
                                <line number="167" hits="1" branch="false"/>
                                <line number="169" hits="1" branch="false"/>
                                <line number="156" hits="1" branch="false"/>
                                <line number="161" hits="1" branch="false"/>
                                <line number="126" hits="1" branch="false"/>
                                <line number="135" hits="1" branch="false"/>
                                <line number="180" hits="1" branch="false"/>
                                <line number="188" hits="1" branch="false"/>
                            </lines>
                        </method>
                        <method name="FrogInterpreter/Typer/help" signature="()V" line-rate="0.78" branch-rate="0.80" complexity="0">
                            <lines>
                                <line number="312" hits="0" branch="false"/>
                                <line number="308" hits="1" branch="false"/>
                                <line number="310" hits="1" branch="false"/>
                                <line number="304" hits="1" branch="false"/>
                                <line number="310" hits="1" branch="true"/>
                                <line number="308" hits="1" branch="false"/>
                                <line number="310" hits="1" branch="false"/>
                                <line number="306" hits="1" branch="false"/>
                                <line number="312" hits="0" branch="false"/>
                                <line number="308" hits="1" branch="false"/>
                                <line number="309" hits="1" branch="true"/>
                                <line number="307" hits="1" branch="true"/>
                                <line number="312" hits="0" branch="true"/>
                                <line number="310" hits="1" branch="false"/>
                                <line number="305" hits="1" branch="true"/>
                                <line number="312" hits="0" branch="false"/>
                                <line number="308" hits="1" branch="false"/>
                                <line number="308" hits="1" branch="false"/>
                            </lines>
                        </method>
                        <method name="FrogInterpreter/Typer/&lt;init&gt;" signature="()V" line-rate="1.00" branch-rate="1.00" complexity="0">
                            <lines>
                                <line number="11" hits="1" branch="false"/>
                            </lines>
                        </method>
                        <method name="FrogInterpreter/Typer/isEqType" signature="()V" line-rate="1.00" branch-rate="1.00" complexity="0">
                            <lines>
                                <line number="15" hits="1" branch="true"/>
                                <line number="16" hits="1" branch="true"/>
                                <line number="17" hits="1" branch="true"/>
                                <line number="17" hits="1" branch="false"/>
                                <line number="14" hits="1" branch="false"/>
                                <line number="17" hits="1" branch="false"/>
                                <line number="18" hits="1" branch="true"/>
                                <line number="16" hits="1" branch="false"/>
                            </lines>
                        </method>
                        <method name="FrogInterpreter/Typer/subtype" signature="()V" line-rate="1.00" branch-rate="1.00" complexity="0">
                            <lines>
                                <line number="26" hits="1" branch="true"/>
                                <line number="32" hits="1" branch="true"/>
                                <line number="29" hits="1" branch="true"/>
                                <line number="40" hits="1" branch="true"/>
                                <line number="30" hits="1" branch="true"/>
                                <line number="34" hits="1" branch="true"/>
                                <line number="48" hits="1" branch="true"/>
                                <line number="31" hits="1" branch="false"/>
                                <line number="46" hits="1" branch="true"/>
                                <line number="33" hits="1" branch="false"/>
                                <line number="28" hits="1" branch="true"/>
                                <line number="36" hits="1" branch="false"/>
                                <line number="47" hits="1" branch="false"/>
                                <line number="31" hits="1" branch="false"/>
                                <line number="33" hits="1" branch="false"/>
                                <line number="24" hits="1" branch="false"/>
                                <line number="42" hits="1" branch="false"/>
                                <line number="27" hits="1" branch="true"/>
                            </lines>
                        </method>
                        <method name="FrogInterpreter/Typer/tyInfer" signature="()V" line-rate="0.99" branch-rate="0.99" complexity="0">
                            <lines>
                                <line number="391" hits="1" branch="false"/>
                                <line number="355" hits="1" branch="true"/>
                                <line number="381" hits="1" branch="true"/>
                                <line number="341" hits="1" branch="false"/>
                                <line number="349" hits="1" branch="false"/>
                                <line number="402" hits="1" branch="false"/>
                                <line number="406" hits="1" branch="false"/>
                                <line number="334" hits="1" branch="true"/>
                                <line number="397" hits="1" branch="false"/>
                                <line number="361" hits="1" branch="true"/>
                                <line number="366" hits="1" branch="false"/>
                                <line number="370" hits="1" branch="true"/>
                                <line number="418" hits="1" branch="false"/>
                                <line number="297" hits="1" branch="false"/>
                                <line number="300" hits="1" branch="true"/>
                                <line number="358" hits="1" branch="false"/>
                                <line number="379" hits="1" branch="true"/>
                                <line number="291" hits="1" branch="false"/>
                                <line number="351" hits="1" branch="false"/>
                                <line number="374" hits="1" branch="false"/>
                                <line number="382" hits="1" branch="false"/>
                                <line number="365" hits="1" branch="true"/>
                                <line number="343" hits="1" branch="false"/>
                                <line number="403" hits="1" branch="false"/>
                                <line number="327" hits="1" branch="true"/>
                                <line number="335" hits="1" branch="true"/>
                                <line number="392" hits="1" branch="true"/>
                                <line number="398" hits="1" branch="false"/>
                                <line number="255" hits="1" branch="false"/>
                                <line number="298" hits="1" branch="true"/>
                                <line number="354" hits="1" branch="false"/>
[...]
                        <line number="446" hits="1" branch="false"/>
                        <line number="263" hits="1" branch="false"/>
                        <line number="242" hits="1" branch="true"/>
                        <line number="248" hits="1" branch="true"/>
                        <line number="300" hits="1" branch="false"/>
                        <line number="468" hits="1" branch="false"/>
                        <line number="230" hits="1" branch="true"/>
                        <line number="236" hits="1" branch="false"/>
                        <line number="478" hits="1" branch="false"/>
                        <line number="283" hits="1" branch="false"/>
                        <line number="453" hits="1" branch="true"/>
                        <line number="461" hits="1" branch="false"/>
                        <line number="311" hits="1" branch="true"/>
                        <line number="485" hits="1" branch="true"/>
                        <line number="306" hits="1" branch="true"/>
                        <line number="288" hits="1" branch="false"/>
                        <line number="446" hits="1" branch="true"/>
                        <line number="271" hits="1" branch="false"/>
                        <line number="421" hits="1" branch="false"/>
                        <line number="463" hits="1" branch="false"/>
                        <line number="469" hits="1" branch="true"/>
                        <line number="273" hits="1" branch="false"/>
                        <line number="278" hits="1" branch="false"/>
                        <line number="438" hits="1" branch="true"/>
                        <line number="258" hits="1" branch="true"/>
                        <line number="237" hits="1" branch="false"/>
                        <line number="266" hits="1" branch="false"/>
                        <line number="244" hits="1" branch="false"/>
                        <line number="429" hits="1" branch="false"/>
                        <line number="432" hits="1" branch="true"/>
                        <line number="417" hits="1" branch="false"/>
                        <line number="441" hits="1" branch="false"/>
                        <line number="490" hits="1" branch="false"/>
                        <line number="222" hits="1" branch="false"/>
                        <line number="249" hits="1" branch="true"/>
                        <line number="231" hits="1" branch="true"/>
                        <line number="400" hits="1" branch="false"/>
                        <line number="405" hits="1" branch="true"/>
                        <line number="454" hits="1" branch="true"/>
                        <line number="479" hits="1" branch="true"/>
                        <line number="458" hits="1" branch="false"/>
                        <line number="448" hits="1" branch="true"/>
                        <line number="384" hits="1" branch="false"/>
                        <line number="409" hits="1" branch="false"/>
                        <line number="391" hits="1" branch="false"/>
                        <line number="441" hits="1" branch="false"/>
                        <line number="396" hits="1" branch="true"/>
                        <line number="445" hits="1" branch="false"/>
                        <line number="447" hits="1" branch="true"/>
                        <line number="232" hits="1" branch="true"/>
                        <line number="454" hits="1" branch="true"/>
                        <line number="459" hits="1" branch="true"/>
                        <line number="380" hits="1" branch="false"/>
                        <line number="431" hits="1" branch="false"/>
                        <line number="430" hits="1" branch="true"/>
                        <line number="229" hits="1" branch="true"/>
                        <line number="418" hits="1" branch="false"/>
                        <line number="423" hits="1" branch="true"/>
                        <line number="402" hits="1" branch="false"/>
                        <line number="465" hits="1" branch="false"/>
                        <line number="473" hits="1" branch="true"/>
                        <line number="418" hits="1" branch="true"/>
                        <line number="425" hits="1" branch="true"/>
                        <line number="305" hits="1" branch="false"/>
                        <line number="397" hits="1" branch="true"/>
                        <line number="311" hits="1" branch="false"/>
                        <line number="406" hits="1" branch="false"/>
                        <line number="389" hits="1" branch="false"/>
                        <line number="413" hits="1" branch="true"/>
                        <line number="393" hits="1" branch="false"/>
                        <line number="286" hits="1" branch="true"/>
                        <line number="297" hits="1" branch="true"/>
                        <line number="382" hits="1" branch="false"/>
                        <line number="433" hits="1" branch="false"/>
                        <line number="438" hits="1" branch="false"/>
                        <line number="258" hits="1" branch="false"/>
                        <line number="308" hits="1" branch="false"/>
                        <line number="381" hits="1" branch="true"/>
                        <line number="272" hits="1" branch="true"/>
                        <line number="299" hits="1" branch="true"/>
                        <line number="289" hits="1" branch="false"/>
                        <line number="283" hits="1" branch="true"/>
                        <line number="388" hits="1" branch="true"/>
                        <line number="393" hits="1" branch="true"/>
                        <line number="375" hits="1" branch="true"/>
                        <line number="278" hits="1" branch="false"/>
                        <line number="281" hits="1" branch="false"/>
                        <line number="266" hits="1" branch="false"/>
                        <line number="249" hits="1" branch="false"/>
                        <line number="298" hits="1" branch="false"/>
                        <line number="279" hits="1" branch="false"/>
                        <line number="284" hits="1" branch="false"/>
                        <line number="454" hits="1" branch="true"/>
                        <line number="267" hits="1" branch="false"/>
                        <line number="244" hits="1" branch="true"/>
                        <line number="276" hits="1" branch="false"/>
                        <line number="232" hits="1" branch="false"/>
                        <line number="239" hits="1" branch="false"/>
                        <line number="459" hits="1" branch="false"/>
                        <line number="461" hits="1" branch="true"/>
                        <line number="261" hits="1" branch="false"/>
                        <line number="369" hits="1" branch="false"/>
                        <line number="252" hits="1" branch="true"/>
                        <line number="301" hits="1" branch="true"/>
                        <line number="309" hits="1" branch="true"/>
                        <line number="290" hits="1" branch="true"/>
                        <line number="474" hits="1" branch="false"/>
                        <line number="481" hits="1" branch="true"/>
                        <line number="226" hits="1" branch="true"/>
                        <line number="245" hits="1" branch="true"/>
                        <line number="418" hits="1" branch="false"/>
                        <line number="475" hits="1" branch="true"/>
                        <line number="238" hits="1" branch="true"/>
                        <line number="277" hits="1" branch="false"/>
                        <line number="280" hits="1" branch="false"/>
                        <line number="455" hits="1" branch="true"/>
                        <line number="461" hits="1" branch="false"/>
                        <line number="446" hits="1" branch="false"/>
                        <line number="468" hits="1" branch="false"/>
                        <line number="262" hits="1" branch="true"/>
                        <line number="286" hits="1" branch="false"/>
                        <line number="270" hits="1" branch="true"/>
                        <line number="437" hits="1" branch="true"/>
                        <line number="442" hits="1" branch="false"/>
                        <line number="230" hits="1" branch="false"/>
                        <line number="257" hits="1" branch="false"/>
                        <line number="236" hits="1" branch="false"/>
                        <line number="424" hits="1" branch="false"/>
                        <line number="433" hits="1" branch="false"/>
                        <line number="486" hits="1" branch="false"/>
                        <line number="451" hits="1" branch="true"/>
                        <line number="389" hits="1" branch="false"/>
                        <line number="416" hits="1" branch="false"/>
                        <line number="393" hits="1" branch="false"/>
                        <line number="382" hits="1" branch="false"/>
                        <line number="487" hits="1" branch="true"/>
                        <line number="231" hits="1" branch="false"/>
                        <line number="237" hits="1" branch="false"/>
                        <line number="406" hits="1" branch="false"/>
                        <line number="457" hits="1" branch="false"/>
                        <line number="462" hits="1" branch="true"/>
                        <line number="371" hits="1" branch="true"/>
                        <line number="400" hits="1" branch="false"/>
                        <line number="447" hits="1" branch="false"/>
                        <line number="433" hits="1" branch="false"/>
                        <line number="453" hits="1" branch="false"/>
                        <line number="441" hits="1" branch="false"/>
                        <line number="243" hits="1" branch="true"/>
                        <line number="421" hits="1" branch="false"/>
                        <line number="439" hits="1" branch="true"/>
                        <line number="429" hits="1" branch="false"/>
                        <line number="469" hits="1" branch="false"/>
                        <line number="480" hits="1" branch="false"/>
                        <line number="431" hits="1" branch="true"/>
                        <line number="441" hits="1" branch="false"/>
                        <line number="422" hits="1" branch="false"/>
                        <line number="430" hits="1" branch="false"/>
                        <line number="309" hits="1" branch="false"/>
                        <line number="402" hits="1" branch="false"/>
                        <line number="409" hits="1" branch="false"/>
                        <line number="417" hits="1" branch="true"/>
                        <line number="380" hits="1" branch="false"/>
                        <line number="384" hits="1" branch="false"/>
                        <line number="391" hits="1" branch="false"/>
                        <line number="392" hits="1" branch="true"/>
                        <line number="445" hits="1" branch="false"/>
                        <line number="449" hits="1" branch="true"/>
                        <line number="305" hits="1" branch="false"/>
                        <line number="379" hits="1" branch="true"/>
                        <line number="387" hits="1" branch="true"/>
                        <line number="270" hits="1" branch="false"/>
                        <line number="276" hits="1" branch="true"/>
                        <line number="401" hits="1" branch="true"/>
                        <line number="412" hits="1" branch="true"/>
                        <line number="310" hits="1" branch="true"/>
                        <line number="291" hits="1" branch="true"/>
                        <line number="298" hits="1" branch="false"/>
                        <line number="392" hits="1" branch="false"/>
                        <line number="398" hits="1" branch="false"/>
                        <line number="279" hits="1" branch="true"/>
                        <line number="284" hits="1" branch="true"/>
                        <line number="231" hits="1" branch="false"/>
                        <line number="300" hits="1" branch="false"/>
                        <line number="280" hits="1" branch="true"/>
                        <line number="467" hits="1" branch="true"/>
                        <line number="271" hits="1" branch="false"/>
                        <line number="277" hits="1" branch="true"/>
                        <line number="236" hits="1" branch="true"/>
                        <line number="293" hits="1" branch="false"/>
                        <line number="263" hits="1" branch="true"/>
                        <line number="288" hits="1" branch="true"/>
                        <line number="249" hits="1" branch="false"/>
                        <line number="258" hits="1" branch="false"/>
                        <line number="307" hits="1" branch="false"/>
                        <line number="219" hits="1" branch="false"/>
                        <line number="477" hits="1" branch="true"/>
                        <line number="243" hits="1" branch="false"/>
                        <line number="488" hits="1" branch="false"/>
                        <line number="271" hits="1" branch="true"/>
                        <line number="252" hits="1" branch="false"/>
                        <line number="237" hits="1" branch="true"/>
                        <line number="482" hits="1" branch="false"/>
                        <line number="244" hits="1" branch="false"/>
                        <line number="298" hits="1" branch="false"/>
                        <line number="302" hits="1" branch="false"/>
                        <line number="458" hits="1" branch="true"/>
                        <line number="221" hits="1" branch="true"/>
                        <line number="463" hits="1" branch="true"/>
                        <line number="232" hits="1" branch="false"/>
                        <line number="465" hits="1" branch="true"/>
                        <line number="266" hits="1" branch="true"/>
                        <line number="290" hits="1" branch="false"/>
                        <line number="454" hits="1" branch="false"/>
                        <line number="441" hits="1" branch="false"/>
                        <line number="445" hits="1" branch="false"/>
                        <line number="261" hits="1" branch="false"/>
                        <line number="15" hits="1" branch="false"/>
                        <line number="434" hits="1" branch="true"/>
                        <line number="489" hits="1" branch="true"/>
                        <line number="278" hits="1" branch="true"/>
                        <line number="281" hits="1" branch="true"/>
                        <line number="449" hits="1" branch="false"/>
                        <line number="245" hits="1" branch="false"/>
                        <line number="418" hits="1" branch="false"/>
                        <line number="440" hits="1" branch="true"/>
                        <line number="235" hits="1" branch="true"/>
                        <line number="262" hits="1" branch="false"/>
                        <line number="239" hits="1" branch="false"/>
                        <line number="408" hits="1" branch="true"/>
                        <line number="476" hits="1" branch="false"/>
                        <line number="437" hits="1" branch="false"/>
                        <line number="483" hits="1" branch="true"/>
                        <line number="457" hits="1" branch="true"/>
                        <line number="467" hits="1" branch="false"/>
                        <line number="230" hits="1" branch="false"/>
                        <line number="398" hits="1" branch="false"/>
                        <line number="402" hits="1" branch="false"/>
                        <line number="451" hits="1" branch="false"/>
                        <line number="455" hits="1" branch="false"/>
                        <line number="256" hits="1" branch="true"/>
                        <line number="390" hits="1" branch="true"/>
                        <line number="422" hits="1" branch="true"/>
                        <line number="445" hits="1" branch="true"/>
                        <line number="433" hits="1" branch="false"/>
                        <line number="457" hits="1" branch="false"/>
                        <line number="382" hits="1" branch="false"/>
                        <line number="389" hits="1" branch="false"/>
                        <line number="439" hits="1" branch="false"/>
                        <line number="442" hits="1" branch="true"/>
                        <line number="447" hits="1" branch="false"/>
                        <line number="415" hits="1" branch="false"/>
                        <line number="415" hits="1" branch="true"/>
                        <line number="406" hits="1" branch="false"/>
                        <line number="424" hits="1" branch="true"/>
                        <line number="433" hits="1" branch="false"/>
                        <line number="393" hits="1" branch="true"/>
                        <line number="400" hits="1" branch="false"/>
                        <line number="462" hits="1" branch="false"/>
                        <line number="453" hits="1" branch="false"/>
                    </lines>
</class>
                <class 
                name="FrogInterpreter.SymGenerator" filename="FrogInterpreter/Syntax.scala" line-rate="1.00" branch-rate="1.00" complexity="0">
                    <methods>
                        <method 
                        name="FrogInterpreter/SymGenerator/freshVar" signature="()V" line-rate="1.00" branch-rate="1.00" complexity="0">
                            <lines>
                                <line number="135" hits="1" branch="false"/>
                                <line number="136" hits="1" branch="false"/>
                            </lines>
</method>
                        <method name="FrogInterpreter/SymGenerator/genVar" signature="()V" line-rate="1.00" branch-rate="1.00" complexity="0">
                            <lines>
                                <line number="130" hits="1" branch="false"/>
                                <line number="130" hits="1" branch="false"/>
                                <line number="129" hits="1" branch="false"/>
                            </lines>
                        </method>
                        <method name="FrogInterpreter/SymGenerator/reset" signature="()V" line-rate="1.00" branch-rate="1.00" complexity="0">
                            <lines>
                                <line number="141" hits="1" branch="false"/>
                                <line number="142" hits="1" branch="false"/>
                            </lines>
                        </method>
                    </methods>
                    <lines>
                        <line number="135" hits="1" branch="false"/>
                        <line number="130" hits="1" branch="false"/>
                        <line number="136" hits="1" branch="false"/>
                        <line number="141" hits="1" branch="false"/>
                        <line number="130" hits="1" branch="false"/>
                        <line number="129" hits="1" branch="false"/>
                        <line number="142" hits="1" branch="false"/>
                    </lines>
</class>
            </classes>
        </package>
    </packages>
</coverage>
