<?xml version="1.0"?>
<!DOCTYPE coverage SYSTEM "https://cobertura.sourceforge.net/xml/coverage-04.dtd">
<coverage 
line-rate="0.56" lines-valid="1886" lines-covered="1047" branches-valid="497" branches-covered="212" branch-rate="0.43" complexity="0" version="1.0" timestamp="1734827790424">
    <sources>
        <source>--source</source>
        <source>/home/h00pyfr00d/Documents/software-testing/src/main/scala</source>
    </sources>
    <packages>
        <package name="FrogInterpreter" line-rate="0.56" branch-rate="0.43" complexity="0">
            <classes>
                <class 
                name="FrogInterpreter.Bag" filename="FrogInterpreter/Bags.scala" line-rate="0.00" branch-rate="0.00" complexity="0">
                    <methods>
                        <method name="FrogInterpreter/Bag/toString" signature="()V" line-rate="0.00" branch-rate="0.00" complexity="0">
                            <lines>
                                <line number="10" hits="0" branch="false"/>
                                <line number="10" hits="0" branch="false"/>
                                <line number="10" hits="0" branch="false"/>
                            </lines>
                        </method>
                    </methods>
                    <lines>
                        <line number="10" hits="0" branch="false"/>
                        <line number="10" hits="0" branch="false"/>
                        <line number="10" hits="0" branch="false"/>
                    </lines>
</class>
                <class 
                name="FrogInterpreter.SubstExpr" filename="FrogInterpreter/Interpreter.scala" line-rate="0.16" branch-rate="0.19" complexity="0">
                    <methods>
                        <method name="FrogInterpreter/SubstExpr/$anonfun" signature="()V" line-rate="0.25" branch-rate="0.20" complexity="0">
                            <lines>
                                <line number="142" hits="1" branch="false"/>
                                <line number="55" hits="0" branch="false"/>
                                <line number="61" hits="0" branch="false"/>
                                <line number="198" hits="0" branch="true"/>
                                <line number="135" hits="0" branch="false"/>
                                <line number="141" hits="1" branch="false"/>
                                <line number="199" hits="0" branch="true"/>
                                <line number="60" hits="0" branch="true"/>
                                <line number="68" hits="0" branch="false"/>
                                <line number="200" hits="0" branch="true"/>
                                <line number="198" hits="0" branch="false"/>
                                <line number="145" hits="1" branch="false"/>
                                <line number="140" hits="1" branch="true"/>
                                <line number="199" hits="0" branch="false"/>
                                <line number="81" hits="0" branch="false"/>
                                <line number="160" hits="0" branch="false"/>
                                <line number="143" hits="1" branch="false"/>
                                <line number="61" hits="0" branch="false"/>
                                <line number="63" hits="0" branch="false"/>
                                <line number="156" hits="0" branch="false"/>
                            </lines>
                        </method>
                        <method name="FrogInterpreter/SubstExpr/go" signature="()V" line-rate="0.16" branch-rate="0.20" complexity="0">
                            <lines>
                                <line number="72" hits="0" branch="false"/>
                                <line number="77" hits="0" branch="false"/>
                                <line number="131" hits="0" branch="false"/>
                                <line number="135" hits="0" branch="true"/>
                                <line number="52" hits="0" branch="true"/>
                                <line number="56" hits="0" branch="true"/>
                                <line number="115" hits="0" branch="false"/>
                                <line number="98" hits="0" branch="false"/>
                                <line number="124" hits="1" branch="false"/>
                                <line number="103" hits="1" branch="false"/>
                                <line number="107" hits="0" branch="true"/>
                                <line number="48" hits="0" branch="false"/>
                                <line number="81" hits="0" branch="false"/>
                                <line number="93" hits="0" branch="true"/>
                                <line number="147" hits="0" branch="false"/>
                                <line number="63" hits="0" branch="false"/>
                                <line number="66" hits="0" branch="false"/>
                                <line number="68" hits="0" branch="true"/>
                                <line number="53" hits="0" branch="false"/>
                                <line number="59" hits="0" branch="false"/>
                                <line number="69" hits="0" branch="true"/>
                                <line number="67" hits="0" branch="false"/>
                                <line number="108" hits="0" branch="true"/>
                                <line number="101" hits="1" branch="false"/>
                                <line number="42" hits="0" branch="true"/>
                                <line number="49" hits="0" branch="true"/>
                                <line number="103" hits="1" branch="true"/>
                                <line number="81" hits="0" branch="false"/>
                                <line number="96" hits="1" branch="false"/>
                                <line number="29" hits="0" branch="false"/>
                                <line number="34" hits="0" branch="false"/>
                                <line number="38" hits="0" branch="true"/>
                                <line number="24" hits="0" branch="true"/>
                                <line number="75" hits="0" branch="false"/>
                                <line number="64" hits="0" branch="false"/>
                                <line number="76" hits="0" branch="true"/>
                                <line number="32" hits="0" branch="false"/>
                                <line number="34" hits="0" branch="true"/>
                                <line number="71" hits="0" branch="false"/>
                                <line number="27" hits="0" branch="false"/>
                                <line number="68" hits="0" branch="false"/>
                                <line number="193" hits="0" branch="false"/>
                                <line number="47" hits="0" branch="false"/>
                                <line number="51" hits="0" branch="true"/>
                                <line number="178" hits="0" branch="false"/>
                                <line number="181" hits="0" branch="true"/>
                                <line number="65" hits="0" branch="false"/>
                                <line number="39" hits="0" branch="true"/>
                                <line number="90" hits="1" branch="false"/>
                                <line number="195" hits="0" branch="false"/>
                                <line number="42" hits="0" branch="false"/>
                                <line number="33" hits="0" branch="false"/>
                                <line number="188" hits="0" branch="false"/>
                                <line number="28" hits="0" branch="false"/>
                                <line number="146" hits="1" branch="true"/>
                                <line number="149" hits="0" branch="true"/>
                                <line number="181" hits="0" branch="false"/>
                                <line number="37" hits="0" branch="true"/>
                                <line number="175" hits="0" branch="false"/>
                                <line number="201" hits="0" branch="false"/>
                                <line number="103" hits="1" branch="false"/>
                                <line number="108" hits="0" branch="false"/>
                                <line number="190" hits="0" branch="false"/>
                                <line number="100" hits="0" branch="true"/>
                                <line number="124" hits="1" branch="true"/>
                                <line number="176" hits="0" branch="true"/>
                                <line number="183" hits="0" branch="false"/>
                                <line number="96" hits="1" branch="false"/>
                                <line number="147" hits="0" branch="true"/>
                                <line number="131" hits="0" branch="true"/>
                                <line number="136" hits="1" branch="true"/>
                                <line number="113" hits="0" branch="true"/>
                                <line number="139" hits="1" branch="true"/>
                                <line number="192" hits="0" branch="true"/>
                                <line number="165" hits="0" branch="false"/>
                                <line number="75" hits="0" branch="false"/>
                                <line number="79" hits="0" branch="false"/>
                                <line number="148" hits="0" branch="true"/>
                                <line number="133" hits="0" branch="false"/>
                                <line number="139" hits="1" branch="false"/>
                                <line number="67" hits="0" branch="true"/>
                                <line number="70" hits="0" branch="true"/>
                                <line number="121" hits="0" branch="false"/>
                                <line number="128" hits="0" branch="false"/>
                                <line number="20" hits="1" branch="false"/>
                                <line number="97" hits="1" branch="false"/>
                                <line number="101" hits="1" branch="true"/>
                                <line number="64" hits="0" branch="true"/>
                                <line number="106" hits="0" branch="false"/>
                                <line number="111" hits="1" branch="true"/>
                                <line number="145" hits="1" branch="true"/>
                                <line number="102" hits="0" branch="true"/>
                                <line number="92" hits="1" branch="true"/>
                                <line number="98" hits="0" branch="false"/>
                                <line number="28" hits="0" branch="false"/>
                                <line number="65" hits="0" branch="true"/>
                                <line number="71" hits="0" branch="true"/>
                                <line number="114" hits="0" branch="false"/>
                                <line number="121" hits="0" branch="true"/>
                                <line number="126" hits="0" branch="true"/>
                                <line number="56" hits="0" branch="false"/>
                                <line number="59" hits="0" branch="true"/>
                                <line number="47" hits="0" branch="true"/>
                                <line number="52" hits="0" branch="false"/>
                                <line number="107" hits="0" branch="false"/>
                                <line number="32" hits="0" branch="true"/>
                                <line number="37" hits="0" branch="false"/>
                                <line number="41" hits="1" branch="true"/>
                                <line number="77" hits="0" branch="false"/>
                                <line number="78" hits="0" branch="true"/>
                                <line number="49" hits="0" branch="false"/>
                                <line number="33" hits="0" branch="true"/>
                                <line number="53" hits="0" branch="false"/>
                                <line number="38" hits="0" branch="false"/>
                                <line number="72" hits="0" branch="true"/>
                                <line number="190" hits="0" branch="false"/>
                                <line number="22" hits="0" branch="true"/>
                                <line number="29" hits="0" branch="false"/>
                                <line number="69" hits="0" branch="false"/>
                                <line number="77" hits="0" branch="false"/>
                                <line number="66" hits="0" branch="true"/>
                                <line number="81" hits="0" branch="false"/>
                                <line number="58" hits="0" branch="true"/>
                                <line number="42" hits="0" branch="false"/>
                                <line number="63" hits="0" branch="true"/>
                                <line number="196" hits="0" branch="false"/>
                                <line number="55" hits="0" branch="false"/>
                                <line number="44" hits="0" branch="true"/>
                                <line number="51" hits="0" branch="false"/>
                                <line number="184" hits="0" branch="false"/>
                                <line number="192" hits="0" branch="false"/>
                                <line number="39" hits="0" branch="false"/>
                                <line number="27" hits="0" branch="false"/>
                                <line number="31" hits="0" branch="true"/>
                                <line number="148" hits="0" branch="false"/>
                                <line number="177" hits="0" branch="true"/>
                                <line number="198" hits="0" branch="true"/>
                                <line number="34" hits="0" branch="false"/>
                                <line number="107" hits="0" branch="false"/>
                                <line number="135" hits="0" branch="false"/>
                                <line number="194" hits="0" branch="false"/>
                                <line number="102" hits="0" branch="false"/>
                                <line number="123" hits="0" branch="false"/>
                                <line number="129" hits="0" branch="false"/>
                                <line number="178" hits="0" branch="true"/>
                                <line number="187" hits="0" branch="false"/>
                                <line number="113" hits="0" branch="false"/>
                                <line number="151" hits="0" branch="true"/>
                                <line number="149" hits="0" branch="false"/>
                                <line number="146" hits="1" branch="false"/>
                                <line number="176" hits="0" branch="false"/>
                                <line number="98" hits="0" branch="true"/>
                                <line number="77" hits="0" branch="false"/>
                                <line number="103" hits="1" branch="false"/>
                                <line number="136" hits="1" branch="false"/>
                                <line number="69" hits="0" branch="false"/>
                                <line number="72" hits="0" branch="false"/>
                                <line number="124" hits="1" branch="false"/>
                                <line number="131" hits="0" branch="false"/>
                                <line number="183" hits="0" branch="false"/>
                                <line number="66" hits="0" branch="false"/>
                                <line number="95" hits="1" branch="true"/>
                                <line number="147" hits="0" branch="false"/>
                                <line number="108" hits="0" branch="false"/>
                                <line number="115" hits="0" branch="false"/>
                                <line number="34" hits="0" branch="false"/>
                                <line number="127" hits="0" branch="false"/>
                                <line number="105" hits="0" branch="true"/>
                                <line number="132" hits="0" branch="true"/>
                                <line number="51" hits="0" branch="false"/>
                                <line number="53" hits="0" branch="true"/>
                                <line number="96" hits="1" branch="true"/>
                                <line number="101" hits="1" branch="false"/>
                                <line number="79" hits="0" branch="false"/>
                                <line number="80" hits="0" branch="true"/>
                                <line number="70" hits="0" branch="false"/>
                                <line number="75" hits="0" branch="false"/>
                                <line number="59" hits="0" branch="false"/>
                                <line number="64" hits="0" branch="false"/>
                                <line number="67" hits="0" branch="false"/>
                                <line number="111" hits="1" branch="true"/>
                                <line number="117" hits="0" branch="true"/>
                                <line number="39" hits="0" branch="false"/>
                                <line number="44" hits="0" branch="false"/>
                                <line number="138" hits="1" branch="true"/>
                                <line number="52" hits="0" branch="false"/>
                                <line number="36" hits="0" branch="true"/>
                                <line number="55" hits="0" branch="true"/>
                                <line number="27" hits="0" branch="true"/>
                                <line number="32" hits="0" branch="false"/>
                                <line number="97" hits="1" branch="true"/>
                                <line number="41" hits="1" branch="false"/>
                                <line number="74" hits="0" branch="true"/>
                                <line number="47" hits="0" branch="false"/>
                                <line number="79" hits="0" branch="false"/>
                                <line number="68" hits="0" branch="false"/>
                                <line number="71" hits="0" branch="false"/>
                                <line number="65" hits="0" branch="false"/>
                                <line number="28" hits="0" branch="true"/>
                                <line number="33" hits="0" branch="false"/>
                                <line number="200" hits="0" branch="false"/>
                                <line number="48" hits="0" branch="true"/>
                                <line number="53" hits="0" branch="false"/>
                                <line number="58" hits="0" branch="false"/>
                                <line number="189" hits="0" branch="false"/>
                                <line number="196" hits="0" branch="false"/>
                                <line number="42" hits="0" branch="false"/>
                                <line number="175" hits="0" branch="true"/>
                                <line number="182" hits="0" branch="false"/>
                                <line number="38" hits="0" branch="false"/>
                                <line number="138" hits="1" branch="false"/>
                                <line number="26" hits="1" branch="true"/>
                                <line number="29" hits="0" branch="true"/>
                                <line number="148" hits="0" branch="false"/>
                                <line number="132" hits="0" branch="false"/>
                                <line number="201" hits="0" branch="false"/>
                                <line number="186" hits="0" branch="true"/>
                                <line number="117" hits="0" branch="false"/>
                                <line number="126" hits="0" branch="false"/>
                                <line number="198" hits="0" branch="false"/>
                                <line number="177" hits="0" branch="false"/>
                                <line number="184" hits="0" branch="false"/>
                                <line number="145" hits="1" branch="false"/>
                                <line number="199" hits="0" branch="false"/>
                                <line number="102" hits="0" branch="false"/>
                                <line number="79" hits="0" branch="false"/>
                                <line number="106" hits="0" branch="true"/>
                                <line number="97" hits="1" branch="false"/>
                                <line number="75" hits="0" branch="false"/>
                                <line number="128" hits="0" branch="false"/>
                                <line number="178" hits="0" branch="false"/>
                                <line number="146" hits="1" branch="false"/>
                                <line number="149" hits="0" branch="false"/>
                                <line number="133" hits="0" branch="true"/>
                                <line number="110" hits="1" branch="true"/>
                                <line number="139" hits="1" branch="false"/>
                                <line number="186" hits="0" branch="false"/>
                                <line number="122" hits="0" branch="false"/>
                                <line number="194" hits="0" branch="false"/>
                                <line number="165" hits="0" branch="false"/>
                            </lines>
                        </method>
                        <method name="FrogInterpreter/SubstExpr/swap" signature="()V" line-rate="1.00" branch-rate="1.00" complexity="0">
                            <lines>
                                <line number="19" hits="1" branch="false"/>
                                <line number="83" hits="1" branch="false"/>
                            </lines>
                        </method>
                        <method name="FrogInterpreter/SubstExpr/subst" signature="()V" line-rate="1.00" branch-rate="1.00" complexity="0">
                            <lines>
                                <line number="88" hits="1" branch="false"/>
                                <line number="203" hits="1" branch="false"/>
                            </lines>
                        </method>
                        <method name="FrogInterpreter/SubstExpr/help" signature="()V" line-rate="0.00" branch-rate="0.00" complexity="0">
                            <lines>
                                <line number="152" hits="0" branch="true"/>
                                <line number="159" hits="0" branch="false"/>
                                <line number="162" hits="0" branch="false"/>
                                <line number="161" hits="0" branch="false"/>
                                <line number="156" hits="0" branch="false"/>
                                <line number="163" hits="0" branch="true"/>
                                <line number="157" hits="0" branch="false"/>
                                <line number="159" hits="0" branch="true"/>
                                <line number="151" hits="0" branch="false"/>
                                <line number="157" hits="0" branch="false"/>
                                <line number="161" hits="0" branch="false"/>
                                <line number="162" hits="0" branch="false"/>
                                <line number="155" hits="0" branch="true"/>
                                <line number="155" hits="0" branch="false"/>
                                <line number="163" hits="0" branch="false"/>
                                <line number="160" hits="0" branch="false"/>
                                <line number="162" hits="0" branch="true"/>
                                <line number="153" hits="0" branch="true"/>
                                <line number="161" hits="0" branch="false"/>
                                <line number="157" hits="0" branch="false"/>
                                <line number="162" hits="0" branch="false"/>
                            </lines>
                        </method>
                    </methods>
                    <lines>
                        <line number="72" hits="0" branch="false"/>
                        <line number="77" hits="0" branch="false"/>
                        <line number="131" hits="0" branch="false"/>
                        <line number="135" hits="0" branch="true"/>
                        <line number="52" hits="0" branch="true"/>
                        <line number="56" hits="0" branch="true"/>
                        <line number="115" hits="0" branch="false"/>
                        <line number="98" hits="0" branch="false"/>
                        <line number="124" hits="1" branch="false"/>
                        <line number="103" hits="1" branch="false"/>
                        <line number="107" hits="0" branch="true"/>
                        <line number="152" hits="0" branch="true"/>
                        <line number="48" hits="0" branch="false"/>
                        <line number="81" hits="0" branch="false"/>
                        <line number="93" hits="0" branch="true"/>
                        <line number="147" hits="0" branch="false"/>
                        <line number="63" hits="0" branch="false"/>
                        <line number="66" hits="0" branch="false"/>
                        <line number="68" hits="0" branch="true"/>
                        <line number="142" hits="1" branch="false"/>
                        <line number="53" hits="0" branch="false"/>
                        <line number="59" hits="0" branch="false"/>
                        <line number="69" hits="0" branch="true"/>
                        <line number="67" hits="0" branch="false"/>
                        <line number="108" hits="0" branch="true"/>
                        <line number="101" hits="1" branch="false"/>
                        <line number="42" hits="0" branch="true"/>
                        <line number="49" hits="0" branch="true"/>
                        <line number="103" hits="1" branch="true"/>
                        <line number="81" hits="0" branch="false"/>
                        <line number="96" hits="1" branch="false"/>
                        <line number="29" hits="0" branch="false"/>
                        <line number="34" hits="0" branch="false"/>
                        <line number="38" hits="0" branch="true"/>
                        <line number="24" hits="0" branch="true"/>
                        <line number="75" hits="0" branch="false"/>
                        <line number="64" hits="0" branch="false"/>
                        <line number="76" hits="0" branch="true"/>
                        <line number="32" hits="0" branch="false"/>
                        <line number="34" hits="0" branch="true"/>
                        <line number="71" hits="0" branch="false"/>
                        <line number="27" hits="0" branch="false"/>
                        <line number="68" hits="0" branch="false"/>
                        <line number="193" hits="0" branch="false"/>
                        <line number="47" hits="0" branch="false"/>
                        <line number="51" hits="0" branch="true"/>
                        <line number="178" hits="0" branch="false"/>
                        <line number="181" hits="0" branch="true"/>
                        <line number="65" hits="0" branch="false"/>
                        <line number="55" hits="0" branch="false"/>
                        <line number="39" hits="0" branch="true"/>
                        <line number="61" hits="0" branch="false"/>
                        <line number="198" hits="0" branch="true"/>
                        <line number="90" hits="1" branch="false"/>
                        <line number="195" hits="0" branch="false"/>
                        <line number="42" hits="0" branch="false"/>
                        <line number="33" hits="0" branch="false"/>
                        <line number="159" hits="0" branch="false"/>
                        <line number="188" hits="0" branch="false"/>
                        <line number="28" hits="0" branch="false"/>
                        <line number="146" hits="1" branch="true"/>
                        <line number="149" hits="0" branch="true"/>
                        <line number="135" hits="0" branch="false"/>
                        <line number="141" hits="1" branch="false"/>
                        <line number="199" hits="0" branch="true"/>
                        <line number="181" hits="0" branch="false"/>
                        <line number="37" hits="0" branch="true"/>
                        <line number="162" hits="0" branch="false"/>
                        <line number="175" hits="0" branch="false"/>
                        <line number="201" hits="0" branch="false"/>
                        <line number="103" hits="1" branch="false"/>
                        <line number="108" hits="0" branch="false"/>
                        <line number="161" hits="0" branch="false"/>
                        <line number="190" hits="0" branch="false"/>
                        <line number="100" hits="0" branch="true"/>
                        <line number="156" hits="0" branch="false"/>
                        <line number="124" hits="1" branch="true"/>
                        <line number="176" hits="0" branch="true"/>
                        <line number="183" hits="0" branch="false"/>
                        <line number="96" hits="1" branch="false"/>
                        <line number="163" hits="0" branch="true"/>
                        <line number="147" hits="0" branch="true"/>
                        <line number="131" hits="0" branch="true"/>
                        <line number="136" hits="1" branch="true"/>
                        <line number="113" hits="0" branch="true"/>
                        <line number="139" hits="1" branch="true"/>
                        <line number="192" hits="0" branch="true"/>
                        <line number="165" hits="0" branch="false"/>
                        <line number="75" hits="0" branch="false"/>
                        <line number="79" hits="0" branch="false"/>
                        <line number="148" hits="0" branch="true"/>
                        <line number="133" hits="0" branch="false"/>
                        <line number="157" hits="0" branch="false"/>
                        <line number="139" hits="1" branch="false"/>
                        <line number="67" hits="0" branch="true"/>
                        <line number="70" hits="0" branch="true"/>
                        <line number="60" hits="0" branch="true"/>
                        <line number="121" hits="0" branch="false"/>
                        <line number="128" hits="0" branch="false"/>
                        <line number="20" hits="1" branch="false"/>
                        <line number="97" hits="1" branch="false"/>
                        <line number="101" hits="1" branch="true"/>
                        <line number="64" hits="0" branch="true"/>
                        <line number="106" hits="0" branch="false"/>
                        <line number="111" hits="1" branch="true"/>
                        <line number="159" hits="0" branch="true"/>
                        <line number="145" hits="1" branch="true"/>
                        <line number="102" hits="0" branch="true"/>
                        <line number="92" hits="1" branch="true"/>
                        <line number="98" hits="0" branch="false"/>
                        <line number="28" hits="0" branch="false"/>
                        <line number="65" hits="0" branch="true"/>
                        <line number="68" hits="0" branch="false"/>
                        <line number="71" hits="0" branch="true"/>
                        <line number="114" hits="0" branch="false"/>
                        <line number="121" hits="0" branch="true"/>
                        <line number="126" hits="0" branch="true"/>
                        <line number="56" hits="0" branch="false"/>
                        <line number="59" hits="0" branch="true"/>
                        <line number="47" hits="0" branch="true"/>
                        <line number="52" hits="0" branch="false"/>
                        <line number="107" hits="0" branch="false"/>
                        <line number="32" hits="0" branch="true"/>
                        <line number="37" hits="0" branch="false"/>
                        <line number="41" hits="1" branch="true"/>
                        <line number="77" hits="0" branch="false"/>
                        <line number="78" hits="0" branch="true"/>
                        <line number="49" hits="0" branch="false"/>
                        <line number="33" hits="0" branch="true"/>
                        <line number="53" hits="0" branch="false"/>
                        <line number="38" hits="0" branch="false"/>
                        <line number="72" hits="0" branch="true"/>
                        <line number="190" hits="0" branch="false"/>
                        <line number="22" hits="0" branch="true"/>
                        <line number="29" hits="0" branch="false"/>
                        <line number="69" hits="0" branch="false"/>
                        <line number="77" hits="0" branch="false"/>
                        <line number="66" hits="0" branch="true"/>
                        <line number="81" hits="0" branch="false"/>
                        <line number="58" hits="0" branch="true"/>
                        <line number="42" hits="0" branch="false"/>
                        <line number="63" hits="0" branch="true"/>
                        <line number="196" hits="0" branch="false"/>
                        <line number="200" hits="0" branch="true"/>
                        <line number="55" hits="0" branch="false"/>
                        <line number="198" hits="0" branch="false"/>
                        <line number="44" hits="0" branch="true"/>
                        <line number="51" hits="0" branch="false"/>
                        <line number="184" hits="0" branch="false"/>
                        <line number="192" hits="0" branch="false"/>
                        <line number="39" hits="0" branch="false"/>
                        <line number="27" hits="0" branch="false"/>
                        <line number="31" hits="0" branch="true"/>
                        <line number="151" hits="0" branch="false"/>
                        <line number="148" hits="0" branch="false"/>
                        <line number="177" hits="0" branch="true"/>
                        <line number="157" hits="0" branch="false"/>
                        <line number="161" hits="0" branch="false"/>
                        <line number="145" hits="1" branch="false"/>
                        <line number="198" hits="0" branch="true"/>
                        <line number="34" hits="0" branch="false"/>
                        <line number="107" hits="0" branch="false"/>
                        <line number="135" hits="0" branch="false"/>
                        <line number="194" hits="0" branch="false"/>
                        <line number="102" hits="0" branch="false"/>
                        <line number="123" hits="0" branch="false"/>
                        <line number="129" hits="0" branch="false"/>
                        <line number="178" hits="0" branch="true"/>
                        <line number="88" hits="1" branch="false"/>
                        <line number="187" hits="0" branch="false"/>
                        <line number="113" hits="0" branch="false"/>
                        <line number="162" hits="0" branch="false"/>
                        <line number="151" hits="0" branch="true"/>
                        <line number="149" hits="0" branch="false"/>
                        <line number="155" hits="0" branch="true"/>
                        <line number="140" hits="1" branch="true"/>
                        <line number="146" hits="1" branch="false"/>
                        <line number="199" hits="0" branch="false"/>
                        <line number="176" hits="0" branch="false"/>
                        <line number="98" hits="0" branch="true"/>
                        <line number="77" hits="0" branch="false"/>
                        <line number="103" hits="1" branch="false"/>
                        <line number="81" hits="0" branch="false"/>
                        <line number="155" hits="0" branch="false"/>
                        <line number="136" hits="1" branch="false"/>
                        <line number="160" hits="0" branch="false"/>
                        <line number="69" hits="0" branch="false"/>
                        <line number="72" hits="0" branch="false"/>
                        <line number="124" hits="1" branch="false"/>
                        <line number="131" hits="0" branch="false"/>
                        <line number="183" hits="0" branch="false"/>
                        <line number="66" hits="0" branch="false"/>
                        <line number="95" hits="1" branch="true"/>
                        <line number="143" hits="1" branch="false"/>
                        <line number="147" hits="0" branch="false"/>
                        <line number="108" hits="0" branch="false"/>
                        <line number="115" hits="0" branch="false"/>
                        <line number="163" hits="0" branch="false"/>
                        <line number="34" hits="0" branch="false"/>
                        <line number="127" hits="0" branch="false"/>
                        <line number="105" hits="0" branch="true"/>
                        <line number="132" hits="0" branch="true"/>
                        <line number="51" hits="0" branch="false"/>
                        <line number="53" hits="0" branch="true"/>
                        <line number="96" hits="1" branch="true"/>
                        <line number="101" hits="1" branch="false"/>
                        <line number="79" hits="0" branch="false"/>
                        <line number="80" hits="0" branch="true"/>
                        <line number="70" hits="0" branch="false"/>
                        <line number="75" hits="0" branch="false"/>
                        <line number="59" hits="0" branch="false"/>
                        <line number="64" hits="0" branch="false"/>
                        <line number="67" hits="0" branch="false"/>
                        <line number="111" hits="1" branch="true"/>
                        <line number="117" hits="0" branch="true"/>
                        <line number="39" hits="0" branch="false"/>
                        <line number="44" hits="0" branch="false"/>
                        <line number="138" hits="1" branch="true"/>
                        <line number="52" hits="0" branch="false"/>
                        <line number="36" hits="0" branch="true"/>
                        <line number="55" hits="0" branch="true"/>
                        <line number="27" hits="0" branch="true"/>
                        <line number="32" hits="0" branch="false"/>
                        <line number="97" hits="1" branch="true"/>
                        <line number="41" hits="1" branch="false"/>
                        <line number="74" hits="0" branch="true"/>
                        <line number="47" hits="0" branch="false"/>
                        <line number="79" hits="0" branch="false"/>
                        <line number="68" hits="0" branch="false"/>
                        <line number="19" hits="1" branch="false"/>
                        <line number="71" hits="0" branch="false"/>
                        <line number="61" hits="0" branch="false"/>
                        <line number="65" hits="0" branch="false"/>
                        <line number="203" hits="1" branch="false"/>
                        <line number="28" hits="0" branch="true"/>
                        <line number="33" hits="0" branch="false"/>
                        <line number="160" hits="0" branch="false"/>
                        <line number="162" hits="0" branch="true"/>
                        <line number="200" hits="0" branch="false"/>
                        <line number="48" hits="0" branch="true"/>
                        <line number="53" hits="0" branch="false"/>
                        <line number="58" hits="0" branch="false"/>
                        <line number="189" hits="0" branch="false"/>
                        <line number="196" hits="0" branch="false"/>
                        <line number="42" hits="0" branch="false"/>
                        <line number="175" hits="0" branch="true"/>
                        <line number="182" hits="0" branch="false"/>
                        <line number="63" hits="0" branch="false"/>
                        <line number="38" hits="0" branch="false"/>
                        <line number="138" hits="1" branch="false"/>
                        <line number="26" hits="1" branch="true"/>
                        <line number="29" hits="0" branch="true"/>
                        <line number="156" hits="0" branch="false"/>
                        <line number="148" hits="0" branch="false"/>
                        <line number="132" hits="0" branch="false"/>
                        <line number="201" hits="0" branch="false"/>
                        <line number="186" hits="0" branch="true"/>
                        <line number="117" hits="0" branch="false"/>
                        <line number="126" hits="0" branch="false"/>
                        <line number="153" hits="0" branch="true"/>
                        <line number="198" hits="0" branch="false"/>
                        <line number="177" hits="0" branch="false"/>
                        <line number="184" hits="0" branch="false"/>
                        <line number="161" hits="0" branch="false"/>
                        <line number="145" hits="1" branch="false"/>
                        <line number="199" hits="0" branch="false"/>
                        <line number="102" hits="0" branch="false"/>
                        <line number="79" hits="0" branch="false"/>
                        <line number="106" hits="0" branch="true"/>
                        <line number="157" hits="0" branch="false"/>
                        <line number="162" hits="0" branch="false"/>
                        <line number="97" hits="1" branch="false"/>
                        <line number="75" hits="0" branch="false"/>
                        <line number="128" hits="0" branch="false"/>
                        <line number="178" hits="0" branch="false"/>
                        <line number="83" hits="1" branch="false"/>
                        <line number="146" hits="1" branch="false"/>
                        <line number="149" hits="0" branch="false"/>
                        <line number="133" hits="0" branch="true"/>
                        <line number="110" hits="1" branch="true"/>
                        <line number="139" hits="1" branch="false"/>
                        <line number="186" hits="0" branch="false"/>
                        <line number="122" hits="0" branch="false"/>
                        <line number="194" hits="0" branch="false"/>
                        <line number="165" hits="0" branch="false"/>
                    </lines>
</class>
                <class 
                name="FrogInterpreter.Main" filename="FrogInterpreter/Interpreter.scala" line-rate="0.00" branch-rate="0.00" complexity="0">
                    <methods>
                        <method name="FrogInterpreter/Main/typecheck" signature="()V" line-rate="0.00" branch-rate="0.00" complexity="0">
                            <lines>
                                <line number="521" hits="0" branch="false"/>
                                <line number="520" hits="0" branch="false"/>
                                <line number="521" hits="0" branch="false"/>
                            </lines>
                        </method>
                        <method name="FrogInterpreter/Main/start" signature="()V" line-rate="0.00" branch-rate="0.00" complexity="0">
                            <lines>
                                <line number="556" hits="0" branch="false"/>
                                <line number="555" hits="0" branch="false"/>
                                <line number="553" hits="0" branch="false"/>
                                <line number="554" hits="0" branch="false"/>
                                <line number="557" hits="0" branch="false"/>
                            </lines>
                        </method>
                        <method name="FrogInterpreter/Main/evaluate" signature="()V" line-rate="0.00" branch-rate="0.00" complexity="0">
                            <lines>
                                <line number="524" hits="0" branch="false"/>
                                <line number="523" hits="0" branch="false"/>
                            </lines>
                        </method>
                        <method name="FrogInterpreter/Main/repl" signature="()V" line-rate="0.00" branch-rate="0.00" complexity="0">
                            <lines>
                                <line number="569" hits="0" branch="false"/>
                                <line number="578" hits="0" branch="false"/>
                                <line number="580" hits="0" branch="false"/>
                                <line number="572" hits="0" branch="false"/>
                                <line number="562" hits="0" branch="false"/>
                                <line number="575" hits="0" branch="true"/>
                                <line number="564" hits="0" branch="true"/>
                                <line number="574" hits="0" branch="false"/>
                                <line number="577" hits="0" branch="false"/>
                                <line number="561" hits="0" branch="false"/>
                                <line number="569" hits="0" branch="false"/>
                                <line number="568" hits="0" branch="true"/>
                                <line number="580" hits="0" branch="false"/>
                                <line number="582" hits="0" branch="false"/>
                                <line number="565" hits="0" branch="false"/>
                                <line number="572" hits="0" branch="true"/>
                                <line number="563" hits="0" branch="false"/>
                                <line number="572" hits="0" branch="false"/>
                                <line number="580" hits="0" branch="true"/>
                                <line number="567" hits="0" branch="true"/>
                                <line number="567" hits="0" branch="false"/>
                                <line number="567" hits="0" branch="true"/>
                                <line number="570" hits="0" branch="false"/>
                                <line number="576" hits="0" branch="true"/>
                            </lines>
                        </method>
                        <method name="FrogInterpreter/Main/showResult" signature="()V" line-rate="0.00" branch-rate="0.00" complexity="0">
                            <lines>
                                <line number="527" hits="0" branch="false"/>
                                <line number="549" hits="0" branch="false"/>
                                <line number="535" hits="0" branch="false"/>
                                <line number="543" hits="0" branch="false"/>
                                <line number="526" hits="0" branch="false"/>
                                <line number="531" hits="0" branch="false"/>
                                <line number="538" hits="0" branch="false"/>
                                <line number="544" hits="0" branch="false"/>
                                <line number="547" hits="0" branch="false"/>
                                <line number="533" hits="0" branch="false"/>
                                <line number="541" hits="0" branch="false"/>
                                <line number="533" hits="0" branch="false"/>
                                <line number="540" hits="0" branch="false"/>
                                <line number="547" hits="0" branch="false"/>
                                <line number="529" hits="0" branch="true"/>
                                <line number="541" hits="0" branch="false"/>
                                <line number="549" hits="0" branch="false"/>
                                <line number="527" hits="0" branch="false"/>
                                <line number="544" hits="0" branch="false"/>
                                <line number="547" hits="0" branch="true"/>
                                <line number="530" hits="0" branch="false"/>
                                <line number="535" hits="0" branch="true"/>
                                <line number="544" hits="0" branch="false"/>
                                <line number="549" hits="0" branch="false"/>
                                <line number="532" hits="0" branch="false"/>
                                <line number="539" hits="0" branch="false"/>
                                <line number="537" hits="0" branch="true"/>
                                <line number="548" hits="0" branch="false"/>
                                <line number="533" hits="0" branch="false"/>
                                <line number="541" hits="0" branch="false"/>
                                <line number="527" hits="0" branch="false"/>
                                <line number="535" hits="0" branch="false"/>
                            </lines>
                        </method>
                    </methods>
                    <lines>
                        <line number="569" hits="0" branch="false"/>
                        <line number="578" hits="0" branch="false"/>
                        <line number="527" hits="0" branch="false"/>
                        <line number="580" hits="0" branch="false"/>
                        <line number="572" hits="0" branch="false"/>
                        <line number="549" hits="0" branch="false"/>
                        <line number="562" hits="0" branch="false"/>
                        <line number="535" hits="0" branch="false"/>
                        <line number="543" hits="0" branch="false"/>
                        <line number="575" hits="0" branch="true"/>
                        <line number="526" hits="0" branch="false"/>
                        <line number="531" hits="0" branch="false"/>
                        <line number="538" hits="0" branch="false"/>
                        <line number="544" hits="0" branch="false"/>
                        <line number="521" hits="0" branch="false"/>
                        <line number="564" hits="0" branch="true"/>
                        <line number="574" hits="0" branch="false"/>
                        <line number="547" hits="0" branch="false"/>
                        <line number="556" hits="0" branch="false"/>
                        <line number="533" hits="0" branch="false"/>
                        <line number="541" hits="0" branch="false"/>
                        <line number="524" hits="0" branch="false"/>
                        <line number="533" hits="0" branch="false"/>
                        <line number="577" hits="0" branch="false"/>
                        <line number="561" hits="0" branch="false"/>
                        <line number="555" hits="0" branch="false"/>
                        <line number="569" hits="0" branch="false"/>
                        <line number="540" hits="0" branch="false"/>
                        <line number="547" hits="0" branch="false"/>
                        <line number="529" hits="0" branch="true"/>
                        <line number="568" hits="0" branch="true"/>
                        <line number="541" hits="0" branch="false"/>
                        <line number="549" hits="0" branch="false"/>
                        <line number="527" hits="0" branch="false"/>
                        <line number="553" hits="0" branch="false"/>
                        <line number="580" hits="0" branch="false"/>
                        <line number="544" hits="0" branch="false"/>
                        <line number="582" hits="0" branch="false"/>
                        <line number="547" hits="0" branch="true"/>
                        <line number="565" hits="0" branch="false"/>
                        <line number="572" hits="0" branch="true"/>
                        <line number="530" hits="0" branch="false"/>
                        <line number="535" hits="0" branch="true"/>
                        <line number="520" hits="0" branch="false"/>
                        <line number="563" hits="0" branch="false"/>
                        <line number="572" hits="0" branch="false"/>
                        <line number="580" hits="0" branch="true"/>
                        <line number="544" hits="0" branch="false"/>
                        <line number="549" hits="0" branch="false"/>
                        <line number="567" hits="0" branch="true"/>
                        <line number="532" hits="0" branch="false"/>
                        <line number="539" hits="0" branch="false"/>
                        <line number="567" hits="0" branch="false"/>
                        <line number="537" hits="0" branch="true"/>
                        <line number="521" hits="0" branch="false"/>
                        <line number="554" hits="0" branch="false"/>
                        <line number="567" hits="0" branch="true"/>
                        <line number="548" hits="0" branch="false"/>
                        <line number="523" hits="0" branch="false"/>
                        <line number="533" hits="0" branch="false"/>
                        <line number="570" hits="0" branch="false"/>
                        <line number="576" hits="0" branch="true"/>
                        <line number="557" hits="0" branch="false"/>
                        <line number="541" hits="0" branch="false"/>
                        <line number="527" hits="0" branch="false"/>
                        <line number="535" hits="0" branch="false"/>
                    </lines>
</class>
                <class 
                name="FrogInterpreter.Syntax" filename="FrogInterpreter/Syntax.scala" line-rate="0.40" branch-rate="0.25" complexity="0">
                    <methods>
                        <method name="FrogInterpreter/Syntax/swapVar" signature="()V" line-rate="0.40" branch-rate="0.25" complexity="0">
                            <lines>
                                <line number="144" hits="0" branch="true"/>
                                <line number="144" hits="0" branch="true"/>
                                <line number="143" hits="1" branch="false"/>
                                <line number="144" hits="0" branch="true"/>
                                <line number="144" hits="1" branch="true"/>
                            </lines>
                        </method>
                    </methods>
                    <lines>
                        <line number="144" hits="0" branch="true"/>
                        <line number="144" hits="0" branch="true"/>
                        <line number="143" hits="1" branch="false"/>
                        <line number="144" hits="0" branch="true"/>
                        <line number="144" hits="1" branch="true"/>
                    </lines>
</class>
                <class 
                name="FrogInterpreter.Value" filename="FrogInterpreter/Interpreter.scala" line-rate="0.55" branch-rate="0.35" complexity="0">
                    <methods>
                        <method name="FrogInterpreter/Value/length" signature="()V" line-rate="0.67" branch-rate="0.50" complexity="0">
                            <lines>
                                <line number="348" hits="1" branch="true"/>
                                <line number="347" hits="1" branch="false"/>
                                <line number="349" hits="0" branch="true"/>
                                <line number="348" hits="1" branch="false"/>
                                <line number="349" hits="0" branch="false"/>
                                <line number="348" hits="1" branch="false"/>
                            </lines>
                        </method>
                        <method name="FrogInterpreter/Value/index" signature="()V" line-rate="0.67" branch-rate="0.50" complexity="0">
                            <lines>
                                <line number="351" hits="1" branch="false"/>
                                <line number="352" hits="1" branch="false"/>
                                <line number="353" hits="0" branch="true"/>
                                <line number="352" hits="1" branch="false"/>
                                <line number="353" hits="0" branch="false"/>
                                <line number="352" hits="1" branch="true"/>
                            </lines>
                        </method>
                        <method name="FrogInterpreter/Value/less" signature="()V" line-rate="0.00" branch-rate="0.00" complexity="0">
                            <lines>
                                <line number="344" hits="0" branch="true"/>
                                <line number="344" hits="0" branch="false"/>
                                <line number="345" hits="0" branch="true"/>
                                <line number="344" hits="0" branch="false"/>
                                <line number="345" hits="0" branch="false"/>
                                <line number="343" hits="0" branch="false"/>
                            </lines>
                        </method>
                        <method name="FrogInterpreter/Value/subtract" signature="()V" line-rate="0.71" branch-rate="0.50" complexity="0">
                            <lines>
                                <line number="327" hits="1" branch="true"/>
                                <line number="326" hits="1" branch="false"/>
                                <line number="327" hits="1" branch="false"/>
                                <line number="327" hits="1" branch="false"/>
                                <line number="328" hits="0" branch="true"/>
                                <line number="328" hits="0" branch="false"/>
                                <line number="327" hits="1" branch="false"/>
                            </lines>
                        </method>
                        <method name="FrogInterpreter/Value/multiply" signature="()V" line-rate="0.71" branch-rate="0.50" complexity="0">
                            <lines>
                                <line number="332" hits="0" branch="true"/>
                                <line number="331" hits="1" branch="false"/>
                                <line number="332" hits="0" branch="false"/>
                                <line number="330" hits="1" branch="false"/>
                                <line number="331" hits="1" branch="false"/>
                                <line number="331" hits="1" branch="true"/>
                                <line number="331" hits="1" branch="false"/>
                            </lines>
                        </method>
                        <method name="FrogInterpreter/Value/eq" signature="()V" line-rate="0.25" branch-rate="0.17" complexity="0">
                            <lines>
                                <line number="334" hits="1" branch="false"/>
                                <line number="336" hits="0" branch="true"/>
                                <line number="338" hits="0" branch="true"/>
                                <line number="341" hits="0" branch="true"/>
                                <line number="335" hits="1" branch="true"/>
                                <line number="337" hits="0" branch="true"/>
                                <line number="341" hits="0" branch="false"/>
                                <line number="339" hits="0" branch="true"/>
                            </lines>
                        </method>
                        <method name="FrogInterpreter/Value/add" signature="()V" line-rate="0.71" branch-rate="0.50" complexity="0">
                            <lines>
                                <line number="323" hits="1" branch="false"/>
                                <line number="324" hits="0" branch="false"/>
                                <line number="322" hits="1" branch="false"/>
                                <line number="323" hits="1" branch="false"/>
                                <line number="323" hits="1" branch="true"/>
                                <line number="323" hits="1" branch="false"/>
                                <line number="324" hits="0" branch="true"/>
                            </lines>
                        </method>
                        <method name="FrogInterpreter/Value/concat" signature="()V" line-rate="0.67" branch-rate="0.50" complexity="0">
                            <lines>
                                <line number="356" hits="1" branch="true"/>
                                <line number="356" hits="1" branch="false"/>
                                <line number="357" hits="0" branch="true"/>
                                <line number="356" hits="1" branch="false"/>
                                <line number="357" hits="0" branch="false"/>
                                <line number="355" hits="1" branch="false"/>
                            </lines>
                        </method>
                    </methods>
                    <lines>
                        <line number="351" hits="1" branch="false"/>
                        <line number="332" hits="0" branch="true"/>
                        <line number="334" hits="1" branch="false"/>
                        <line number="323" hits="1" branch="false"/>
                        <line number="327" hits="1" branch="true"/>
                        <line number="348" hits="1" branch="true"/>
                        <line number="336" hits="0" branch="true"/>
                        <line number="326" hits="1" branch="false"/>
                        <line number="347" hits="1" branch="false"/>
                        <line number="356" hits="1" branch="true"/>
                        <line number="344" hits="0" branch="true"/>
                        <line number="324" hits="0" branch="false"/>
                        <line number="327" hits="1" branch="false"/>
                        <line number="344" hits="0" branch="false"/>
                        <line number="356" hits="1" branch="false"/>
                        <line number="349" hits="0" branch="true"/>
                        <line number="338" hits="0" branch="true"/>
                        <line number="345" hits="0" branch="true"/>
                        <line number="352" hits="1" branch="false"/>
                        <line number="357" hits="0" branch="true"/>
                        <line number="322" hits="1" branch="false"/>
                        <line number="331" hits="1" branch="false"/>
                        <line number="341" hits="0" branch="true"/>
                        <line number="327" hits="1" branch="false"/>
                        <line number="332" hits="0" branch="false"/>
                        <line number="323" hits="1" branch="false"/>
                        <line number="353" hits="0" branch="true"/>
                        <line number="348" hits="1" branch="false"/>
                        <line number="335" hits="1" branch="true"/>
                        <line number="323" hits="1" branch="true"/>
                        <line number="328" hits="0" branch="true"/>
                        <line number="349" hits="0" branch="false"/>
                        <line number="356" hits="1" branch="false"/>
                        <line number="328" hits="0" branch="false"/>
                        <line number="330" hits="1" branch="false"/>
                        <line number="344" hits="0" branch="false"/>
                        <line number="323" hits="1" branch="false"/>
                        <line number="345" hits="0" branch="false"/>
                        <line number="331" hits="1" branch="false"/>
                        <line number="357" hits="0" branch="false"/>
                        <line number="337" hits="0" branch="true"/>
                        <line number="324" hits="0" branch="true"/>
                        <line number="352" hits="1" branch="false"/>
                        <line number="348" hits="1" branch="false"/>
                        <line number="353" hits="0" branch="false"/>
                        <line number="331" hits="1" branch="true"/>
                        <line number="341" hits="0" branch="false"/>
                        <line number="327" hits="1" branch="false"/>
                        <line number="352" hits="1" branch="true"/>
                        <line number="355" hits="1" branch="false"/>
                        <line number="339" hits="0" branch="true"/>
                        <line number="343" hits="0" branch="false"/>
                        <line number="331" hits="1" branch="false"/>
                    </lines>
</class>
                <class 
                name="FrogInterpreter.Typer" filename="FrogInterpreter/Typer.scala" line-rate="0.38" branch-rate="0.39" complexity="0">
                    <methods>
                        <method name="FrogInterpreter/Typer/$anonfun" signature="()V" line-rate="0.21" branch-rate="0.24" complexity="0">
                            <lines>
                                <line number="114" hits="0" branch="true"/>
                                <line number="316" hits="0" branch="false"/>
                                <line number="38" hits="1" branch="true"/>
                                <line number="300" hits="0" branch="false"/>
                                <line number="301" hits="0" branch="false"/>
                                <line number="328" hits="1" branch="false"/>
                                <line number="42" hits="0" branch="false"/>
                                <line number="16" hits="0" branch="false"/>
                                <line number="287" hits="1" branch="false"/>
                                <line number="176" hits="1" branch="false"/>
                                <line number="301" hits="0" branch="true"/>
                                <line number="148" hits="0" branch="false"/>
                                <line number="143" hits="0" branch="false"/>
                                <line number="412" hits="0" branch="false"/>
                                <line number="150" hits="0" branch="false"/>
                                <line number="177" hits="0" branch="false"/>
                                <line number="114" hits="0" branch="false"/>
                                <line number="115" hits="1" branch="true"/>
                                <line number="143" hits="0" branch="false"/>
                                <line number="412" hits="0" branch="false"/>
                                <line number="177" hits="0" branch="false"/>
                                <line number="87" hits="1" branch="false"/>
                                <line number="149" hits="0" branch="false"/>
                                <line number="411" hits="0" branch="false"/>
                                <line number="119" hits="0" branch="false"/>
                                <line number="144" hits="0" branch="true"/>
                                <line number="114" hits="0" branch="false"/>
                                <line number="149" hits="0" branch="true"/>
                                <line number="44" hits="0" branch="false"/>
                                <line number="301" hits="0" branch="false"/>
                                <line number="38" hits="1" branch="false"/>
                                <line number="177" hits="0" branch="false"/>
                                <line number="301" hits="0" branch="false"/>
                                <line number="177" hits="0" branch="true"/>
                                <line number="149" hits="0" branch="false"/>
                                <line number="412" hits="0" branch="true"/>
                                <line number="143" hits="0" branch="true"/>
                                <line number="410" hits="0" branch="false"/>
                                <line number="175" hits="1" branch="false"/>
                                <line number="142" hits="0" branch="false"/>
                                <line number="121" hits="1" branch="true"/>
                                <line number="147" hits="0" branch="true"/>
                                <line number="114" hits="0" branch="false"/>
                                <line number="176" hits="1" branch="true"/>
                                <line number="150" hits="0" branch="false"/>
                                <line number="411" hits="0" branch="true"/>
                                <line number="115" hits="1" branch="false"/>
                                <line number="301" hits="0" branch="false"/>
                                <line number="412" hits="0" branch="false"/>
                                <line number="143" hits="0" branch="false"/>
                                <line number="149" hits="0" branch="false"/>
                                <line number="114" hits="0" branch="false"/>
                                <line number="43" hits="0" branch="true"/>
                                <line number="117" hits="1" branch="false"/>
                                <line number="301" hits="0" branch="false"/>
                                <line number="176" hits="1" branch="false"/>
                                <line number="302" hits="0" branch="true"/>
                                <line number="37" hits="0" branch="true"/>
                                <line number="143" hits="0" branch="false"/>
                                <line number="412" hits="0" branch="false"/>
                                <line number="177" hits="0" branch="false"/>
                                <line number="149" hits="0" branch="false"/>
                                <line number="150" hits="0" branch="true"/>
                                <line number="143" hits="0" branch="false"/>
                                <line number="149" hits="0" branch="false"/>
                                <line number="113" hits="1" branch="false"/>
                                <line number="409" hits="0" branch="true"/>
                                <line number="177" hits="0" branch="false"/>
                                <line number="174" hits="1" branch="true"/>
                                <line number="412" hits="0" branch="false"/>
                                <line number="114" hits="0" branch="false"/>
                                <line number="119" hits="0" branch="true"/>
                                <line number="411" hits="0" branch="false"/>
                                <line number="150" hits="0" branch="false"/>
                                <line number="36" hits="1" branch="false"/>
                                <line number="44" hits="0" branch="true"/>
                            </lines>
                        </method>
                        <method name="FrogInterpreter/Typer/tyCheck" signature="()V" line-rate="0.67" branch-rate="0.67" complexity="0">
                            <lines>
                                <line number="134" hits="1" branch="true"/>
                                <line number="93" hits="1" branch="false"/>
                                <line number="101" hits="1" branch="false"/>
                                <line number="77" hits="1" branch="true"/>
                                <line number="111" hits="1" branch="false"/>
                                <line number="80" hits="1" branch="true"/>
                                <line number="64" hits="0" branch="false"/>
                                <line number="70" hits="1" branch="true"/>
                                <line number="123" hits="1" branch="true"/>
                                <line number="124" hits="1" branch="false"/>
                                <line number="61" hits="1" branch="false"/>
                                <line number="188" hits="0" branch="true"/>
                                <line number="63" hits="0" branch="true"/>
                                <line number="81" hits="0" branch="false"/>
                                <line number="86" hits="1" branch="true"/>
                                <line number="69" hits="1" branch="true"/>
                                <line number="168" hits="1" branch="false"/>
                                <line number="163" hits="0" branch="true"/>
                                <line number="179" hits="1" branch="false"/>
                                <line number="188" hits="0" branch="false"/>
                                <line number="155" hits="1" branch="true"/>
                                <line number="155" hits="1" branch="false"/>
                                <line number="167" hits="1" branch="false"/>
                                <line number="188" hits="0" branch="false"/>
                                <line number="156" hits="1" branch="false"/>
                                <line number="161" hits="1" branch="false"/>
                                <line number="135" hits="1" branch="false"/>
                                <line number="180" hits="0" branch="true"/>
                                <line number="113" hits="1" branch="true"/>
                                <line number="126" hits="1" branch="true"/>
                                <line number="169" hits="0" branch="true"/>
                                <line number="138" hits="1" branch="false"/>
                                <line number="125" hits="0" branch="false"/>
                                <line number="187" hits="1" branch="false"/>
                                <line number="167" hits="1" branch="false"/>
                                <line number="130" hits="1" branch="false"/>
                                <line number="101" hits="1" branch="false"/>
                                <line number="113" hits="1" branch="false"/>
                                <line number="156" hits="1" branch="true"/>
                                <line number="162" hits="1" branch="false"/>
                                <line number="64" hits="0" branch="false"/>
                                <line number="71" hits="0" branch="true"/>
                                <line number="81" hits="0" branch="false"/>
                                <line number="173" hits="1" branch="false"/>
                                <line number="94" hits="0" branch="false"/>
                                <line number="152" hits="0" branch="false"/>
                                <line number="80" hits="0" branch="true"/>
                                <line number="65" hits="0" branch="true"/>
                                <line number="75" hits="1" branch="false"/>
                                <line number="134" hits="1" branch="false"/>
                                <line number="140" hits="0" branch="false"/>
                                <line number="125" hits="0" branch="false"/>
                                <line number="102" hits="0" branch="true"/>
                                <line number="89" hits="1" branch="true"/>
                                <line number="97" hits="1" branch="false"/>
                                <line number="61" hits="1" branch="false"/>
                                <line number="110" hits="1" branch="false"/>
                                <line number="70" hits="1" branch="false"/>
                                <line number="64" hits="0" branch="false"/>
                                <line number="100" hits="1" branch="false"/>
                                <line number="84" hits="1" branch="false"/>
                                <line number="93" hits="1" branch="false"/>
                                <line number="78" hits="1" branch="false"/>
                                <line number="171" hits="1" branch="false"/>
                                <line number="162" hits="1" branch="false"/>
                                <line number="167" hits="1" branch="false"/>
                                <line number="188" hits="0" branch="false"/>
                                <line number="186" hits="1" branch="false"/>
                                <line number="168" hits="1" branch="false"/>
                                <line number="188" hits="0" branch="false"/>
                                <line number="57" hits="1" branch="false"/>
                                <line number="163" hits="0" branch="false"/>
                                <line number="140" hits="0" branch="true"/>
                                <line number="137" hits="1" branch="true"/>
                                <line number="157" hits="0" branch="true"/>
                                <line number="125" hits="0" branch="false"/>
                                <line number="130" hits="1" branch="true"/>
                                <line number="188" hits="0" branch="false"/>
                                <line number="88" hits="1" branch="true"/>
                                <line number="161" hits="1" branch="false"/>
                                <line number="126" hits="1" branch="false"/>
                                <line number="135" hits="1" branch="false"/>
                                <line number="180" hits="0" branch="false"/>
                                <line number="93" hits="1" branch="false"/>
                                <line number="97" hits="1" branch="true"/>
                                <line number="167" hits="1" branch="false"/>
                                <line number="169" hits="0" branch="false"/>
                                <line number="156" hits="1" branch="false"/>
                                <line number="77" hits="1" branch="false"/>
                                <line number="83" hits="1" branch="false"/>
                                <line number="110" hits="1" branch="true"/>
                                <line number="71" hits="0" branch="false"/>
[...]
                        <line number="468" hits="1" branch="false"/>
                        <line number="230" hits="1" branch="true"/>
                        <line number="236" hits="1" branch="false"/>
                        <line number="478" hits="0" branch="false"/>
                        <line number="283" hits="0" branch="false"/>
                        <line number="453" hits="1" branch="true"/>
                        <line number="461" hits="1" branch="false"/>
                        <line number="311" hits="0" branch="true"/>
                        <line number="485" hits="0" branch="true"/>
                        <line number="593" hits="0" branch="false"/>
                        <line number="306" hits="0" branch="true"/>
                        <line number="288" hits="0" branch="false"/>
                        <line number="446" hits="1" branch="true"/>
                        <line number="271" hits="1" branch="false"/>
                        <line number="421" hits="1" branch="false"/>
                        <line number="463" hits="0" branch="false"/>
                        <line number="469" hits="0" branch="true"/>
                        <line number="273" hits="1" branch="false"/>
                        <line number="278" hits="0" branch="false"/>
                        <line number="438" hits="1" branch="true"/>
                        <line number="258" hits="1" branch="true"/>
                        <line number="237" hits="0" branch="false"/>
                        <line number="266" hits="0" branch="false"/>
                        <line number="244" hits="0" branch="false"/>
                        <line number="429" hits="1" branch="false"/>
                        <line number="432" hits="0" branch="true"/>
                        <line number="417" hits="1" branch="false"/>
                        <line number="441" hits="0" branch="false"/>
                        <line number="490" hits="0" branch="false"/>
                        <line number="222" hits="0" branch="false"/>
                        <line number="249" hits="0" branch="true"/>
                        <line number="231" hits="1" branch="true"/>
                        <line number="400" hits="1" branch="false"/>
                        <line number="405" hits="0" branch="true"/>
                        <line number="454" hits="1" branch="true"/>
                        <line number="479" hits="0" branch="true"/>
                        <line number="458" hits="1" branch="false"/>
                        <line number="448" hits="1" branch="true"/>
                        <line number="384" hits="1" branch="false"/>
                        <line number="409" hits="1" branch="false"/>
                        <line number="391" hits="0" branch="false"/>
                        <line number="441" hits="0" branch="false"/>
                        <line number="396" hits="1" branch="true"/>
                        <line number="445" hits="1" branch="false"/>
                        <line number="447" hits="1" branch="true"/>
                        <line number="232" hits="0" branch="true"/>
                        <line number="454" hits="1" branch="true"/>
                        <line number="459" hits="0" branch="true"/>
                        <line number="380" hits="1" branch="false"/>
                        <line number="431" hits="1" branch="false"/>
                        <line number="430" hits="1" branch="true"/>
                        <line number="229" hits="1" branch="true"/>
                        <line number="418" hits="1" branch="false"/>
                        <line number="423" hits="1" branch="true"/>
                        <line number="402" hits="1" branch="false"/>
                        <line number="465" hits="1" branch="false"/>
                        <line number="473" hits="0" branch="true"/>
                        <line number="418" hits="1" branch="true"/>
                        <line number="425" hits="1" branch="true"/>
                        <line number="305" hits="0" branch="false"/>
                        <line number="397" hits="1" branch="true"/>
                        <line number="311" hits="0" branch="false"/>
                        <line number="406" hits="0" branch="false"/>
                        <line number="389" hits="1" branch="false"/>
                        <line number="413" hits="1" branch="true"/>
                        <line number="393" hits="1" branch="false"/>
                        <line number="587" hits="0" branch="false"/>
                        <line number="286" hits="0" branch="true"/>
                        <line number="297" hits="0" branch="true"/>
                        <line number="593" hits="0" branch="false"/>
                        <line number="382" hits="1" branch="false"/>
                        <line number="433" hits="0" branch="false"/>
                        <line number="438" hits="1" branch="false"/>
                        <line number="258" hits="1" branch="false"/>
                        <line number="308" hits="0" branch="false"/>
                        <line number="381" hits="1" branch="true"/>
                        <line number="272" hits="1" branch="true"/>
                        <line number="299" hits="1" branch="true"/>
                        <line number="289" hits="0" branch="false"/>
                        <line number="283" hits="0" branch="true"/>
                        <line number="388" hits="1" branch="true"/>
                        <line number="393" hits="1" branch="true"/>
                        <line number="375" hits="0" branch="true"/>
                        <line number="278" hits="0" branch="false"/>
                        <line number="595" hits="0" branch="false"/>
                        <line number="281" hits="0" branch="false"/>
                        <line number="266" hits="0" branch="false"/>
                        <line number="249" hits="0" branch="false"/>
                        <line number="298" hits="0" branch="false"/>
                        <line number="588" hits="0" branch="true"/>
                        <line number="279" hits="0" branch="false"/>
                        <line number="284" hits="0" branch="false"/>
                        <line number="454" hits="1" branch="true"/>
                        <line number="267" hits="0" branch="false"/>
                        <line number="244" hits="0" branch="true"/>
                        <line number="276" hits="1" branch="false"/>
                        <line number="232" hits="0" branch="false"/>
                        <line number="239" hits="1" branch="false"/>
                        <line number="459" hits="0" branch="false"/>
                        <line number="461" hits="1" branch="true"/>
                        <line number="261" hits="0" branch="false"/>
                        <line number="369" hits="1" branch="false"/>
                        <line number="252" hits="0" branch="true"/>
                        <line number="301" hits="1" branch="true"/>
                        <line number="597" hits="0" branch="false"/>
                        <line number="309" hits="0" branch="true"/>
                        <line number="290" hits="0" branch="true"/>
                        <line number="474" hits="0" branch="false"/>
                        <line number="481" hits="0" branch="true"/>
                        <line number="226" hits="0" branch="true"/>
                        <line number="245" hits="0" branch="true"/>
                        <line number="418" hits="1" branch="false"/>
                        <line number="475" hits="0" branch="true"/>
                        <line number="238" hits="1" branch="true"/>
                        <line number="277" hits="1" branch="false"/>
                        <line number="280" hits="0" branch="false"/>
                        <line number="455" hits="0" branch="true"/>
                        <line number="461" hits="1" branch="false"/>
                        <line number="446" hits="1" branch="false"/>
                        <line number="468" hits="1" branch="false"/>
                        <line number="262" hits="0" branch="true"/>
                        <line number="286" hits="0" branch="false"/>
                        <line number="270" hits="1" branch="true"/>
                        <line number="437" hits="1" branch="true"/>
                        <line number="442" hits="1" branch="false"/>
                        <line number="513" hits="1" branch="false"/>
                        <line number="230" hits="1" branch="false"/>
                        <line number="257" hits="0" branch="false"/>
                        <line number="236" hits="1" branch="false"/>
                        <line number="424" hits="1" branch="false"/>
                        <line number="433" hits="0" branch="false"/>
                        <line number="486" hits="0" branch="false"/>
                        <line number="451" hits="0" branch="true"/>
                        <line number="389" hits="1" branch="false"/>
                        <line number="416" hits="1" branch="false"/>
                        <line number="393" hits="1" branch="false"/>
                        <line number="382" hits="1" branch="false"/>
                        <line number="487" hits="0" branch="true"/>
                        <line number="231" hits="1" branch="false"/>
                        <line number="237" hits="0" branch="false"/>
                        <line number="406" hits="0" branch="false"/>
                        <line number="457" hits="1" branch="false"/>
                        <line number="462" hits="1" branch="true"/>
                        <line number="371" hits="1" branch="true"/>
                        <line number="400" hits="1" branch="false"/>
                        <line number="447" hits="1" branch="false"/>
                        <line number="433" hits="0" branch="false"/>
                        <line number="453" hits="1" branch="false"/>
                        <line number="441" hits="0" branch="false"/>
                        <line number="243" hits="0" branch="true"/>
                        <line number="421" hits="1" branch="false"/>
                        <line number="439" hits="1" branch="true"/>
                        <line number="429" hits="1" branch="false"/>
                        <line number="469" hits="0" branch="false"/>
                        <line number="480" hits="0" branch="false"/>
                        <line number="431" hits="1" branch="true"/>
                        <line number="441" hits="0" branch="false"/>
                        <line number="422" hits="1" branch="false"/>
                        <line number="430" hits="1" branch="false"/>
                        <line number="309" hits="0" branch="false"/>
                        <line number="402" hits="1" branch="false"/>
                        <line number="409" hits="1" branch="false"/>
                        <line number="417" hits="1" branch="true"/>
                        <line number="380" hits="1" branch="false"/>
                        <line number="384" hits="1" branch="false"/>
                        <line number="391" hits="0" branch="false"/>
                        <line number="392" hits="1" branch="true"/>
                        <line number="445" hits="1" branch="false"/>
                        <line number="449" hits="0" branch="true"/>
                        <line number="305" hits="0" branch="false"/>
                        <line number="379" hits="1" branch="true"/>
                        <line number="387" hits="1" branch="true"/>
                        <line number="270" hits="1" branch="false"/>
                        <line number="276" hits="1" branch="true"/>
                        <line number="401" hits="1" branch="true"/>
                        <line number="412" hits="1" branch="true"/>
                        <line number="310" hits="0" branch="true"/>
                        <line number="291" hits="0" branch="true"/>
                        <line number="298" hits="0" branch="false"/>
                        <line number="392" hits="1" branch="false"/>
                        <line number="398" hits="1" branch="false"/>
                        <line number="593" hits="0" branch="false"/>
                        <line number="279" hits="0" branch="true"/>
                        <line number="590" hits="0" branch="true"/>
                        <line number="284" hits="0" branch="true"/>
                        <line number="231" hits="1" branch="false"/>
                        <line number="300" hits="1" branch="false"/>
                        <line number="594" hits="0" branch="false"/>
                        <line number="280" hits="0" branch="true"/>
                        <line number="467" hits="1" branch="true"/>
                        <line number="271" hits="1" branch="false"/>
                        <line number="277" hits="1" branch="true"/>
                        <line number="236" hits="1" branch="true"/>
                        <line number="293" hits="0" branch="false"/>
                        <line number="263" hits="0" branch="true"/>
                        <line number="288" hits="0" branch="true"/>
                        <line number="249" hits="0" branch="false"/>
                        <line number="258" hits="1" branch="false"/>
                        <line number="307" hits="0" branch="false"/>
                        <line number="219" hits="1" branch="false"/>
                        <line number="477" hits="0" branch="true"/>
                        <line number="243" hits="0" branch="false"/>
                        <line number="488" hits="0" branch="false"/>
                        <line number="271" hits="1" branch="true"/>
                        <line number="252" hits="0" branch="false"/>
                        <line number="237" hits="0" branch="true"/>
                        <line number="482" hits="0" branch="false"/>
                        <line number="244" hits="0" branch="false"/>
                        <line number="298" hits="0" branch="false"/>
                        <line number="302" hits="1" branch="false"/>
                        <line number="458" hits="1" branch="true"/>
                        <line number="221" hits="0" branch="true"/>
                        <line number="463" hits="0" branch="true"/>
                        <line number="232" hits="0" branch="false"/>
                        <line number="465" hits="1" branch="true"/>
                        <line number="266" hits="0" branch="true"/>
                        <line number="290" hits="0" branch="false"/>
                        <line number="454" hits="1" branch="false"/>
                        <line number="441" hits="0" branch="false"/>
                        <line number="445" hits="1" branch="false"/>
                        <line number="261" hits="0" branch="false"/>
                        <line number="15" hits="1" branch="false"/>
                        <line number="434" hits="1" branch="true"/>
                        <line number="489" hits="0" branch="true"/>
                        <line number="589" hits="0" branch="false"/>
                        <line number="278" hits="0" branch="true"/>
                        <line number="597" hits="0" branch="false"/>
                        <line number="281" hits="0" branch="true"/>
                        <line number="449" hits="0" branch="false"/>
                        <line number="245" hits="0" branch="false"/>
                        <line number="418" hits="1" branch="false"/>
                        <line number="440" hits="0" branch="true"/>
                        <line number="235" hits="0" branch="true"/>
                        <line number="262" hits="0" branch="false"/>
                        <line number="239" hits="1" branch="false"/>
                        <line number="408" hits="1" branch="true"/>
                        <line number="476" hits="0" branch="false"/>
                        <line number="437" hits="1" branch="false"/>
                        <line number="483" hits="0" branch="true"/>
                        <line number="457" hits="1" branch="true"/>
                        <line number="508" hits="0" branch="false"/>
                        <line number="467" hits="1" branch="false"/>
                        <line number="230" hits="1" branch="false"/>
                        <line number="398" hits="1" branch="false"/>
                        <line number="402" hits="1" branch="false"/>
                        <line number="451" hits="0" branch="false"/>
                        <line number="455" hits="0" branch="false"/>
                        <line number="256" hits="0" branch="true"/>
                        <line number="390" hits="0" branch="true"/>
                        <line number="422" hits="1" branch="true"/>
                        <line number="445" hits="1" branch="true"/>
                        <line number="433" hits="0" branch="false"/>
                        <line number="457" hits="1" branch="false"/>
                        <line number="382" hits="1" branch="false"/>
                        <line number="389" hits="1" branch="false"/>
                        <line number="439" hits="1" branch="false"/>
                        <line number="442" hits="1" branch="true"/>
                        <line number="447" hits="1" branch="false"/>
                        <line number="415" hits="1" branch="false"/>
                        <line number="415" hits="1" branch="true"/>
                        <line number="406" hits="0" branch="false"/>
                        <line number="424" hits="1" branch="true"/>
                        <line number="433" hits="0" branch="false"/>
                        <line number="393" hits="1" branch="true"/>
                        <line number="400" hits="1" branch="false"/>
                        <line number="462" hits="1" branch="false"/>
                        <line number="453" hits="1" branch="false"/>
                    </lines>
</class>
                <class 
                name="FrogInterpreter.SymGenerator" filename="FrogInterpreter/Syntax.scala" line-rate="0.60" branch-rate="1.00" complexity="0">
                    <methods>
                        <method name="FrogInterpreter/SymGenerator/genVar" signature="()V" line-rate="1.00" branch-rate="1.00" complexity="0">
                            <lines>
                                <line number="130" hits="1" branch="false"/>
                                <line number="130" hits="1" branch="false"/>
                                <line number="129" hits="1" branch="false"/>
                            </lines>
                        </method>
                        <method 
                        name="FrogInterpreter/SymGenerator/freshVar" signature="()V" line-rate="0.00" branch-rate="0.00" complexity="0">
                            <lines>
                                <line number="135" hits="0" branch="false"/>
                                <line number="136" hits="0" branch="false"/>
                            </lines>
</method>
                    </methods>
                    <lines>
                        <line number="130" hits="1" branch="false"/>
                        <line number="135" hits="0" branch="false"/>
                        <line number="136" hits="0" branch="false"/>
                        <line number="130" hits="1" branch="false"/>
                        <line number="129" hits="1" branch="false"/>
                    </lines>
</class>
            </classes>
        </package>
    </packages>
</coverage>
